2022-10-07 11:32:09,786: INFO [C:\Users\elsto\Documents\GitHub\PowerPeg-SQL-to-CSV\project\PowerPeg-SQL-to-CSV\App-UI\Program.cs] - UI Application starting. 
2022-10-07 11:32:09,844: INFO [C:\Users\elsto\Documents\GitHub\PowerPeg-SQL-to-CSV\project\PowerPeg-SQL-to-CSV\App-UI\Program.cs] - UI Application started. 
2022-10-07 11:32:10,630: INFO [C:\Users\elsto\Documents\GitHub\PowerPeg-SQL-to-CSV\project\PowerPeg-SQL-to-CSV\App-UI\GlobalFunction.cs] - Initializing UI Application. 
2022-10-07 11:32:10,633: INFO [C:\Users\elsto\Documents\GitHub\PowerPeg-SQL-to-CSV\project\PowerPeg-SQL-to-CSV\App-UI\GlobalFunction.cs] - Loading HomeForm. 
2022-10-07 11:32:10,636: INFO [C:\Users\elsto\Documents\GitHub\PowerPeg-SQL-to-CSV\project\PowerPeg-SQL-to-CSV\App-UI\GlobalFunction.cs] - Starting background task. 
2022-10-07 11:32:10,787: DEBUG [C:\Users\elsto\Documents\GitHub\PowerPeg-SQL-to-CSV\project\PowerPeg-SQL-to-CSV\PowerPeg-SQL-to-CSV\Gateway\JSONGateway.cs] - JSON app data filepath C:\Users\elsto\Documents\GitHub\PowerPeg-SQL-to-CSV\project\PowerPeg-SQL-to-CSV\App-UI\bin\Release\net6.0-windows\scheduledTask.json, C:\Users\elsto\Documents\GitHub\PowerPeg-SQL-to-CSV\project\PowerPeg-SQL-to-CSV\App-UI\bin\Release\net6.0-windows\selectTable.json 
2022-10-07 11:32:10,792: INFO [C:\Users\elsto\Documents\GitHub\PowerPeg-SQL-to-CSV\project\PowerPeg-SQL-to-CSV\PowerPeg-SQL-to-CSV\Gateway\JSONGateway.cs] - Import tasklist data 
2022-10-07 11:32:10,861: INFO [C:\Users\elsto\Documents\GitHub\PowerPeg-SQL-to-CSV\project\PowerPeg-SQL-to-CSV\PowerPeg-SQL-to-CSV\Gateway\JSONGateway.cs] - Import Json data: C:\Users\elsto\Documents\GitHub\PowerPeg-SQL-to-CSV\project\PowerPeg-SQL-to-CSV\App-UI\bin\Release\net6.0-windows\scheduledTask.json 
2022-10-07 11:32:11,193: INFO [C:\Users\elsto\Documents\GitHub\PowerPeg-SQL-to-CSV\project\PowerPeg-SQL-to-CSV\PowerPeg-SQL-to-CSV\Gateway\JSONGateway.cs] - Finished import tasklist 
2022-10-07 11:32:11,197: INFO [C:\Users\elsto\Documents\GitHub\PowerPeg-SQL-to-CSV\project\PowerPeg-SQL-to-CSV\PowerPeg-SQL-to-CSV\Gateway\DatabaseGateway.cs] - Setup the Database gateway: Data Source=192.168.0.212\ION;Database=SYP_8F_AC_Plant_RM;User ID=EMSD;Password=Emsd$1234;Connect Timeout=30;Encrypt=False;TrustServerCertificate=False;ApplicationIntent=ReadWrite;MultiSubnetFailover=False 
2022-10-07 11:32:11,200: INFO [C:\Users\elsto\Documents\GitHub\PowerPeg-SQL-to-CSV\project\PowerPeg-SQL-to-CSV\PowerPeg-SQL-to-CSV\Gateway\JSONGateway.cs] - Import included table data 
2022-10-07 11:32:11,203: INFO [C:\Users\elsto\Documents\GitHub\PowerPeg-SQL-to-CSV\project\PowerPeg-SQL-to-CSV\PowerPeg-SQL-to-CSV\Gateway\JSONGateway.cs] - Import Json data: C:\Users\elsto\Documents\GitHub\PowerPeg-SQL-to-CSV\project\PowerPeg-SQL-to-CSV\App-UI\bin\Release\net6.0-windows\selectTable.json 
2022-10-07 11:32:11,226: INFO [C:\Users\elsto\Documents\GitHub\PowerPeg-SQL-to-CSV\project\PowerPeg-SQL-to-CSV\PowerPeg-SQL-to-CSV\Gateway\JSONGateway.cs] - Finished import included table 
2022-10-07 11:32:11,229: INFO [C:\Users\elsto\Documents\GitHub\PowerPeg-SQL-to-CSV\project\PowerPeg-SQL-to-CSV\PowerPeg-SQL-to-CSV\Gateway\DatabaseGateway.cs] - Setup the selected Database Table, number of tables: 102 
2022-10-07 11:32:11,231: DEBUG [C:\Users\elsto\Documents\GitHub\PowerPeg-SQL-to-CSV\project\PowerPeg-SQL-to-CSV\PowerPeg-SQL-to-CSV\MainFunction.cs] - Run startBackgroundJob 
2022-10-07 11:32:11,366: INFO [Quartz.Impl.StdSchedulerFactory] - Default Quartz.NET properties loaded from embedded resource file 
2022-10-07 11:32:11,481: DEBUG [Quartz.Simpl.TaskSchedulingThreadPool] - TaskSchedulingThreadPool configured with max concurrency of 10 and TaskScheduler ThreadPoolTaskScheduler. 
2022-10-07 11:32:11,531: INFO [Quartz.Core.SchedulerSignalerImpl] - Initialized Scheduler Signaller of type: Quartz.Core.SchedulerSignalerImpl 
2022-10-07 11:32:11,533: INFO [Quartz.Core.QuartzScheduler] - Quartz Scheduler created 
2022-10-07 11:32:11,537: INFO [Quartz.Simpl.RAMJobStore] - RAMJobStore initialized. 
2022-10-07 11:32:11,546: INFO [Quartz.Core.QuartzScheduler] - Scheduler meta-data: Quartz Scheduler (v3.4.0.0) 'DefaultQuartzScheduler' with instanceId 'NON_CLUSTERED'
  Scheduler class: 'Quartz.Core.QuartzScheduler' - running locally.
  NOT STARTED.
  Currently in standby mode.
  Number of jobs executed: 0
  Using thread pool 'Quartz.Simpl.DefaultThreadPool' - with 10 threads.
  Using job-store 'Quartz.Simpl.RAMJobStore' - which does not support persistence. and is not clustered.
 
2022-10-07 11:32:11,549: INFO [Quartz.Impl.StdSchedulerFactory] - Quartz scheduler 'DefaultQuartzScheduler' initialized 
2022-10-07 11:32:11,551: INFO [Quartz.Impl.StdSchedulerFactory] - Quartz scheduler version: 3.4.0.0 
2022-10-07 11:32:11,575: INFO [Quartz.Core.QuartzScheduler] - Scheduler DefaultQuartzScheduler_$_NON_CLUSTERED started. 
2022-10-07 11:32:11,580: INFO [C:\Users\elsto\Documents\GitHub\PowerPeg-SQL-to-CSV\project\PowerPeg-SQL-to-CSV\PowerPeg-SQL-to-CSV\ProcessTask\BackgroundScheduler.cs] - Background Scheduler is running 
2022-10-07 11:32:11,620: DEBUG [Quartz.Core.QuartzSchedulerThread] - Batch acquisition of 0 triggers 
2022-10-07 11:32:11,649: DEBUG [Quartz.Core.QuartzSchedulerThread] - Batch acquisition of 1 triggers 
2022-10-07 11:32:11,703: DEBUG [Quartz.Simpl.SimpleJobFactory] - Producing instance of Job 'DEFAULT.12987141-9212-453c-8686-1c9b9ac051c8', class=PowerPeg_SQL_to_CSV.ProcessTask.BackgroundJobScheduleTask 
2022-10-07 11:32:11,714: DEBUG [Quartz.Core.QuartzSchedulerThread] - Batch acquisition of 0 triggers 
2022-10-07 11:32:11,791: DEBUG [Quartz.Core.JobRunShell] - Calling Execute on job DEFAULT.12987141-9212-453c-8686-1c9b9ac051c8 
2022-10-07 11:32:11,825: INFO [C:\Users\elsto\Documents\GitHub\PowerPeg-SQL-to-CSV\project\PowerPeg-SQL-to-CSV\PowerPeg-SQL-to-CSV\ProcessTask\BackgroundJobScheduleTask.cs] - Backround job is created and running: DEFAULT.12987141-9212-453c-8686-1c9b9ac051c8, UTCFiretime: 10/7/2022 3:32:11 AM +00:00 
2022-10-07 11:32:11,832: INFO [C:\Users\elsto\Documents\GitHub\PowerPeg-SQL-to-CSV\project\PowerPeg-SQL-to-CSV\PowerPeg-SQL-to-CSV\Gateway\JSONGateway.cs] - Import tasklist data 
2022-10-07 11:32:11,838: INFO [C:\Users\elsto\Documents\GitHub\PowerPeg-SQL-to-CSV\project\PowerPeg-SQL-to-CSV\PowerPeg-SQL-to-CSV\Gateway\JSONGateway.cs] - Import Json data: C:\Users\elsto\Documents\GitHub\PowerPeg-SQL-to-CSV\project\PowerPeg-SQL-to-CSV\App-UI\bin\Release\net6.0-windows\scheduledTask.json 
2022-10-07 11:32:11,845: INFO [C:\Users\elsto\Documents\GitHub\PowerPeg-SQL-to-CSV\project\PowerPeg-SQL-to-CSV\PowerPeg-SQL-to-CSV\Gateway\JSONGateway.cs] - Finished import tasklist 
2022-10-07 11:32:11,851: INFO [C:\Users\elsto\Documents\GitHub\PowerPeg-SQL-to-CSV\project\PowerPeg-SQL-to-CSV\PowerPeg-SQL-to-CSV\ProcessTask\BackgroundJobScheduleTask.cs] - Finished background job, save the search task state 
2022-10-07 11:32:11,857: INFO [C:\Users\elsto\Documents\GitHub\PowerPeg-SQL-to-CSV\project\PowerPeg-SQL-to-CSV\PowerPeg-SQL-to-CSV\Gateway\JSONGateway.cs] - Update JSON tasklist data 
2022-10-07 11:32:11,867: DEBUG [C:\Users\elsto\Documents\GitHub\PowerPeg-SQL-to-CSV\project\PowerPeg-SQL-to-CSV\PowerPeg-SQL-to-CSV\Gateway\JSONGateway.cs] - Update JSON data: C:\Users\elsto\Documents\GitHub\PowerPeg-SQL-to-CSV\project\PowerPeg-SQL-to-CSV\App-UI\bin\Release\net6.0-windows\scheduledTask.json 
2022-10-07 11:32:11,922: DEBUG [Quartz.Core.JobRunShell] - Trigger instruction : NoInstruction 
2022-10-07 11:32:11,934: DEBUG [Quartz.Core.QuartzSchedulerThread] - Batch acquisition of 1 triggers 
2022-10-07 11:32:13,568: INFO [C:\Users\elsto\Documents\GitHub\PowerPeg-SQL-to-CSV\project\PowerPeg-SQL-to-CSV\App-UI\GlobalFunction.cs] - Stopping background task. 
2022-10-07 11:32:13,574: DEBUG [C:\Users\elsto\Documents\GitHub\PowerPeg-SQL-to-CSV\project\PowerPeg-SQL-to-CSV\PowerPeg-SQL-to-CSV\MainFunction.cs] - Run stopBackgroundJob 
2022-10-07 11:32:13,577: DEBUG [C:\Users\elsto\Documents\GitHub\PowerPeg-SQL-to-CSV\project\PowerPeg-SQL-to-CSV\PowerPeg-SQL-to-CSV\MainFunction.cs] - Have background task, stopping background task 
2022-10-07 11:32:13,586: INFO [C:\Users\elsto\Documents\GitHub\PowerPeg-SQL-to-CSV\project\PowerPeg-SQL-to-CSV\PowerPeg-SQL-to-CSV\ProcessTask\BackgroundScheduler.cs] - Scheduler Stopped 
2022-10-07 11:32:13,599: INFO [Quartz.Core.QuartzScheduler] - Scheduler DefaultQuartzScheduler_$_NON_CLUSTERED shutting down. 
2022-10-07 11:32:13,606: INFO [Quartz.Core.QuartzScheduler] - Scheduler DefaultQuartzScheduler_$_NON_CLUSTERED paused. 
2022-10-07 11:32:13,621: DEBUG [Quartz.Simpl.TaskSchedulingThreadPool] - Shutting down threadpool... 
2022-10-07 11:32:13,623: DEBUG [Quartz.Simpl.TaskSchedulingThreadPool] - Waiting for 0 threads to complete. 
2022-10-07 11:32:13,626: DEBUG [Quartz.Simpl.TaskSchedulingThreadPool] - No executing jobs remaining, all threads stopped. 
2022-10-07 11:32:13,626: INFO [C:\Users\elsto\Documents\GitHub\PowerPeg-SQL-to-CSV\project\PowerPeg-SQL-to-CSV\App-UI\GlobalFunction.cs] - Starting background task. 
2022-10-07 11:32:13,630: DEBUG [Quartz.Simpl.TaskSchedulingThreadPool] - Shutdown of threadpool complete. 
2022-10-07 11:32:13,644: INFO [Quartz.Core.QuartzScheduler] - Scheduler DefaultQuartzScheduler_$_NON_CLUSTERED Shutdown complete. 
2022-10-07 11:32:13,690: INFO [C:\Users\elsto\Documents\GitHub\PowerPeg-SQL-to-CSV\project\PowerPeg-SQL-to-CSV\App-UI\GlobalFunction.cs] - Loading ChangeScheduleGeneration. 
2022-10-07 11:32:13,775: INFO [C:\Users\elsto\Documents\GitHub\PowerPeg-SQL-to-CSV\project\PowerPeg-SQL-to-CSV\App-UI\GlobalFunction.cs] - Loading Database information. 
2022-10-07 11:32:13,864: INFO [C:\Users\elsto\Documents\GitHub\PowerPeg-SQL-to-CSV\project\PowerPeg-SQL-to-CSV\App-UI\GlobalFunction.cs] - Loading current scheduled tasklist. 
2022-10-07 11:32:15,343: INFO [C:\Users\elsto\Documents\GitHub\PowerPeg-SQL-to-CSV\project\PowerPeg-SQL-to-CSV\App-UI\GlobalFunction.cs] - Requesting to create new schedule task. 
2022-10-07 11:32:15,617: INFO [C:\Users\elsto\Documents\GitHub\PowerPeg-SQL-to-CSV\project\PowerPeg-SQL-to-CSV\App-UI\GlobalFunction.cs] - Loading CreateNewTask. 
2022-10-07 11:32:16,695: DEBUG [C:\Users\elsto\Documents\GitHub\PowerPeg-SQL-to-CSV\project\PowerPeg-SQL-to-CSV\PowerPeg-SQL-to-CSV\MainFunction.cs] - Mode list: IMode, InstantMode, MonthMode, TestMode 
2022-10-07 11:32:16,846: INFO [C:\Users\elsto\Documents\GitHub\PowerPeg-SQL-to-CSV\project\PowerPeg-SQL-to-CSV\App-UI\GlobalFunction.cs] - User creating form 
2022-10-07 11:32:20,754: INFO [C:\Users\elsto\Documents\GitHub\PowerPeg-SQL-to-CSV\project\PowerPeg-SQL-to-CSV\App-UI\GlobalFunction.cs] - ProcessingApp_UI.CreateNewTask 
2022-10-07 11:32:20,762: DEBUG [C:\Users\elsto\Documents\GitHub\PowerPeg-SQL-to-CSV\project\PowerPeg-SQL-to-CSV\App-UI\GlobalFunction.cs] - System get the default path info. 
2022-10-07 11:32:22,107: DEBUG [C:\Users\elsto\Documents\GitHub\PowerPeg-SQL-to-CSV\project\PowerPeg-SQL-to-CSV\App-UI\GlobalFunction.cs] - Try path info. 
2022-10-07 11:32:22,113: DEBUG [C:\Users\elsto\Documents\GitHub\PowerPeg-SQL-to-CSV\project\PowerPeg-SQL-to-CSV\PowerPeg-SQL-to-CSV\MainFunction.cs] - Run CreateTask 
2022-10-07 11:32:22,117: DEBUG [C:\Users\elsto\Documents\GitHub\PowerPeg-SQL-to-CSV\project\PowerPeg-SQL-to-CSV\PowerPeg-SQL-to-CSV\MainFunction.cs] - Run CreateMode 
2022-10-07 11:32:22,133: DEBUG [C:\Users\elsto\Documents\GitHub\PowerPeg-SQL-to-CSV\project\PowerPeg-SQL-to-CSV\PowerPeg-SQL-to-CSV\SearchTask.cs] - Created search classTest_2022-10-07_11-32-22,C:\Users\elsto\Downloads\PowerPeg-SQL-CSV\AutoGeneration\,MonthMode,Monday,0,* 
2022-10-07 11:32:23,423: INFO [C:\Users\elsto\Documents\GitHub\PowerPeg-SQL-to-CSV\project\PowerPeg-SQL-to-CSV\App-UI\GlobalFunction.cs] - User confirm the settings, now run task. 
2022-10-07 11:32:23,427: DEBUG [C:\Users\elsto\Documents\GitHub\PowerPeg-SQL-to-CSV\project\PowerPeg-SQL-to-CSV\PowerPeg-SQL-to-CSV\MainFunction.cs] - Run addScheduleTask 
2022-10-07 11:32:23,430: INFO [C:\Users\elsto\Documents\GitHub\PowerPeg-SQL-to-CSV\project\PowerPeg-SQL-to-CSV\PowerPeg-SQL-to-CSV\Gateway\JSONGateway.cs] - Update JSON tasklist data 
2022-10-07 11:32:23,433: DEBUG [C:\Users\elsto\Documents\GitHub\PowerPeg-SQL-to-CSV\project\PowerPeg-SQL-to-CSV\PowerPeg-SQL-to-CSV\Gateway\JSONGateway.cs] - Update JSON data: C:\Users\elsto\Documents\GitHub\PowerPeg-SQL-to-CSV\project\PowerPeg-SQL-to-CSV\App-UI\bin\Release\net6.0-windows\scheduledTask.json 
2022-10-07 11:32:25,043: INFO [C:\Users\elsto\Documents\GitHub\PowerPeg-SQL-to-CSV\project\PowerPeg-SQL-to-CSV\App-UI\GlobalFunction.cs] - Finished schedule task setup. 
2022-10-07 11:32:25,816: INFO [C:\Users\elsto\Documents\GitHub\PowerPeg-SQL-to-CSV\project\PowerPeg-SQL-to-CSV\App-UI\GlobalFunction.cs] - Cancel and back to previous page. 
2022-10-07 11:32:26,163: INFO [C:\Users\elsto\Documents\GitHub\PowerPeg-SQL-to-CSV\project\PowerPeg-SQL-to-CSV\App-UI\GlobalFunction.cs] - Loading current scheduled tasklist. 
2022-10-07 11:32:27,697: INFO [C:\Users\elsto\Documents\GitHub\PowerPeg-SQL-to-CSV\project\PowerPeg-SQL-to-CSV\App-UI\GlobalFunction.cs] - Requesting to update existing schedule task setting. 
2022-10-07 11:32:27,859: INFO [C:\Users\elsto\Documents\GitHub\PowerPeg-SQL-to-CSV\project\PowerPeg-SQL-to-CSV\App-UI\GlobalFunction.cs] - Loading ChangeTaskSetting. 
2022-10-07 11:32:28,002: DEBUG [C:\Users\elsto\Documents\GitHub\PowerPeg-SQL-to-CSV\project\PowerPeg-SQL-to-CSV\PowerPeg-SQL-to-CSV\MainFunction.cs] - Mode list: IMode, InstantMode, MonthMode, TestMode 
2022-10-07 11:32:28,072: INFO [C:\Users\elsto\Documents\GitHub\PowerPeg-SQL-to-CSV\project\PowerPeg-SQL-to-CSV\App-UI\GlobalFunction.cs] - User creating form 
2022-10-07 12:11:30,195: INFO [C:\Users\elsto\Documents\GitHub\PowerPeg-SQL-to-CSV\project\PowerPeg-SQL-to-CSV\App-UI\GlobalFunction.cs] - Back to previous page. 
2022-10-07 12:11:30,512: INFO [C:\Users\elsto\Documents\GitHub\PowerPeg-SQL-to-CSV\project\PowerPeg-SQL-to-CSV\App-UI\GlobalFunction.cs] - Loading current scheduled tasklist. 
2022-10-07 12:11:31,542: INFO [C:\Users\elsto\Documents\GitHub\PowerPeg-SQL-to-CSV\project\PowerPeg-SQL-to-CSV\App-UI\GlobalFunction.cs] - Close ChnageSchedukeGeneration and Go back to previous page. 
2022-10-07 12:11:31,796: INFO [C:\Users\elsto\Documents\GitHub\PowerPeg-SQL-to-CSV\project\PowerPeg-SQL-to-CSV\App-UI\GlobalFunction.cs] - Showing background task. 
2022-10-07 12:11:32,479: INFO [C:\Users\elsto\Documents\GitHub\PowerPeg-SQL-to-CSV\project\PowerPeg-SQL-to-CSV\App-UI\GlobalFunction.cs] - Restarting background task. 
2022-10-07 12:11:32,487: DEBUG [C:\Users\elsto\Documents\GitHub\PowerPeg-SQL-to-CSV\project\PowerPeg-SQL-to-CSV\PowerPeg-SQL-to-CSV\MainFunction.cs] - Run startBackgroundJob 
2022-10-07 12:11:32,497: INFO [Quartz.Impl.StdSchedulerFactory] - Default Quartz.NET properties loaded from embedded resource file 
2022-10-07 12:11:32,513: DEBUG [Quartz.Simpl.TaskSchedulingThreadPool] - TaskSchedulingThreadPool configured with max concurrency of 10 and TaskScheduler ThreadPoolTaskScheduler. 
2022-10-07 12:11:32,528: INFO [Quartz.Core.SchedulerSignalerImpl] - Initialized Scheduler Signaller of type: Quartz.Core.SchedulerSignalerImpl 
2022-10-07 12:11:32,605: INFO [Quartz.Core.QuartzScheduler] - Quartz Scheduler created 
2022-10-07 12:11:32,634: INFO [Quartz.Simpl.RAMJobStore] - RAMJobStore initialized. 
2022-10-07 12:11:32,652: INFO [Quartz.Core.QuartzScheduler] - Scheduler meta-data: Quartz Scheduler (v3.4.0.0) 'DefaultQuartzScheduler' with instanceId 'NON_CLUSTERED'
  Scheduler class: 'Quartz.Core.QuartzScheduler' - running locally.
  NOT STARTED.
  Currently in standby mode.
  Number of jobs executed: 0
  Using thread pool 'Quartz.Simpl.DefaultThreadPool' - with 10 threads.
  Using job-store 'Quartz.Simpl.RAMJobStore' - which does not support persistence. and is not clustered.
 
2022-10-07 12:11:32,660: INFO [Quartz.Impl.StdSchedulerFactory] - Quartz scheduler 'DefaultQuartzScheduler' initialized 
2022-10-07 12:11:32,669: INFO [Quartz.Impl.StdSchedulerFactory] - Quartz scheduler version: 3.4.0.0 
2022-10-07 12:11:32,677: INFO [Quartz.Core.QuartzScheduler] - Scheduler DefaultQuartzScheduler_$_NON_CLUSTERED started. 
2022-10-07 12:11:32,677: DEBUG [Quartz.Core.QuartzSchedulerThread] - Batch acquisition of 0 triggers 
2022-10-07 12:11:32,691: INFO [C:\Users\elsto\Documents\GitHub\PowerPeg-SQL-to-CSV\project\PowerPeg-SQL-to-CSV\PowerPeg-SQL-to-CSV\ProcessTask\BackgroundScheduler.cs] - Background Scheduler is running 
2022-10-07 12:11:32,701: DEBUG [Quartz.Core.QuartzSchedulerThread] - Batch acquisition of 1 triggers 
2022-10-07 12:11:32,709: DEBUG [Quartz.Simpl.SimpleJobFactory] - Producing instance of Job 'DEFAULT.1eee18b9-e832-4655-93d1-4a0dff9f4c50', class=PowerPeg_SQL_to_CSV.ProcessTask.BackgroundJobScheduleTask 
2022-10-07 12:11:32,716: DEBUG [Quartz.Core.QuartzSchedulerThread] - Batch acquisition of 0 triggers 
2022-10-07 12:11:32,727: DEBUG [Quartz.Core.JobRunShell] - Calling Execute on job DEFAULT.1eee18b9-e832-4655-93d1-4a0dff9f4c50 
2022-10-07 12:11:32,751: INFO [C:\Users\elsto\Documents\GitHub\PowerPeg-SQL-to-CSV\project\PowerPeg-SQL-to-CSV\PowerPeg-SQL-to-CSV\ProcessTask\BackgroundJobScheduleTask.cs] - Backround job is created and running: DEFAULT.1eee18b9-e832-4655-93d1-4a0dff9f4c50, UTCFiretime: 10/7/2022 4:11:32 AM +00:00 
2022-10-07 12:11:32,762: INFO [C:\Users\elsto\Documents\GitHub\PowerPeg-SQL-to-CSV\project\PowerPeg-SQL-to-CSV\PowerPeg-SQL-to-CSV\Gateway\JSONGateway.cs] - Import tasklist data 
2022-10-07 12:11:32,769: INFO [C:\Users\elsto\Documents\GitHub\PowerPeg-SQL-to-CSV\project\PowerPeg-SQL-to-CSV\PowerPeg-SQL-to-CSV\Gateway\JSONGateway.cs] - Import Json data: C:\Users\elsto\Documents\GitHub\PowerPeg-SQL-to-CSV\project\PowerPeg-SQL-to-CSV\App-UI\bin\Release\net6.0-windows\scheduledTask.json 
2022-10-07 12:11:32,911: DEBUG [C:\Users\elsto\Documents\GitHub\PowerPeg-SQL-to-CSV\project\PowerPeg-SQL-to-CSV\PowerPeg-SQL-to-CSV\SearchTask.cs] - Created search class_2022-10-07_12-11-32,C:\Users\elsto\Downloads\PowerPeg-SQL-CSV\AutoGeneration\,MonthMode,Monday,0,* 
2022-10-07 12:11:32,916: INFO [C:\Users\elsto\Documents\GitHub\PowerPeg-SQL-to-CSV\project\PowerPeg-SQL-to-CSV\PowerPeg-SQL-to-CSV\Gateway\JSONGateway.cs] - Finished import tasklist 
2022-10-07 12:11:32,920: DEBUG [C:\Users\elsto\Documents\GitHub\PowerPeg-SQL-to-CSV\project\PowerPeg-SQL-to-CSV\PowerPeg-SQL-to-CSV\ProcessTask\BackgroundJobScheduleTask.cs] - Background job process search task of Test_2022-10-07_11-32-22 
2022-10-07 12:11:32,924: INFO [C:\Users\elsto\Documents\GitHub\PowerPeg-SQL-to-CSV\project\PowerPeg-SQL-to-CSV\PowerPeg-SQL-to-CSV\SearchTask.cs] - Runing search on Test_2022-10-07_11-32-22 
2022-10-07 12:11:32,930: INFO [C:\Users\elsto\Documents\GitHub\PowerPeg-SQL-to-CSV\project\PowerPeg-SQL-to-CSV\PowerPeg-SQL-to-CSV\Mode\MonthMode.cs] - Trigger month mode search: MonthMode, Monday, 0, * 
2022-10-07 12:11:32,944: INFO [C:\Users\elsto\Documents\GitHub\PowerPeg-SQL-to-CSV\project\PowerPeg-SQL-to-CSV\PowerPeg-SQL-to-CSV\Mode\MonthMode.cs] - No run search - last run time: 10/7/2022 11:32:22 AM, next run time: 11/7/2022 12:00:00 AM days, trigger day of week: Monday, current hour: 12 vs trigger hour: 0  
2022-10-07 12:11:32,947: INFO [C:\Users\elsto\Documents\GitHub\PowerPeg-SQL-to-CSV\project\PowerPeg-SQL-to-CSV\PowerPeg-SQL-to-CSV\SearchTask.cs] - No need to store the search task to CSV file: Test_2022-10-07_11-32-22 
2022-10-07 12:11:32,950: INFO [C:\Users\elsto\Documents\GitHub\PowerPeg-SQL-to-CSV\project\PowerPeg-SQL-to-CSV\PowerPeg-SQL-to-CSV\ProcessTask\BackgroundJobScheduleTask.cs] - Finished background job, save the search task state 
2022-10-07 12:11:32,953: INFO [C:\Users\elsto\Documents\GitHub\PowerPeg-SQL-to-CSV\project\PowerPeg-SQL-to-CSV\PowerPeg-SQL-to-CSV\Gateway\JSONGateway.cs] - Update JSON tasklist data 
2022-10-07 12:11:32,957: DEBUG [C:\Users\elsto\Documents\GitHub\PowerPeg-SQL-to-CSV\project\PowerPeg-SQL-to-CSV\PowerPeg-SQL-to-CSV\Gateway\JSONGateway.cs] - Update JSON data: C:\Users\elsto\Documents\GitHub\PowerPeg-SQL-to-CSV\project\PowerPeg-SQL-to-CSV\App-UI\bin\Release\net6.0-windows\scheduledTask.json 
2022-10-07 12:11:32,970: DEBUG [Quartz.Core.JobRunShell] - Trigger instruction : NoInstruction 
2022-10-07 12:11:32,977: DEBUG [Quartz.Core.QuartzSchedulerThread] - Batch acquisition of 1 triggers 
2022-10-07 12:11:34,346: INFO [C:\Users\elsto\Documents\GitHub\PowerPeg-SQL-to-CSV\project\PowerPeg-SQL-to-CSV\App-UI\GlobalFunction.cs] - User request the closing of application. 
2022-10-07 12:11:36,114: INFO [C:\Users\elsto\Documents\GitHub\PowerPeg-SQL-to-CSV\project\PowerPeg-SQL-to-CSV\App-UI\GlobalFunction.cs] - Closing background task. 
2022-10-07 12:11:36,120: DEBUG [C:\Users\elsto\Documents\GitHub\PowerPeg-SQL-to-CSV\project\PowerPeg-SQL-to-CSV\PowerPeg-SQL-to-CSV\MainFunction.cs] - Run stopBackgroundJob 
2022-10-07 12:11:36,126: DEBUG [C:\Users\elsto\Documents\GitHub\PowerPeg-SQL-to-CSV\project\PowerPeg-SQL-to-CSV\PowerPeg-SQL-to-CSV\MainFunction.cs] - Have background task, stopping background task 
2022-10-07 12:11:36,133: INFO [C:\Users\elsto\Documents\GitHub\PowerPeg-SQL-to-CSV\project\PowerPeg-SQL-to-CSV\PowerPeg-SQL-to-CSV\ProcessTask\BackgroundScheduler.cs] - Scheduler Stopped 
2022-10-07 12:11:36,140: INFO [Quartz.Core.QuartzScheduler] - Scheduler DefaultQuartzScheduler_$_NON_CLUSTERED shutting down. 
2022-10-07 12:11:36,147: INFO [Quartz.Core.QuartzScheduler] - Scheduler DefaultQuartzScheduler_$_NON_CLUSTERED paused. 
2022-10-07 12:11:36,157: DEBUG [Quartz.Simpl.TaskSchedulingThreadPool] - Shutting down threadpool... 
2022-10-07 12:11:36,164: DEBUG [Quartz.Simpl.TaskSchedulingThreadPool] - Waiting for 0 threads to complete. 
2022-10-07 12:11:36,170: DEBUG [Quartz.Simpl.TaskSchedulingThreadPool] - No executing jobs remaining, all threads stopped. 
2022-10-07 12:11:36,176: DEBUG [Quartz.Simpl.TaskSchedulingThreadPool] - Shutdown of threadpool complete. 
2022-10-07 12:11:36,182: INFO [Quartz.Core.QuartzScheduler] - Scheduler DefaultQuartzScheduler_$_NON_CLUSTERED Shutdown complete. 
2022-10-07 12:11:39,177: INFO [C:\Users\elsto\Documents\GitHub\PowerPeg-SQL-to-CSV\project\PowerPeg-SQL-to-CSV\App-UI\GlobalFunction.cs] - Appication closing. 
2022-10-07 12:11:39,428: INFO [C:\Users\elsto\Documents\GitHub\PowerPeg-SQL-to-CSV\project\PowerPeg-SQL-to-CSV\App-UI\Program.cs] - UI Application shut down. 
2022-10-07 12:54:07,393: INFO [C:\Users\elsto\Documents\GitHub\PowerPeg-SQL-to-CSV\project\PowerPeg-SQL-to-CSV\App-UI\Program.cs] - UI Application starting. 
2022-10-07 12:54:07,427: INFO [C:\Users\elsto\Documents\GitHub\PowerPeg-SQL-to-CSV\project\PowerPeg-SQL-to-CSV\App-UI\Program.cs] - UI Application started. 
2022-10-07 12:54:08,161: INFO [C:\Users\elsto\Documents\GitHub\PowerPeg-SQL-to-CSV\project\PowerPeg-SQL-to-CSV\App-UI\GlobalFunction.cs] - Initializing UI Application. 
2022-10-07 12:54:08,164: INFO [C:\Users\elsto\Documents\GitHub\PowerPeg-SQL-to-CSV\project\PowerPeg-SQL-to-CSV\App-UI\GlobalFunction.cs] - Loading HomeForm. 
2022-10-07 12:54:08,166: INFO [C:\Users\elsto\Documents\GitHub\PowerPeg-SQL-to-CSV\project\PowerPeg-SQL-to-CSV\App-UI\GlobalFunction.cs] - Starting background task. 
2022-10-07 12:54:08,186: DEBUG [C:\Users\elsto\Documents\GitHub\PowerPeg-SQL-to-CSV\project\PowerPeg-SQL-to-CSV\PowerPeg-SQL-to-CSV\Gateway\JSONGateway.cs] - JSON app data filepath C:\Users\elsto\Documents\GitHub\PowerPeg-SQL-to-CSV\project\PowerPeg-SQL-to-CSV\App-UI\bin\Release\net6.0-windows\scheduledTask.json, C:\Users\elsto\Documents\GitHub\PowerPeg-SQL-to-CSV\project\PowerPeg-SQL-to-CSV\App-UI\bin\Release\net6.0-windows\selectTable.json 
2022-10-07 12:54:08,190: INFO [C:\Users\elsto\Documents\GitHub\PowerPeg-SQL-to-CSV\project\PowerPeg-SQL-to-CSV\PowerPeg-SQL-to-CSV\Gateway\JSONGateway.cs] - Import tasklist data 
2022-10-07 12:54:08,213: INFO [C:\Users\elsto\Documents\GitHub\PowerPeg-SQL-to-CSV\project\PowerPeg-SQL-to-CSV\PowerPeg-SQL-to-CSV\Gateway\JSONGateway.cs] - Import Json data: C:\Users\elsto\Documents\GitHub\PowerPeg-SQL-to-CSV\project\PowerPeg-SQL-to-CSV\App-UI\bin\Release\net6.0-windows\scheduledTask.json 
2022-10-07 12:54:08,705: DEBUG [C:\Users\elsto\Documents\GitHub\PowerPeg-SQL-to-CSV\project\PowerPeg-SQL-to-CSV\PowerPeg-SQL-to-CSV\SearchTask.cs] - Created search class_2022-10-07_12-54-08,C:\Users\elsto\Downloads\PowerPeg-SQL-CSV\AutoGeneration\,MonthMode,Monday,0,* 
2022-10-07 12:54:08,710: INFO [C:\Users\elsto\Documents\GitHub\PowerPeg-SQL-to-CSV\project\PowerPeg-SQL-to-CSV\PowerPeg-SQL-to-CSV\Gateway\JSONGateway.cs] - Finished import tasklist 
2022-10-07 12:54:08,714: INFO [C:\Users\elsto\Documents\GitHub\PowerPeg-SQL-to-CSV\project\PowerPeg-SQL-to-CSV\PowerPeg-SQL-to-CSV\Gateway\DatabaseGateway.cs] - Setup the Database gateway: Data Source=192.168.0.212\ION;Database=SYP_8F_AC_Plant_RM;User ID=EMSD;Password=Emsd$1234;Connect Timeout=30;Encrypt=False;TrustServerCertificate=False;ApplicationIntent=ReadWrite;MultiSubnetFailover=False 
2022-10-07 12:54:08,720: INFO [C:\Users\elsto\Documents\GitHub\PowerPeg-SQL-to-CSV\project\PowerPeg-SQL-to-CSV\PowerPeg-SQL-to-CSV\Gateway\JSONGateway.cs] - Import included table data 
2022-10-07 12:54:08,722: INFO [C:\Users\elsto\Documents\GitHub\PowerPeg-SQL-to-CSV\project\PowerPeg-SQL-to-CSV\PowerPeg-SQL-to-CSV\Gateway\JSONGateway.cs] - Import Json data: C:\Users\elsto\Documents\GitHub\PowerPeg-SQL-to-CSV\project\PowerPeg-SQL-to-CSV\App-UI\bin\Release\net6.0-windows\selectTable.json 
2022-10-07 12:54:08,727: INFO [C:\Users\elsto\Documents\GitHub\PowerPeg-SQL-to-CSV\project\PowerPeg-SQL-to-CSV\PowerPeg-SQL-to-CSV\Gateway\JSONGateway.cs] - Finished import included table 
2022-10-07 12:54:08,730: INFO [C:\Users\elsto\Documents\GitHub\PowerPeg-SQL-to-CSV\project\PowerPeg-SQL-to-CSV\PowerPeg-SQL-to-CSV\Gateway\DatabaseGateway.cs] - Setup the selected Database Table, number of tables: 102 
2022-10-07 12:54:08,733: DEBUG [C:\Users\elsto\Documents\GitHub\PowerPeg-SQL-to-CSV\project\PowerPeg-SQL-to-CSV\PowerPeg-SQL-to-CSV\MainFunction.cs] - Run startBackgroundJob 
2022-10-07 12:54:08,861: INFO [Quartz.Impl.StdSchedulerFactory] - Default Quartz.NET properties loaded from embedded resource file 
2022-10-07 12:54:08,995: DEBUG [Quartz.Simpl.TaskSchedulingThreadPool] - TaskSchedulingThreadPool configured with max concurrency of 10 and TaskScheduler ThreadPoolTaskScheduler. 
2022-10-07 12:54:09,097: INFO [Quartz.Core.SchedulerSignalerImpl] - Initialized Scheduler Signaller of type: Quartz.Core.SchedulerSignalerImpl 
2022-10-07 12:54:09,101: INFO [Quartz.Core.QuartzScheduler] - Quartz Scheduler created 
2022-10-07 12:54:09,117: INFO [Quartz.Simpl.RAMJobStore] - RAMJobStore initialized. 
2022-10-07 12:54:09,130: INFO [Quartz.Core.QuartzScheduler] - Scheduler meta-data: Quartz Scheduler (v3.4.0.0) 'DefaultQuartzScheduler' with instanceId 'NON_CLUSTERED'
  Scheduler class: 'Quartz.Core.QuartzScheduler' - running locally.
  NOT STARTED.
  Currently in standby mode.
  Number of jobs executed: 0
  Using thread pool 'Quartz.Simpl.DefaultThreadPool' - with 10 threads.
  Using job-store 'Quartz.Simpl.RAMJobStore' - which does not support persistence. and is not clustered.
 
2022-10-07 12:54:09,134: INFO [Quartz.Impl.StdSchedulerFactory] - Quartz scheduler 'DefaultQuartzScheduler' initialized 
2022-10-07 12:54:09,138: INFO [Quartz.Impl.StdSchedulerFactory] - Quartz scheduler version: 3.4.0.0 
2022-10-07 12:54:09,172: INFO [Quartz.Core.QuartzScheduler] - Scheduler DefaultQuartzScheduler_$_NON_CLUSTERED started. 
2022-10-07 12:54:09,176: INFO [C:\Users\elsto\Documents\GitHub\PowerPeg-SQL-to-CSV\project\PowerPeg-SQL-to-CSV\PowerPeg-SQL-to-CSV\ProcessTask\BackgroundScheduler.cs] - Background Scheduler is running 
2022-10-07 12:54:09,238: DEBUG [Quartz.Core.QuartzSchedulerThread] - Batch acquisition of 0 triggers 
2022-10-07 12:54:09,268: DEBUG [Quartz.Core.QuartzSchedulerThread] - Batch acquisition of 1 triggers 
2022-10-07 12:54:09,336: DEBUG [Quartz.Simpl.SimpleJobFactory] - Producing instance of Job 'DEFAULT.2711333f-67a7-43b9-b8bc-2937f8e8f186', class=PowerPeg_SQL_to_CSV.ProcessTask.BackgroundJobScheduleTask 
2022-10-07 12:54:09,351: DEBUG [Quartz.Core.QuartzSchedulerThread] - Batch acquisition of 0 triggers 
2022-10-07 12:54:09,429: DEBUG [Quartz.Core.JobRunShell] - Calling Execute on job DEFAULT.2711333f-67a7-43b9-b8bc-2937f8e8f186 
2022-10-07 12:54:09,450: INFO [C:\Users\elsto\Documents\GitHub\PowerPeg-SQL-to-CSV\project\PowerPeg-SQL-to-CSV\PowerPeg-SQL-to-CSV\ProcessTask\BackgroundJobScheduleTask.cs] - Backround job is created and running: DEFAULT.2711333f-67a7-43b9-b8bc-2937f8e8f186, UTCFiretime: 10/7/2022 4:54:09 AM +00:00 
2022-10-07 12:54:09,460: INFO [C:\Users\elsto\Documents\GitHub\PowerPeg-SQL-to-CSV\project\PowerPeg-SQL-to-CSV\PowerPeg-SQL-to-CSV\Gateway\JSONGateway.cs] - Import tasklist data 
2022-10-07 12:54:09,467: INFO [C:\Users\elsto\Documents\GitHub\PowerPeg-SQL-to-CSV\project\PowerPeg-SQL-to-CSV\PowerPeg-SQL-to-CSV\Gateway\JSONGateway.cs] - Import Json data: C:\Users\elsto\Documents\GitHub\PowerPeg-SQL-to-CSV\project\PowerPeg-SQL-to-CSV\App-UI\bin\Release\net6.0-windows\scheduledTask.json 
2022-10-07 12:54:09,497: DEBUG [C:\Users\elsto\Documents\GitHub\PowerPeg-SQL-to-CSV\project\PowerPeg-SQL-to-CSV\PowerPeg-SQL-to-CSV\SearchTask.cs] - Created search class_2022-10-07_12-54-09,C:\Users\elsto\Downloads\PowerPeg-SQL-CSV\AutoGeneration\,MonthMode,Monday,0,* 
2022-10-07 12:54:09,505: INFO [C:\Users\elsto\Documents\GitHub\PowerPeg-SQL-to-CSV\project\PowerPeg-SQL-to-CSV\PowerPeg-SQL-to-CSV\Gateway\JSONGateway.cs] - Finished import tasklist 
2022-10-07 12:54:09,511: DEBUG [C:\Users\elsto\Documents\GitHub\PowerPeg-SQL-to-CSV\project\PowerPeg-SQL-to-CSV\PowerPeg-SQL-to-CSV\ProcessTask\BackgroundJobScheduleTask.cs] - Background job process search task of Test_2022-10-07_11-32-22 
2022-10-07 12:54:09,517: INFO [C:\Users\elsto\Documents\GitHub\PowerPeg-SQL-to-CSV\project\PowerPeg-SQL-to-CSV\PowerPeg-SQL-to-CSV\SearchTask.cs] - Runing search on Test_2022-10-07_11-32-22 
2022-10-07 12:54:09,526: INFO [C:\Users\elsto\Documents\GitHub\PowerPeg-SQL-to-CSV\project\PowerPeg-SQL-to-CSV\PowerPeg-SQL-to-CSV\Mode\MonthMode.cs] - Trigger month mode search: MonthMode, Monday, 0, * 
2022-10-07 12:54:09,547: INFO [C:\Users\elsto\Documents\GitHub\PowerPeg-SQL-to-CSV\project\PowerPeg-SQL-to-CSV\PowerPeg-SQL-to-CSV\Mode\MonthMode.cs] - No run search - last run time: 10/7/2022 11:32:22 AM, next run time: 11/7/2022 12:00:00 AM days, trigger day of week: Monday, current hour: 12 vs trigger hour: 0  
2022-10-07 12:54:09,559: INFO [C:\Users\elsto\Documents\GitHub\PowerPeg-SQL-to-CSV\project\PowerPeg-SQL-to-CSV\PowerPeg-SQL-to-CSV\SearchTask.cs] - No need to store the search task to CSV file: Test_2022-10-07_11-32-22 
2022-10-07 12:54:09,566: INFO [C:\Users\elsto\Documents\GitHub\PowerPeg-SQL-to-CSV\project\PowerPeg-SQL-to-CSV\PowerPeg-SQL-to-CSV\ProcessTask\BackgroundJobScheduleTask.cs] - Finished background job, save the search task state 
2022-10-07 12:54:09,572: INFO [C:\Users\elsto\Documents\GitHub\PowerPeg-SQL-to-CSV\project\PowerPeg-SQL-to-CSV\PowerPeg-SQL-to-CSV\Gateway\JSONGateway.cs] - Update JSON tasklist data 
2022-10-07 12:54:09,584: DEBUG [C:\Users\elsto\Documents\GitHub\PowerPeg-SQL-to-CSV\project\PowerPeg-SQL-to-CSV\PowerPeg-SQL-to-CSV\Gateway\JSONGateway.cs] - Update JSON data: C:\Users\elsto\Documents\GitHub\PowerPeg-SQL-to-CSV\project\PowerPeg-SQL-to-CSV\App-UI\bin\Release\net6.0-windows\scheduledTask.json 
2022-10-07 12:54:09,734: DEBUG [Quartz.Core.JobRunShell] - Trigger instruction : NoInstruction 
2022-10-07 12:54:09,755: DEBUG [Quartz.Core.QuartzSchedulerThread] - Batch acquisition of 1 triggers 
2022-10-07 12:54:12,112: INFO [C:\Users\elsto\Documents\GitHub\PowerPeg-SQL-to-CSV\project\PowerPeg-SQL-to-CSV\App-UI\GlobalFunction.cs] - User request the closing of application. 
2022-10-07 12:54:13,478: INFO [C:\Users\elsto\Documents\GitHub\PowerPeg-SQL-to-CSV\project\PowerPeg-SQL-to-CSV\App-UI\GlobalFunction.cs] - Closing background task. 
2022-10-07 12:54:13,482: DEBUG [C:\Users\elsto\Documents\GitHub\PowerPeg-SQL-to-CSV\project\PowerPeg-SQL-to-CSV\PowerPeg-SQL-to-CSV\MainFunction.cs] - Run stopBackgroundJob 
2022-10-07 12:54:13,483: DEBUG [C:\Users\elsto\Documents\GitHub\PowerPeg-SQL-to-CSV\project\PowerPeg-SQL-to-CSV\PowerPeg-SQL-to-CSV\MainFunction.cs] - Have background task, stopping background task 
2022-10-07 12:54:13,489: INFO [C:\Users\elsto\Documents\GitHub\PowerPeg-SQL-to-CSV\project\PowerPeg-SQL-to-CSV\PowerPeg-SQL-to-CSV\ProcessTask\BackgroundScheduler.cs] - Scheduler Stopped 
2022-10-07 12:54:13,495: INFO [Quartz.Core.QuartzScheduler] - Scheduler DefaultQuartzScheduler_$_NON_CLUSTERED shutting down. 
2022-10-07 12:54:13,499: INFO [Quartz.Core.QuartzScheduler] - Scheduler DefaultQuartzScheduler_$_NON_CLUSTERED paused. 
2022-10-07 12:54:13,508: DEBUG [Quartz.Simpl.TaskSchedulingThreadPool] - Shutting down threadpool... 
2022-10-07 12:54:13,510: DEBUG [Quartz.Simpl.TaskSchedulingThreadPool] - Waiting for 0 threads to complete. 
2022-10-07 12:54:13,511: DEBUG [Quartz.Simpl.TaskSchedulingThreadPool] - No executing jobs remaining, all threads stopped. 
2022-10-07 12:54:13,513: DEBUG [Quartz.Simpl.TaskSchedulingThreadPool] - Shutdown of threadpool complete. 
2022-10-07 12:54:13,519: INFO [Quartz.Core.QuartzScheduler] - Scheduler DefaultQuartzScheduler_$_NON_CLUSTERED Shutdown complete. 
2022-10-07 12:54:16,516: INFO [C:\Users\elsto\Documents\GitHub\PowerPeg-SQL-to-CSV\project\PowerPeg-SQL-to-CSV\App-UI\GlobalFunction.cs] - Appication closing. 
2022-10-07 12:54:16,573: INFO [C:\Users\elsto\Documents\GitHub\PowerPeg-SQL-to-CSV\project\PowerPeg-SQL-to-CSV\App-UI\Program.cs] - UI Application shut down. 
