2022-09-06 14:40:22,061: INFO [C:\Users\elsto\Documents\GitHub\PowerPeg-SQL-to-CSV\project\PowerPeg-SQL-to-CSV\App-UI\Program.cs] - UI Application starting. 
2022-09-06 14:40:22,118: INFO [C:\Users\elsto\Documents\GitHub\PowerPeg-SQL-to-CSV\project\PowerPeg-SQL-to-CSV\App-UI\Program.cs] - UI Application started. 
2022-09-06 14:40:22,805: INFO [C:\Users\elsto\Documents\GitHub\PowerPeg-SQL-to-CSV\project\PowerPeg-SQL-to-CSV\App-UI\GlobalFunction.cs] - Initializing UI Application. 
2022-09-06 14:40:22,807: INFO [C:\Users\elsto\Documents\GitHub\PowerPeg-SQL-to-CSV\project\PowerPeg-SQL-to-CSV\App-UI\GlobalFunction.cs] - Loading HomeForm. 
2022-09-06 14:40:22,809: INFO [C:\Users\elsto\Documents\GitHub\PowerPeg-SQL-to-CSV\project\PowerPeg-SQL-to-CSV\App-UI\GlobalFunction.cs] - Starting background task. 
2022-09-06 14:40:22,896: INFO [C:\Users\elsto\Documents\GitHub\PowerPeg-SQL-to-CSV\project\PowerPeg-SQL-to-CSV\PowerPeg-SQL-to-CSV\Gateway\JSONGateway.cs] - Import tasklist data 
2022-09-06 14:40:22,928: INFO [C:\Users\elsto\Documents\GitHub\PowerPeg-SQL-to-CSV\project\PowerPeg-SQL-to-CSV\PowerPeg-SQL-to-CSV\Gateway\JSONGateway.cs] - Import C:\Users\elsto\Documents\GitHub\PowerPeg-SQL-to-CSV\project\PowerPeg-SQL-to-CSV\App-UI\bin\Release\net6.0-windows\scheduledTask.json Json data 
2022-09-06 14:40:23,166: INFO [C:\Users\elsto\Documents\GitHub\PowerPeg-SQL-to-CSV\project\PowerPeg-SQL-to-CSV\PowerPeg-SQL-to-CSV\Gateway\JSONGateway.cs] - Finished import tasklist 
2022-09-06 14:40:23,169: INFO [C:\Users\elsto\Documents\GitHub\PowerPeg-SQL-to-CSV\project\PowerPeg-SQL-to-CSV\PowerPeg-SQL-to-CSV\Gateway\DatabaseGateway.cs] - Setup the Database gateway: Data Source=192.168.0.212\ION;Database=SYP_8F_AC_Plant_RM;User ID=EMSD;Password=Emsd$1234;Connect Timeout=30;Encrypt=False;TrustServerCertificate=False;ApplicationIntent=ReadWrite;MultiSubnetFailover=False 
2022-09-06 14:40:23,173: INFO [C:\Users\elsto\Documents\GitHub\PowerPeg-SQL-to-CSV\project\PowerPeg-SQL-to-CSV\PowerPeg-SQL-to-CSV\Gateway\JSONGateway.cs] - Import included table data 
2022-09-06 14:40:23,175: INFO [C:\Users\elsto\Documents\GitHub\PowerPeg-SQL-to-CSV\project\PowerPeg-SQL-to-CSV\PowerPeg-SQL-to-CSV\Gateway\JSONGateway.cs] - Import C:\Users\elsto\Documents\GitHub\PowerPeg-SQL-to-CSV\project\PowerPeg-SQL-to-CSV\App-UI\bin\Release\net6.0-windows\selectTable.json Json data 
2022-09-06 14:40:23,196: INFO [C:\Users\elsto\Documents\GitHub\PowerPeg-SQL-to-CSV\project\PowerPeg-SQL-to-CSV\PowerPeg-SQL-to-CSV\Gateway\JSONGateway.cs] - Finished import included table 
2022-09-06 14:40:23,198: INFO [C:\Users\elsto\Documents\GitHub\PowerPeg-SQL-to-CSV\project\PowerPeg-SQL-to-CSV\PowerPeg-SQL-to-CSV\Gateway\DatabaseGateway.cs] - Setup the selected Database Table, number of tables: 102 
2022-09-06 14:40:23,281: INFO [Quartz.Impl.StdSchedulerFactory] - Default Quartz.NET properties loaded from embedded resource file 
2022-09-06 14:40:23,369: INFO [Quartz.Core.SchedulerSignalerImpl] - Initialized Scheduler Signaller of type: Quartz.Core.SchedulerSignalerImpl 
2022-09-06 14:40:23,371: INFO [Quartz.Core.QuartzScheduler] - Quartz Scheduler created 
2022-09-06 14:40:23,373: INFO [Quartz.Simpl.RAMJobStore] - RAMJobStore initialized. 
2022-09-06 14:40:23,380: INFO [Quartz.Core.QuartzScheduler] - Scheduler meta-data: Quartz Scheduler (v3.4.0.0) 'DefaultQuartzScheduler' with instanceId 'NON_CLUSTERED'
  Scheduler class: 'Quartz.Core.QuartzScheduler' - running locally.
  NOT STARTED.
  Currently in standby mode.
  Number of jobs executed: 0
  Using thread pool 'Quartz.Simpl.DefaultThreadPool' - with 10 threads.
  Using job-store 'Quartz.Simpl.RAMJobStore' - which does not support persistence. and is not clustered.
 
2022-09-06 14:40:23,382: INFO [Quartz.Impl.StdSchedulerFactory] - Quartz scheduler 'DefaultQuartzScheduler' initialized 
2022-09-06 14:40:23,384: INFO [Quartz.Impl.StdSchedulerFactory] - Quartz scheduler version: 3.4.0.0 
2022-09-06 14:40:23,402: INFO [Quartz.Core.QuartzScheduler] - Scheduler DefaultQuartzScheduler_$_NON_CLUSTERED started. 
2022-09-06 14:40:23,404: INFO [C:\Users\elsto\Documents\GitHub\PowerPeg-SQL-to-CSV\project\PowerPeg-SQL-to-CSV\PowerPeg-SQL-to-CSV\ProcessTask\BackgroundScheduler.cs] - Background Scheduler is running 
2022-09-06 14:40:23,537: INFO [C:\Users\elsto\Documents\GitHub\PowerPeg-SQL-to-CSV\project\PowerPeg-SQL-to-CSV\PowerPeg-SQL-to-CSV\ProcessTask\BackgroundProcessingJob.cs] - Backround job is created and running: DEFAULT.99df8ab5-71cd-4274-9b7c-a96416edc73f, UTCFiretime: 9/6/2022 6:40:23 AM +00:00 
2022-09-06 14:40:23,544: INFO [C:\Users\elsto\Documents\GitHub\PowerPeg-SQL-to-CSV\project\PowerPeg-SQL-to-CSV\PowerPeg-SQL-to-CSV\Gateway\JSONGateway.cs] - Import tasklist data 
2022-09-06 14:40:23,546: INFO [C:\Users\elsto\Documents\GitHub\PowerPeg-SQL-to-CSV\project\PowerPeg-SQL-to-CSV\PowerPeg-SQL-to-CSV\Gateway\JSONGateway.cs] - Import C:\Users\elsto\Documents\GitHub\PowerPeg-SQL-to-CSV\project\PowerPeg-SQL-to-CSV\App-UI\bin\Release\net6.0-windows\scheduledTask.json Json data 
2022-09-06 14:40:23,550: INFO [C:\Users\elsto\Documents\GitHub\PowerPeg-SQL-to-CSV\project\PowerPeg-SQL-to-CSV\PowerPeg-SQL-to-CSV\Gateway\JSONGateway.cs] - Finished import tasklist 
2022-09-06 14:40:23,553: INFO [C:\Users\elsto\Documents\GitHub\PowerPeg-SQL-to-CSV\project\PowerPeg-SQL-to-CSV\PowerPeg-SQL-to-CSV\ProcessTask\BackgroundProcessingJob.cs] - Finished background job, save the search task state 
2022-09-06 14:40:23,556: INFO [C:\Users\elsto\Documents\GitHub\PowerPeg-SQL-to-CSV\project\PowerPeg-SQL-to-CSV\PowerPeg-SQL-to-CSV\Gateway\JSONGateway.cs] - Update JSON tasklist data 
2022-09-06 14:40:32,193: INFO [C:\Users\elsto\Documents\GitHub\PowerPeg-SQL-to-CSV\project\PowerPeg-SQL-to-CSV\App-UI\GlobalFunction.cs] - Stopping background task. 
2022-09-06 14:40:32,199: INFO [C:\Users\elsto\Documents\GitHub\PowerPeg-SQL-to-CSV\project\PowerPeg-SQL-to-CSV\PowerPeg-SQL-to-CSV\ProcessTask\BackgroundScheduler.cs] - Scheduler Stopped 
2022-09-06 14:40:32,216: INFO [Quartz.Core.QuartzScheduler] - Scheduler DefaultQuartzScheduler_$_NON_CLUSTERED shutting down. 
2022-09-06 14:40:32,219: INFO [Quartz.Core.QuartzScheduler] - Scheduler DefaultQuartzScheduler_$_NON_CLUSTERED paused. 
2022-09-06 14:40:32,227: INFO [C:\Users\elsto\Documents\GitHub\PowerPeg-SQL-to-CSV\project\PowerPeg-SQL-to-CSV\App-UI\GlobalFunction.cs] - Starting background task. 
2022-09-06 14:40:32,230: INFO [Quartz.Core.QuartzScheduler] - Scheduler DefaultQuartzScheduler_$_NON_CLUSTERED Shutdown complete. 
2022-09-06 14:40:32,246: INFO [C:\Users\elsto\Documents\GitHub\PowerPeg-SQL-to-CSV\project\PowerPeg-SQL-to-CSV\App-UI\GlobalFunction.cs] - Loading ChangeScheduleGeneration. 
2022-09-06 14:40:32,301: INFO [C:\Users\elsto\Documents\GitHub\PowerPeg-SQL-to-CSV\project\PowerPeg-SQL-to-CSV\App-UI\GlobalFunction.cs] - Loading Database information. 
2022-09-06 14:40:32,343: INFO [C:\Users\elsto\Documents\GitHub\PowerPeg-SQL-to-CSV\project\PowerPeg-SQL-to-CSV\App-UI\GlobalFunction.cs] - Loading current scheduled tasklist. 
2022-09-06 14:40:36,147: INFO [C:\Users\elsto\Documents\GitHub\PowerPeg-SQL-to-CSV\project\PowerPeg-SQL-to-CSV\App-UI\GlobalFunction.cs] - Close ChnageSchedukeGeneration and Go back to previous page. 
2022-09-06 14:40:36,174: INFO [C:\Users\elsto\Documents\GitHub\PowerPeg-SQL-to-CSV\project\PowerPeg-SQL-to-CSV\App-UI\GlobalFunction.cs] - Showing background task. 
2022-09-06 14:40:36,703: INFO [C:\Users\elsto\Documents\GitHub\PowerPeg-SQL-to-CSV\project\PowerPeg-SQL-to-CSV\App-UI\GlobalFunction.cs] - Restarting background task. 
2022-09-06 14:40:36,707: INFO [Quartz.Impl.StdSchedulerFactory] - Default Quartz.NET properties loaded from embedded resource file 
2022-09-06 14:40:36,711: INFO [Quartz.Core.SchedulerSignalerImpl] - Initialized Scheduler Signaller of type: Quartz.Core.SchedulerSignalerImpl 
2022-09-06 14:40:36,714: INFO [Quartz.Core.QuartzScheduler] - Quartz Scheduler created 
2022-09-06 14:40:36,716: INFO [Quartz.Simpl.RAMJobStore] - RAMJobStore initialized. 
2022-09-06 14:40:36,718: INFO [Quartz.Core.QuartzScheduler] - Scheduler meta-data: Quartz Scheduler (v3.4.0.0) 'DefaultQuartzScheduler' with instanceId 'NON_CLUSTERED'
  Scheduler class: 'Quartz.Core.QuartzScheduler' - running locally.
  NOT STARTED.
  Currently in standby mode.
  Number of jobs executed: 0
  Using thread pool 'Quartz.Simpl.DefaultThreadPool' - with 10 threads.
  Using job-store 'Quartz.Simpl.RAMJobStore' - which does not support persistence. and is not clustered.
 
2022-09-06 14:40:36,720: INFO [Quartz.Impl.StdSchedulerFactory] - Quartz scheduler 'DefaultQuartzScheduler' initialized 
2022-09-06 14:40:36,721: INFO [Quartz.Impl.StdSchedulerFactory] - Quartz scheduler version: 3.4.0.0 
2022-09-06 14:40:36,723: INFO [Quartz.Core.QuartzScheduler] - Scheduler DefaultQuartzScheduler_$_NON_CLUSTERED started. 
2022-09-06 14:40:36,724: INFO [C:\Users\elsto\Documents\GitHub\PowerPeg-SQL-to-CSV\project\PowerPeg-SQL-to-CSV\PowerPeg-SQL-to-CSV\ProcessTask\BackgroundScheduler.cs] - Background Scheduler is running 
2022-09-06 14:40:36,726: INFO [C:\Users\elsto\Documents\GitHub\PowerPeg-SQL-to-CSV\project\PowerPeg-SQL-to-CSV\PowerPeg-SQL-to-CSV\ProcessTask\BackgroundProcessingJob.cs] - Backround job is created and running: DEFAULT.84123ba8-302b-47ba-b07c-90d7ad36a66a, UTCFiretime: 9/6/2022 6:40:36 AM +00:00 
2022-09-06 14:40:36,727: INFO [C:\Users\elsto\Documents\GitHub\PowerPeg-SQL-to-CSV\project\PowerPeg-SQL-to-CSV\PowerPeg-SQL-to-CSV\Gateway\JSONGateway.cs] - Import tasklist data 
2022-09-06 14:40:36,729: INFO [C:\Users\elsto\Documents\GitHub\PowerPeg-SQL-to-CSV\project\PowerPeg-SQL-to-CSV\PowerPeg-SQL-to-CSV\Gateway\JSONGateway.cs] - Import C:\Users\elsto\Documents\GitHub\PowerPeg-SQL-to-CSV\project\PowerPeg-SQL-to-CSV\App-UI\bin\Release\net6.0-windows\scheduledTask.json Json data 
2022-09-06 14:40:36,737: INFO [C:\Users\elsto\Documents\GitHub\PowerPeg-SQL-to-CSV\project\PowerPeg-SQL-to-CSV\PowerPeg-SQL-to-CSV\Gateway\JSONGateway.cs] - Finished import tasklist 
2022-09-06 14:40:36,738: INFO [C:\Users\elsto\Documents\GitHub\PowerPeg-SQL-to-CSV\project\PowerPeg-SQL-to-CSV\PowerPeg-SQL-to-CSV\ProcessTask\BackgroundProcessingJob.cs] - Finished background job, save the search task state 
2022-09-06 14:40:36,739: INFO [C:\Users\elsto\Documents\GitHub\PowerPeg-SQL-to-CSV\project\PowerPeg-SQL-to-CSV\PowerPeg-SQL-to-CSV\Gateway\JSONGateway.cs] - Update JSON tasklist data 
2022-09-06 14:40:37,977: INFO [C:\Users\elsto\Documents\GitHub\PowerPeg-SQL-to-CSV\project\PowerPeg-SQL-to-CSV\App-UI\GlobalFunction.cs] - Loading ShowServerInfo. 
2022-09-06 14:40:38,022: INFO [C:\Users\elsto\Documents\GitHub\PowerPeg-SQL-to-CSV\project\PowerPeg-SQL-to-CSV\App-UI\GlobalFunction.cs] - User updating form 
2022-09-06 14:40:41,552: INFO [C:\Users\elsto\Documents\GitHub\PowerPeg-SQL-to-CSV\project\PowerPeg-SQL-to-CSV\App-UI\GlobalFunction.cs] - Closing ShowServerInfo and Go back to previous page.. 
2022-09-06 14:40:42,735: INFO [C:\Users\elsto\Documents\GitHub\PowerPeg-SQL-to-CSV\project\PowerPeg-SQL-to-CSV\App-UI\GlobalFunction.cs] - Closing background task. 
2022-09-06 14:40:42,737: INFO [C:\Users\elsto\Documents\GitHub\PowerPeg-SQL-to-CSV\project\PowerPeg-SQL-to-CSV\PowerPeg-SQL-to-CSV\ProcessTask\BackgroundScheduler.cs] - Scheduler Stopped 
2022-09-06 14:40:42,739: INFO [Quartz.Core.QuartzScheduler] - Scheduler DefaultQuartzScheduler_$_NON_CLUSTERED shutting down. 
2022-09-06 14:40:42,741: INFO [Quartz.Core.QuartzScheduler] - Scheduler DefaultQuartzScheduler_$_NON_CLUSTERED paused. 
2022-09-06 14:40:42,743: INFO [Quartz.Core.QuartzScheduler] - Scheduler DefaultQuartzScheduler_$_NON_CLUSTERED Shutdown complete. 
2022-09-06 14:40:45,753: INFO [C:\Users\elsto\Documents\GitHub\PowerPeg-SQL-to-CSV\project\PowerPeg-SQL-to-CSV\App-UI\GlobalFunction.cs] - Appication closing. 
2022-09-06 14:40:45,779: INFO [C:\Users\elsto\Documents\GitHub\PowerPeg-SQL-to-CSV\project\PowerPeg-SQL-to-CSV\App-UI\Program.cs] - UI Application shut down. 
2022-09-06 15:01:31,523: INFO [C:\Users\elsto\Documents\GitHub\PowerPeg-SQL-to-CSV\project\PowerPeg-SQL-to-CSV\App-UI\Program.cs] - UI Application starting. 
2022-09-06 15:01:31,552: INFO [C:\Users\elsto\Documents\GitHub\PowerPeg-SQL-to-CSV\project\PowerPeg-SQL-to-CSV\App-UI\Program.cs] - UI Application started. 
2022-09-06 15:01:32,200: INFO [C:\Users\elsto\Documents\GitHub\PowerPeg-SQL-to-CSV\project\PowerPeg-SQL-to-CSV\App-UI\GlobalFunction.cs] - Initializing UI Application. 
2022-09-06 15:01:32,202: INFO [C:\Users\elsto\Documents\GitHub\PowerPeg-SQL-to-CSV\project\PowerPeg-SQL-to-CSV\App-UI\GlobalFunction.cs] - Loading HomeForm. 
2022-09-06 15:01:32,203: INFO [C:\Users\elsto\Documents\GitHub\PowerPeg-SQL-to-CSV\project\PowerPeg-SQL-to-CSV\App-UI\GlobalFunction.cs] - Starting background task. 
2022-09-06 15:01:32,216: INFO [C:\Users\elsto\Documents\GitHub\PowerPeg-SQL-to-CSV\project\PowerPeg-SQL-to-CSV\PowerPeg-SQL-to-CSV\Gateway\JSONGateway.cs] - Import tasklist data 
2022-09-06 15:01:32,238: INFO [C:\Users\elsto\Documents\GitHub\PowerPeg-SQL-to-CSV\project\PowerPeg-SQL-to-CSV\PowerPeg-SQL-to-CSV\Gateway\JSONGateway.cs] - Import C:\Users\elsto\Documents\GitHub\PowerPeg-SQL-to-CSV\project\PowerPeg-SQL-to-CSV\App-UI\bin\Release\net6.0-windows\scheduledTask.json Json data 
2022-09-06 15:01:32,547: INFO [C:\Users\elsto\Documents\GitHub\PowerPeg-SQL-to-CSV\project\PowerPeg-SQL-to-CSV\PowerPeg-SQL-to-CSV\Gateway\JSONGateway.cs] - Finished import tasklist 
2022-09-06 15:01:32,550: INFO [C:\Users\elsto\Documents\GitHub\PowerPeg-SQL-to-CSV\project\PowerPeg-SQL-to-CSV\PowerPeg-SQL-to-CSV\Gateway\DatabaseGateway.cs] - Setup the Database gateway: Data Source=192.168.0.212\ION;Database=SYP_8F_AC_Plant_RM;User ID=EMSD;Password=Emsd$1234;Connect Timeout=30;Encrypt=False;TrustServerCertificate=False;ApplicationIntent=ReadWrite;MultiSubnetFailover=False 
2022-09-06 15:01:32,553: INFO [C:\Users\elsto\Documents\GitHub\PowerPeg-SQL-to-CSV\project\PowerPeg-SQL-to-CSV\PowerPeg-SQL-to-CSV\Gateway\JSONGateway.cs] - Import included table data 
2022-09-06 15:01:32,554: INFO [C:\Users\elsto\Documents\GitHub\PowerPeg-SQL-to-CSV\project\PowerPeg-SQL-to-CSV\PowerPeg-SQL-to-CSV\Gateway\JSONGateway.cs] - Import C:\Users\elsto\Documents\GitHub\PowerPeg-SQL-to-CSV\project\PowerPeg-SQL-to-CSV\App-UI\bin\Release\net6.0-windows\selectTable.json Json data 
2022-09-06 15:01:32,572: INFO [C:\Users\elsto\Documents\GitHub\PowerPeg-SQL-to-CSV\project\PowerPeg-SQL-to-CSV\PowerPeg-SQL-to-CSV\Gateway\JSONGateway.cs] - Finished import included table 
2022-09-06 15:01:32,574: INFO [C:\Users\elsto\Documents\GitHub\PowerPeg-SQL-to-CSV\project\PowerPeg-SQL-to-CSV\PowerPeg-SQL-to-CSV\Gateway\DatabaseGateway.cs] - Setup the selected Database Table, number of tables: 102 
2022-09-06 15:01:32,671: INFO [Quartz.Impl.StdSchedulerFactory] - Default Quartz.NET properties loaded from embedded resource file 
2022-09-06 15:01:32,780: INFO [Quartz.Core.SchedulerSignalerImpl] - Initialized Scheduler Signaller of type: Quartz.Core.SchedulerSignalerImpl 
2022-09-06 15:01:32,788: INFO [Quartz.Core.QuartzScheduler] - Quartz Scheduler created 
2022-09-06 15:01:32,792: INFO [Quartz.Simpl.RAMJobStore] - RAMJobStore initialized. 
2022-09-06 15:01:32,798: INFO [Quartz.Core.QuartzScheduler] - Scheduler meta-data: Quartz Scheduler (v3.4.0.0) 'DefaultQuartzScheduler' with instanceId 'NON_CLUSTERED'
  Scheduler class: 'Quartz.Core.QuartzScheduler' - running locally.
  NOT STARTED.
  Currently in standby mode.
  Number of jobs executed: 0
  Using thread pool 'Quartz.Simpl.DefaultThreadPool' - with 10 threads.
  Using job-store 'Quartz.Simpl.RAMJobStore' - which does not support persistence. and is not clustered.
 
2022-09-06 15:01:32,801: INFO [Quartz.Impl.StdSchedulerFactory] - Quartz scheduler 'DefaultQuartzScheduler' initialized 
2022-09-06 15:01:32,803: INFO [Quartz.Impl.StdSchedulerFactory] - Quartz scheduler version: 3.4.0.0 
2022-09-06 15:01:32,820: INFO [Quartz.Core.QuartzScheduler] - Scheduler DefaultQuartzScheduler_$_NON_CLUSTERED started. 
2022-09-06 15:01:32,823: INFO [C:\Users\elsto\Documents\GitHub\PowerPeg-SQL-to-CSV\project\PowerPeg-SQL-to-CSV\PowerPeg-SQL-to-CSV\ProcessTask\BackgroundScheduler.cs] - Background Scheduler is running 
2022-09-06 15:01:32,972: INFO [C:\Users\elsto\Documents\GitHub\PowerPeg-SQL-to-CSV\project\PowerPeg-SQL-to-CSV\PowerPeg-SQL-to-CSV\ProcessTask\BackgroundProcessingJob.cs] - Backround job is created and running: DEFAULT.4ee27221-feaa-44bb-a0b8-df9313a92e4d, UTCFiretime: 9/6/2022 7:01:32 AM +00:00 
2022-09-06 15:01:32,979: INFO [C:\Users\elsto\Documents\GitHub\PowerPeg-SQL-to-CSV\project\PowerPeg-SQL-to-CSV\PowerPeg-SQL-to-CSV\Gateway\JSONGateway.cs] - Import tasklist data 
2022-09-06 15:01:32,985: INFO [C:\Users\elsto\Documents\GitHub\PowerPeg-SQL-to-CSV\project\PowerPeg-SQL-to-CSV\PowerPeg-SQL-to-CSV\Gateway\JSONGateway.cs] - Import C:\Users\elsto\Documents\GitHub\PowerPeg-SQL-to-CSV\project\PowerPeg-SQL-to-CSV\App-UI\bin\Release\net6.0-windows\scheduledTask.json Json data 
2022-09-06 15:01:32,991: INFO [C:\Users\elsto\Documents\GitHub\PowerPeg-SQL-to-CSV\project\PowerPeg-SQL-to-CSV\PowerPeg-SQL-to-CSV\Gateway\JSONGateway.cs] - Finished import tasklist 
2022-09-06 15:01:32,995: INFO [C:\Users\elsto\Documents\GitHub\PowerPeg-SQL-to-CSV\project\PowerPeg-SQL-to-CSV\PowerPeg-SQL-to-CSV\ProcessTask\BackgroundProcessingJob.cs] - Finished background job, save the search task state 
2022-09-06 15:01:32,999: INFO [C:\Users\elsto\Documents\GitHub\PowerPeg-SQL-to-CSV\project\PowerPeg-SQL-to-CSV\PowerPeg-SQL-to-CSV\Gateway\JSONGateway.cs] - Update JSON tasklist data 
2022-09-06 15:01:37,194: INFO [C:\Users\elsto\Documents\GitHub\PowerPeg-SQL-to-CSV\project\PowerPeg-SQL-to-CSV\App-UI\GlobalFunction.cs] - User creating form 
2022-09-06 15:01:42,831: INFO [C:\Users\elsto\Documents\GitHub\PowerPeg-SQL-to-CSV\project\PowerPeg-SQL-to-CSV\PowerPeg-SQL-to-CSV\ProcessTask\BackgroundProcessingJob.cs] - Backround job is created and running: DEFAULT.4ee27221-feaa-44bb-a0b8-df9313a92e4d, UTCFiretime: 9/6/2022 7:01:42 AM +00:00 
2022-09-06 15:01:42,832: INFO [C:\Users\elsto\Documents\GitHub\PowerPeg-SQL-to-CSV\project\PowerPeg-SQL-to-CSV\PowerPeg-SQL-to-CSV\Gateway\JSONGateway.cs] - Import tasklist data 
2022-09-06 15:01:42,834: INFO [C:\Users\elsto\Documents\GitHub\PowerPeg-SQL-to-CSV\project\PowerPeg-SQL-to-CSV\PowerPeg-SQL-to-CSV\Gateway\JSONGateway.cs] - Import C:\Users\elsto\Documents\GitHub\PowerPeg-SQL-to-CSV\project\PowerPeg-SQL-to-CSV\App-UI\bin\Release\net6.0-windows\scheduledTask.json Json data 
2022-09-06 15:01:42,836: INFO [C:\Users\elsto\Documents\GitHub\PowerPeg-SQL-to-CSV\project\PowerPeg-SQL-to-CSV\PowerPeg-SQL-to-CSV\Gateway\JSONGateway.cs] - Finished import tasklist 
2022-09-06 15:01:42,838: INFO [C:\Users\elsto\Documents\GitHub\PowerPeg-SQL-to-CSV\project\PowerPeg-SQL-to-CSV\PowerPeg-SQL-to-CSV\ProcessTask\BackgroundProcessingJob.cs] - Finished background job, save the search task state 
2022-09-06 15:01:42,839: INFO [C:\Users\elsto\Documents\GitHub\PowerPeg-SQL-to-CSV\project\PowerPeg-SQL-to-CSV\PowerPeg-SQL-to-CSV\Gateway\JSONGateway.cs] - Update JSON tasklist data 
2022-09-06 15:01:43,020: INFO [C:\Users\elsto\Documents\GitHub\PowerPeg-SQL-to-CSV\project\PowerPeg-SQL-to-CSV\App-UI\GlobalFunction.cs] - Back to previous page. 
2022-09-06 15:01:44,089: INFO [C:\Users\elsto\Documents\GitHub\PowerPeg-SQL-to-CSV\project\PowerPeg-SQL-to-CSV\App-UI\GlobalFunction.cs] - Stopping background task. 
2022-09-06 15:01:44,095: INFO [C:\Users\elsto\Documents\GitHub\PowerPeg-SQL-to-CSV\project\PowerPeg-SQL-to-CSV\PowerPeg-SQL-to-CSV\ProcessTask\BackgroundScheduler.cs] - Scheduler Stopped 
2022-09-06 15:01:44,109: INFO [Quartz.Core.QuartzScheduler] - Scheduler DefaultQuartzScheduler_$_NON_CLUSTERED shutting down. 
2022-09-06 15:01:44,112: INFO [Quartz.Core.QuartzScheduler] - Scheduler DefaultQuartzScheduler_$_NON_CLUSTERED paused. 
2022-09-06 15:01:44,121: INFO [C:\Users\elsto\Documents\GitHub\PowerPeg-SQL-to-CSV\project\PowerPeg-SQL-to-CSV\App-UI\GlobalFunction.cs] - Starting background task. 
2022-09-06 15:01:44,126: INFO [Quartz.Core.QuartzScheduler] - Scheduler DefaultQuartzScheduler_$_NON_CLUSTERED Shutdown complete. 
2022-09-06 15:01:44,141: INFO [C:\Users\elsto\Documents\GitHub\PowerPeg-SQL-to-CSV\project\PowerPeg-SQL-to-CSV\App-UI\GlobalFunction.cs] - Loading ChangeScheduleGeneration. 
2022-09-06 15:01:44,177: INFO [C:\Users\elsto\Documents\GitHub\PowerPeg-SQL-to-CSV\project\PowerPeg-SQL-to-CSV\App-UI\GlobalFunction.cs] - Loading Database information. 
2022-09-06 15:01:44,181: INFO [C:\Users\elsto\Documents\GitHub\PowerPeg-SQL-to-CSV\project\PowerPeg-SQL-to-CSV\App-UI\GlobalFunction.cs] - Loading current scheduled tasklist. 
2022-09-06 15:01:45,823: INFO [C:\Users\elsto\Documents\GitHub\PowerPeg-SQL-to-CSV\project\PowerPeg-SQL-to-CSV\App-UI\GlobalFunction.cs] - Requesting to create new schedule task. 
2022-09-06 15:01:45,868: INFO [C:\Users\elsto\Documents\GitHub\PowerPeg-SQL-to-CSV\project\PowerPeg-SQL-to-CSV\App-UI\GlobalFunction.cs] - Loading CreateNewTask. 
2022-09-06 15:01:46,566: INFO [C:\Users\elsto\Documents\GitHub\PowerPeg-SQL-to-CSV\project\PowerPeg-SQL-to-CSV\App-UI\GlobalFunction.cs] - User creating form 
2022-09-06 15:01:49,693: INFO [C:\Users\elsto\Documents\GitHub\PowerPeg-SQL-to-CSV\project\PowerPeg-SQL-to-CSV\App-UI\GlobalFunction.cs] - Cancel and back to previous page. 
2022-09-06 15:01:49,763: INFO [C:\Users\elsto\Documents\GitHub\PowerPeg-SQL-to-CSV\project\PowerPeg-SQL-to-CSV\App-UI\GlobalFunction.cs] - Loading current scheduled tasklist. 
2022-09-06 15:01:50,490: INFO [C:\Users\elsto\Documents\GitHub\PowerPeg-SQL-to-CSV\project\PowerPeg-SQL-to-CSV\App-UI\GlobalFunction.cs] - Close ChnageSchedukeGeneration and Go back to previous page. 
2022-09-06 15:01:50,511: INFO [C:\Users\elsto\Documents\GitHub\PowerPeg-SQL-to-CSV\project\PowerPeg-SQL-to-CSV\App-UI\GlobalFunction.cs] - Showing background task. 
2022-09-06 15:01:51,053: INFO [C:\Users\elsto\Documents\GitHub\PowerPeg-SQL-to-CSV\project\PowerPeg-SQL-to-CSV\App-UI\GlobalFunction.cs] - Restarting background task. 
2022-09-06 15:01:51,056: INFO [Quartz.Impl.StdSchedulerFactory] - Default Quartz.NET properties loaded from embedded resource file 
2022-09-06 15:01:51,059: INFO [Quartz.Core.SchedulerSignalerImpl] - Initialized Scheduler Signaller of type: Quartz.Core.SchedulerSignalerImpl 
2022-09-06 15:01:51,061: INFO [Quartz.Core.QuartzScheduler] - Quartz Scheduler created 
2022-09-06 15:01:51,063: INFO [Quartz.Simpl.RAMJobStore] - RAMJobStore initialized. 
2022-09-06 15:01:51,065: INFO [Quartz.Core.QuartzScheduler] - Scheduler meta-data: Quartz Scheduler (v3.4.0.0) 'DefaultQuartzScheduler' with instanceId 'NON_CLUSTERED'
  Scheduler class: 'Quartz.Core.QuartzScheduler' - running locally.
  NOT STARTED.
  Currently in standby mode.
  Number of jobs executed: 0
  Using thread pool 'Quartz.Simpl.DefaultThreadPool' - with 10 threads.
  Using job-store 'Quartz.Simpl.RAMJobStore' - which does not support persistence. and is not clustered.
 
2022-09-06 15:01:51,066: INFO [Quartz.Impl.StdSchedulerFactory] - Quartz scheduler 'DefaultQuartzScheduler' initialized 
2022-09-06 15:01:51,068: INFO [Quartz.Impl.StdSchedulerFactory] - Quartz scheduler version: 3.4.0.0 
2022-09-06 15:01:51,069: INFO [Quartz.Core.QuartzScheduler] - Scheduler DefaultQuartzScheduler_$_NON_CLUSTERED started. 
2022-09-06 15:01:51,071: INFO [C:\Users\elsto\Documents\GitHub\PowerPeg-SQL-to-CSV\project\PowerPeg-SQL-to-CSV\PowerPeg-SQL-to-CSV\ProcessTask\BackgroundScheduler.cs] - Background Scheduler is running 
2022-09-06 15:01:51,073: INFO [C:\Users\elsto\Documents\GitHub\PowerPeg-SQL-to-CSV\project\PowerPeg-SQL-to-CSV\PowerPeg-SQL-to-CSV\ProcessTask\BackgroundProcessingJob.cs] - Backround job is created and running: DEFAULT.5d7e9604-f520-4ac5-b8c5-75efd29745f0, UTCFiretime: 9/6/2022 7:01:51 AM +00:00 
2022-09-06 15:01:51,075: INFO [C:\Users\elsto\Documents\GitHub\PowerPeg-SQL-to-CSV\project\PowerPeg-SQL-to-CSV\PowerPeg-SQL-to-CSV\Gateway\JSONGateway.cs] - Import tasklist data 
2022-09-06 15:01:51,076: INFO [C:\Users\elsto\Documents\GitHub\PowerPeg-SQL-to-CSV\project\PowerPeg-SQL-to-CSV\PowerPeg-SQL-to-CSV\Gateway\JSONGateway.cs] - Import C:\Users\elsto\Documents\GitHub\PowerPeg-SQL-to-CSV\project\PowerPeg-SQL-to-CSV\App-UI\bin\Release\net6.0-windows\scheduledTask.json Json data 
2022-09-06 15:01:51,079: INFO [C:\Users\elsto\Documents\GitHub\PowerPeg-SQL-to-CSV\project\PowerPeg-SQL-to-CSV\PowerPeg-SQL-to-CSV\Gateway\JSONGateway.cs] - Finished import tasklist 
2022-09-06 15:01:51,081: INFO [C:\Users\elsto\Documents\GitHub\PowerPeg-SQL-to-CSV\project\PowerPeg-SQL-to-CSV\PowerPeg-SQL-to-CSV\ProcessTask\BackgroundProcessingJob.cs] - Finished background job, save the search task state 
2022-09-06 15:01:51,083: INFO [C:\Users\elsto\Documents\GitHub\PowerPeg-SQL-to-CSV\project\PowerPeg-SQL-to-CSV\PowerPeg-SQL-to-CSV\Gateway\JSONGateway.cs] - Update JSON tasklist data 
2022-09-06 15:01:51,898: INFO [C:\Users\elsto\Documents\GitHub\PowerPeg-SQL-to-CSV\project\PowerPeg-SQL-to-CSV\App-UI\GlobalFunction.cs] - Closing background task. 
2022-09-06 15:01:51,900: INFO [C:\Users\elsto\Documents\GitHub\PowerPeg-SQL-to-CSV\project\PowerPeg-SQL-to-CSV\PowerPeg-SQL-to-CSV\ProcessTask\BackgroundScheduler.cs] - Scheduler Stopped 
2022-09-06 15:01:51,901: INFO [Quartz.Core.QuartzScheduler] - Scheduler DefaultQuartzScheduler_$_NON_CLUSTERED shutting down. 
2022-09-06 15:01:51,904: INFO [Quartz.Core.QuartzScheduler] - Scheduler DefaultQuartzScheduler_$_NON_CLUSTERED paused. 
2022-09-06 15:01:51,906: INFO [Quartz.Core.QuartzScheduler] - Scheduler DefaultQuartzScheduler_$_NON_CLUSTERED Shutdown complete. 
2022-09-06 15:01:54,916: INFO [C:\Users\elsto\Documents\GitHub\PowerPeg-SQL-to-CSV\project\PowerPeg-SQL-to-CSV\App-UI\GlobalFunction.cs] - Appication closing. 
2022-09-06 15:01:54,930: INFO [C:\Users\elsto\Documents\GitHub\PowerPeg-SQL-to-CSV\project\PowerPeg-SQL-to-CSV\App-UI\Program.cs] - UI Application shut down. 
2022-09-06 15:02:37,196: INFO [C:\Users\elsto\Documents\GitHub\PowerPeg-SQL-to-CSV\project\PowerPeg-SQL-to-CSV\App-UI\Program.cs] - UI Application starting. 
2022-09-06 15:02:37,260: INFO [C:\Users\elsto\Documents\GitHub\PowerPeg-SQL-to-CSV\project\PowerPeg-SQL-to-CSV\App-UI\Program.cs] - UI Application started. 
2022-09-06 15:02:38,068: INFO [C:\Users\elsto\Documents\GitHub\PowerPeg-SQL-to-CSV\project\PowerPeg-SQL-to-CSV\App-UI\GlobalFunction.cs] - Initializing UI Application. 
2022-09-06 15:02:38,071: INFO [C:\Users\elsto\Documents\GitHub\PowerPeg-SQL-to-CSV\project\PowerPeg-SQL-to-CSV\App-UI\GlobalFunction.cs] - Loading HomeForm. 
2022-09-06 15:02:38,074: INFO [C:\Users\elsto\Documents\GitHub\PowerPeg-SQL-to-CSV\project\PowerPeg-SQL-to-CSV\App-UI\GlobalFunction.cs] - Starting background task. 
2022-09-06 15:02:38,100: INFO [C:\Users\elsto\Documents\GitHub\PowerPeg-SQL-to-CSV\project\PowerPeg-SQL-to-CSV\PowerPeg-SQL-to-CSV\Gateway\JSONGateway.cs] - Import tasklist data 
2022-09-06 15:02:38,129: INFO [C:\Users\elsto\Documents\GitHub\PowerPeg-SQL-to-CSV\project\PowerPeg-SQL-to-CSV\PowerPeg-SQL-to-CSV\Gateway\JSONGateway.cs] - Import C:\Users\elsto\Documents\GitHub\PowerPeg-SQL-to-CSV\project\PowerPeg-SQL-to-CSV\App-UI\bin\Release\net6.0-windows\scheduledTask.json Json data 
2022-09-06 15:02:38,647: INFO [C:\Users\elsto\Documents\GitHub\PowerPeg-SQL-to-CSV\project\PowerPeg-SQL-to-CSV\PowerPeg-SQL-to-CSV\Gateway\JSONGateway.cs] - Finished import tasklist 
2022-09-06 15:02:38,651: INFO [C:\Users\elsto\Documents\GitHub\PowerPeg-SQL-to-CSV\project\PowerPeg-SQL-to-CSV\PowerPeg-SQL-to-CSV\Gateway\DatabaseGateway.cs] - Setup the Database gateway: Data Source=192.168.0.212\ION;Database=SYP_8F_AC_Plant_RM;User ID=EMSD;Password=Emsd$1234;Connect Timeout=30;Encrypt=False;TrustServerCertificate=False;ApplicationIntent=ReadWrite;MultiSubnetFailover=False 
2022-09-06 15:02:38,657: INFO [C:\Users\elsto\Documents\GitHub\PowerPeg-SQL-to-CSV\project\PowerPeg-SQL-to-CSV\PowerPeg-SQL-to-CSV\Gateway\JSONGateway.cs] - Import included table data 
2022-09-06 15:02:38,660: INFO [C:\Users\elsto\Documents\GitHub\PowerPeg-SQL-to-CSV\project\PowerPeg-SQL-to-CSV\PowerPeg-SQL-to-CSV\Gateway\JSONGateway.cs] - Import C:\Users\elsto\Documents\GitHub\PowerPeg-SQL-to-CSV\project\PowerPeg-SQL-to-CSV\App-UI\bin\Release\net6.0-windows\selectTable.json Json data 
2022-09-06 15:02:38,691: INFO [C:\Users\elsto\Documents\GitHub\PowerPeg-SQL-to-CSV\project\PowerPeg-SQL-to-CSV\PowerPeg-SQL-to-CSV\Gateway\JSONGateway.cs] - Finished import included table 
2022-09-06 15:02:38,694: INFO [C:\Users\elsto\Documents\GitHub\PowerPeg-SQL-to-CSV\project\PowerPeg-SQL-to-CSV\PowerPeg-SQL-to-CSV\Gateway\DatabaseGateway.cs] - Setup the selected Database Table, number of tables: 102 
2022-09-06 15:02:38,871: INFO [Quartz.Impl.StdSchedulerFactory] - Default Quartz.NET properties loaded from embedded resource file 
2022-09-06 15:02:39,038: INFO [Quartz.Core.SchedulerSignalerImpl] - Initialized Scheduler Signaller of type: Quartz.Core.SchedulerSignalerImpl 
2022-09-06 15:02:39,041: INFO [Quartz.Core.QuartzScheduler] - Quartz Scheduler created 
2022-09-06 15:02:39,045: INFO [Quartz.Simpl.RAMJobStore] - RAMJobStore initialized. 
2022-09-06 15:02:39,056: INFO [Quartz.Core.QuartzScheduler] - Scheduler meta-data: Quartz Scheduler (v3.4.0.0) 'DefaultQuartzScheduler' with instanceId 'NON_CLUSTERED'
  Scheduler class: 'Quartz.Core.QuartzScheduler' - running locally.
  NOT STARTED.
  Currently in standby mode.
  Number of jobs executed: 0
  Using thread pool 'Quartz.Simpl.DefaultThreadPool' - with 10 threads.
  Using job-store 'Quartz.Simpl.RAMJobStore' - which does not support persistence. and is not clustered.
 
2022-09-06 15:02:39,059: INFO [Quartz.Impl.StdSchedulerFactory] - Quartz scheduler 'DefaultQuartzScheduler' initialized 
2022-09-06 15:02:39,062: INFO [Quartz.Impl.StdSchedulerFactory] - Quartz scheduler version: 3.4.0.0 
2022-09-06 15:02:39,084: INFO [Quartz.Core.QuartzScheduler] - Scheduler DefaultQuartzScheduler_$_NON_CLUSTERED started. 
2022-09-06 15:02:39,087: INFO [C:\Users\elsto\Documents\GitHub\PowerPeg-SQL-to-CSV\project\PowerPeg-SQL-to-CSV\PowerPeg-SQL-to-CSV\ProcessTask\BackgroundScheduler.cs] - Background Scheduler is running 
2022-09-06 15:02:39,266: INFO [C:\Users\elsto\Documents\GitHub\PowerPeg-SQL-to-CSV\project\PowerPeg-SQL-to-CSV\PowerPeg-SQL-to-CSV\ProcessTask\BackgroundProcessingJob.cs] - Backround job is created and running: DEFAULT.38e7048b-3c91-44d1-b5f6-becc9d71f295, UTCFiretime: 9/6/2022 7:02:39 AM +00:00 
2022-09-06 15:02:39,274: INFO [C:\Users\elsto\Documents\GitHub\PowerPeg-SQL-to-CSV\project\PowerPeg-SQL-to-CSV\PowerPeg-SQL-to-CSV\Gateway\JSONGateway.cs] - Import tasklist data 
2022-09-06 15:02:39,281: INFO [C:\Users\elsto\Documents\GitHub\PowerPeg-SQL-to-CSV\project\PowerPeg-SQL-to-CSV\PowerPeg-SQL-to-CSV\Gateway\JSONGateway.cs] - Import C:\Users\elsto\Documents\GitHub\PowerPeg-SQL-to-CSV\project\PowerPeg-SQL-to-CSV\App-UI\bin\Release\net6.0-windows\scheduledTask.json Json data 
2022-09-06 15:02:39,286: INFO [C:\Users\elsto\Documents\GitHub\PowerPeg-SQL-to-CSV\project\PowerPeg-SQL-to-CSV\PowerPeg-SQL-to-CSV\Gateway\JSONGateway.cs] - Finished import tasklist 
2022-09-06 15:02:39,289: INFO [C:\Users\elsto\Documents\GitHub\PowerPeg-SQL-to-CSV\project\PowerPeg-SQL-to-CSV\PowerPeg-SQL-to-CSV\ProcessTask\BackgroundProcessingJob.cs] - Finished background job, save the search task state 
2022-09-06 15:02:39,293: INFO [C:\Users\elsto\Documents\GitHub\PowerPeg-SQL-to-CSV\project\PowerPeg-SQL-to-CSV\PowerPeg-SQL-to-CSV\Gateway\JSONGateway.cs] - Update JSON tasklist data 
2022-09-06 15:02:40,491: INFO [C:\Users\elsto\Documents\GitHub\PowerPeg-SQL-to-CSV\project\PowerPeg-SQL-to-CSV\App-UI\GlobalFunction.cs] - User creating form 
2022-09-06 15:02:49,106: INFO [C:\Users\elsto\Documents\GitHub\PowerPeg-SQL-to-CSV\project\PowerPeg-SQL-to-CSV\PowerPeg-SQL-to-CSV\ProcessTask\BackgroundProcessingJob.cs] - Backround job is created and running: DEFAULT.38e7048b-3c91-44d1-b5f6-becc9d71f295, UTCFiretime: 9/6/2022 7:02:49 AM +00:00 
2022-09-06 15:02:49,108: INFO [C:\Users\elsto\Documents\GitHub\PowerPeg-SQL-to-CSV\project\PowerPeg-SQL-to-CSV\PowerPeg-SQL-to-CSV\Gateway\JSONGateway.cs] - Import tasklist data 
2022-09-06 15:02:49,109: INFO [C:\Users\elsto\Documents\GitHub\PowerPeg-SQL-to-CSV\project\PowerPeg-SQL-to-CSV\PowerPeg-SQL-to-CSV\Gateway\JSONGateway.cs] - Import C:\Users\elsto\Documents\GitHub\PowerPeg-SQL-to-CSV\project\PowerPeg-SQL-to-CSV\App-UI\bin\Release\net6.0-windows\scheduledTask.json Json data 
2022-09-06 15:02:49,112: INFO [C:\Users\elsto\Documents\GitHub\PowerPeg-SQL-to-CSV\project\PowerPeg-SQL-to-CSV\PowerPeg-SQL-to-CSV\Gateway\JSONGateway.cs] - Finished import tasklist 
2022-09-06 15:02:49,114: INFO [C:\Users\elsto\Documents\GitHub\PowerPeg-SQL-to-CSV\project\PowerPeg-SQL-to-CSV\PowerPeg-SQL-to-CSV\ProcessTask\BackgroundProcessingJob.cs] - Finished background job, save the search task state 
2022-09-06 15:02:49,115: INFO [C:\Users\elsto\Documents\GitHub\PowerPeg-SQL-to-CSV\project\PowerPeg-SQL-to-CSV\PowerPeg-SQL-to-CSV\Gateway\JSONGateway.cs] - Update JSON tasklist data 
2022-09-06 15:02:55,072: INFO [C:\Users\elsto\Documents\GitHub\PowerPeg-SQL-to-CSV\project\PowerPeg-SQL-to-CSV\App-UI\GlobalFunction.cs] - Processing App_UI.InstantGenerationTask 
2022-09-06 15:02:56,708: INFO [C:\Users\elsto\Documents\GitHub\PowerPeg-SQL-to-CSV\project\PowerPeg-SQL-to-CSV\App-UI\GlobalFunction.cs] - System will select the default path. 
2022-09-06 15:02:59,097: INFO [C:\Users\elsto\Documents\GitHub\PowerPeg-SQL-to-CSV\project\PowerPeg-SQL-to-CSV\PowerPeg-SQL-to-CSV\ProcessTask\BackgroundProcessingJob.cs] - Backround job is created and running: DEFAULT.38e7048b-3c91-44d1-b5f6-becc9d71f295, UTCFiretime: 9/6/2022 7:02:59 AM +00:00 
2022-09-06 15:02:59,099: INFO [C:\Users\elsto\Documents\GitHub\PowerPeg-SQL-to-CSV\project\PowerPeg-SQL-to-CSV\PowerPeg-SQL-to-CSV\Gateway\JSONGateway.cs] - Import tasklist data 
2022-09-06 15:02:59,100: INFO [C:\Users\elsto\Documents\GitHub\PowerPeg-SQL-to-CSV\project\PowerPeg-SQL-to-CSV\PowerPeg-SQL-to-CSV\Gateway\JSONGateway.cs] - Import C:\Users\elsto\Documents\GitHub\PowerPeg-SQL-to-CSV\project\PowerPeg-SQL-to-CSV\App-UI\bin\Release\net6.0-windows\scheduledTask.json Json data 
2022-09-06 15:02:59,102: INFO [C:\Users\elsto\Documents\GitHub\PowerPeg-SQL-to-CSV\project\PowerPeg-SQL-to-CSV\PowerPeg-SQL-to-CSV\Gateway\JSONGateway.cs] - Finished import tasklist 
2022-09-06 15:02:59,104: INFO [C:\Users\elsto\Documents\GitHub\PowerPeg-SQL-to-CSV\project\PowerPeg-SQL-to-CSV\PowerPeg-SQL-to-CSV\ProcessTask\BackgroundProcessingJob.cs] - Finished background job, save the search task state 
2022-09-06 15:02:59,105: INFO [C:\Users\elsto\Documents\GitHub\PowerPeg-SQL-to-CSV\project\PowerPeg-SQL-to-CSV\PowerPeg-SQL-to-CSV\Gateway\JSONGateway.cs] - Update JSON tasklist data 
2022-09-06 15:03:09,101: INFO [C:\Users\elsto\Documents\GitHub\PowerPeg-SQL-to-CSV\project\PowerPeg-SQL-to-CSV\PowerPeg-SQL-to-CSV\ProcessTask\BackgroundProcessingJob.cs] - Backround job is created and running: DEFAULT.38e7048b-3c91-44d1-b5f6-becc9d71f295, UTCFiretime: 9/6/2022 7:03:09 AM +00:00 
2022-09-06 15:03:09,102: INFO [C:\Users\elsto\Documents\GitHub\PowerPeg-SQL-to-CSV\project\PowerPeg-SQL-to-CSV\PowerPeg-SQL-to-CSV\Gateway\JSONGateway.cs] - Import tasklist data 
2022-09-06 15:03:09,104: INFO [C:\Users\elsto\Documents\GitHub\PowerPeg-SQL-to-CSV\project\PowerPeg-SQL-to-CSV\PowerPeg-SQL-to-CSV\Gateway\JSONGateway.cs] - Import C:\Users\elsto\Documents\GitHub\PowerPeg-SQL-to-CSV\project\PowerPeg-SQL-to-CSV\App-UI\bin\Release\net6.0-windows\scheduledTask.json Json data 
2022-09-06 15:03:09,106: INFO [C:\Users\elsto\Documents\GitHub\PowerPeg-SQL-to-CSV\project\PowerPeg-SQL-to-CSV\PowerPeg-SQL-to-CSV\Gateway\JSONGateway.cs] - Finished import tasklist 
2022-09-06 15:03:09,108: INFO [C:\Users\elsto\Documents\GitHub\PowerPeg-SQL-to-CSV\project\PowerPeg-SQL-to-CSV\PowerPeg-SQL-to-CSV\ProcessTask\BackgroundProcessingJob.cs] - Finished background job, save the search task state 
2022-09-06 15:03:09,109: INFO [C:\Users\elsto\Documents\GitHub\PowerPeg-SQL-to-CSV\project\PowerPeg-SQL-to-CSV\PowerPeg-SQL-to-CSV\Gateway\JSONGateway.cs] - Update JSON tasklist data 
2022-09-06 15:03:12,845: INFO [C:\Users\elsto\Documents\GitHub\PowerPeg-SQL-to-CSV\project\PowerPeg-SQL-to-CSV\App-UI\GlobalFunction.cs] - User confirm the settings, now run task. 
2022-09-06 15:03:12,847: INFO [C:\Users\elsto\Documents\GitHub\PowerPeg-SQL-to-CSV\project\PowerPeg-SQL-to-CSV\PowerPeg-SQL-to-CSV\SearchTask.cs] - Runing search on default_2022-09-06_15-02-56 
2022-09-06 15:03:12,851: INFO [C:\Users\elsto\Documents\GitHub\PowerPeg-SQL-to-CSV\project\PowerPeg-SQL-to-CSV\PowerPeg-SQL-to-CSV\Mode\InstantMode.cs] - Trigger instant mode search: InstantMode, 9/6/2022 3:02:56 PM, 8/21/2022 12:00:00 AM, 8/22/2022 11:59:59 PM, * 
2022-09-06 15:03:15,704: INFO [C:\Users\elsto\Documents\GitHub\PowerPeg-SQL-to-CSV\project\PowerPeg-SQL-to-CSV\PowerPeg-SQL-to-CSV\Gateway\DatabaseGateway.cs] - Recieved Database data of tablename: 3000STL10, start search date: 8/21/2022 12:00:00 AM, end search date: 8/22/2022 11:59:59 PM 
2022-09-06 15:03:15,712: INFO [C:\Users\elsto\Documents\GitHub\PowerPeg-SQL-to-CSV\project\PowerPeg-SQL-to-CSV\PowerPeg-SQL-to-CSV\Gateway\CSVGateway.cs] - Importing CSV mapping lookup: C:\Users\elsto\Documents\GitHub\PowerPeg-SQL-to-CSV\project\PowerPeg-SQL-to-CSV\App-UI\bin\Release\net6.0-windows\MappingTable.csv 
2022-09-06 15:03:15,755: INFO [C:\Users\elsto\Documents\GitHub\PowerPeg-SQL-to-CSV\project\PowerPeg-SQL-to-CSV\PowerPeg-SQL-to-CSV\Gateway\DatabaseGateway.cs] - Recieved Database data of tablename: 3000STL11, start search date: 8/21/2022 12:00:00 AM, end search date: 8/22/2022 11:59:59 PM 
2022-09-06 15:03:15,771: INFO [C:\Users\elsto\Documents\GitHub\PowerPeg-SQL-to-CSV\project\PowerPeg-SQL-to-CSV\PowerPeg-SQL-to-CSV\Gateway\DatabaseGateway.cs] - Recieved Database data of tablename: 3000STL12, start search date: 8/21/2022 12:00:00 AM, end search date: 8/22/2022 11:59:59 PM 
2022-09-06 15:03:15,784: INFO [C:\Users\elsto\Documents\GitHub\PowerPeg-SQL-to-CSV\project\PowerPeg-SQL-to-CSV\PowerPeg-SQL-to-CSV\Gateway\DatabaseGateway.cs] - Recieved Database data of tablename: 3000STL14, start search date: 8/21/2022 12:00:00 AM, end search date: 8/22/2022 11:59:59 PM 
2022-09-06 15:03:15,799: INFO [C:\Users\elsto\Documents\GitHub\PowerPeg-SQL-to-CSV\project\PowerPeg-SQL-to-CSV\PowerPeg-SQL-to-CSV\Gateway\DatabaseGateway.cs] - Recieved Database data of tablename: 3000STL15, start search date: 8/21/2022 12:00:00 AM, end search date: 8/22/2022 11:59:59 PM 
2022-09-06 15:03:15,821: INFO [C:\Users\elsto\Documents\GitHub\PowerPeg-SQL-to-CSV\project\PowerPeg-SQL-to-CSV\PowerPeg-SQL-to-CSV\Gateway\DatabaseGateway.cs] - Recieved Database data of tablename: 3000STL16, start search date: 8/21/2022 12:00:00 AM, end search date: 8/22/2022 11:59:59 PM 
2022-09-06 15:03:15,830: INFO [C:\Users\elsto\Documents\GitHub\PowerPeg-SQL-to-CSV\project\PowerPeg-SQL-to-CSV\PowerPeg-SQL-to-CSV\Gateway\DatabaseGateway.cs] - Recieved Database data of tablename: 3000STL17, start search date: 8/21/2022 12:00:00 AM, end search date: 8/22/2022 11:59:59 PM 
2022-09-06 15:03:15,839: INFO [C:\Users\elsto\Documents\GitHub\PowerPeg-SQL-to-CSV\project\PowerPeg-SQL-to-CSV\PowerPeg-SQL-to-CSV\Gateway\DatabaseGateway.cs] - Recieved Database data of tablename: 3000STL18, start search date: 8/21/2022 12:00:00 AM, end search date: 8/22/2022 11:59:59 PM 
2022-09-06 15:03:15,854: INFO [C:\Users\elsto\Documents\GitHub\PowerPeg-SQL-to-CSV\project\PowerPeg-SQL-to-CSV\PowerPeg-SQL-to-CSV\Gateway\DatabaseGateway.cs] - Recieved Database data of tablename: 3000STL19, start search date: 8/21/2022 12:00:00 AM, end search date: 8/22/2022 11:59:59 PM 
2022-09-06 15:03:15,868: INFO [C:\Users\elsto\Documents\GitHub\PowerPeg-SQL-to-CSV\project\PowerPeg-SQL-to-CSV\PowerPeg-SQL-to-CSV\Gateway\DatabaseGateway.cs] - Recieved Database data of tablename: 3000STL20, start search date: 8/21/2022 12:00:00 AM, end search date: 8/22/2022 11:59:59 PM 
2022-09-06 15:03:15,883: INFO [C:\Users\elsto\Documents\GitHub\PowerPeg-SQL-to-CSV\project\PowerPeg-SQL-to-CSV\PowerPeg-SQL-to-CSV\Gateway\DatabaseGateway.cs] - Recieved Database data of tablename: 3000STL21, start search date: 8/21/2022 12:00:00 AM, end search date: 8/22/2022 11:59:59 PM 
2022-09-06 15:03:15,897: INFO [C:\Users\elsto\Documents\GitHub\PowerPeg-SQL-to-CSV\project\PowerPeg-SQL-to-CSV\PowerPeg-SQL-to-CSV\Gateway\DatabaseGateway.cs] - Recieved Database data of tablename: 3000STL22, start search date: 8/21/2022 12:00:00 AM, end search date: 8/22/2022 11:59:59 PM 
2022-09-06 15:03:15,914: INFO [C:\Users\elsto\Documents\GitHub\PowerPeg-SQL-to-CSV\project\PowerPeg-SQL-to-CSV\PowerPeg-SQL-to-CSV\Gateway\DatabaseGateway.cs] - Recieved Database data of tablename: 3000STL23, start search date: 8/21/2022 12:00:00 AM, end search date: 8/22/2022 11:59:59 PM 
2022-09-06 15:03:15,929: INFO [C:\Users\elsto\Documents\GitHub\PowerPeg-SQL-to-CSV\project\PowerPeg-SQL-to-CSV\PowerPeg-SQL-to-CSV\Gateway\DatabaseGateway.cs] - Recieved Database data of tablename: 3000STL24, start search date: 8/21/2022 12:00:00 AM, end search date: 8/22/2022 11:59:59 PM 
2022-09-06 15:03:15,949: INFO [C:\Users\elsto\Documents\GitHub\PowerPeg-SQL-to-CSV\project\PowerPeg-SQL-to-CSV\PowerPeg-SQL-to-CSV\Gateway\DatabaseGateway.cs] - Recieved Database data of tablename: 3000STL25, start search date: 8/21/2022 12:00:00 AM, end search date: 8/22/2022 11:59:59 PM 
2022-09-06 15:03:15,963: INFO [C:\Users\elsto\Documents\GitHub\PowerPeg-SQL-to-CSV\project\PowerPeg-SQL-to-CSV\PowerPeg-SQL-to-CSV\Gateway\DatabaseGateway.cs] - Recieved Database data of tablename: 3000STL34, start search date: 8/21/2022 12:00:00 AM, end search date: 8/22/2022 11:59:59 PM 
2022-09-06 15:03:15,979: INFO [C:\Users\elsto\Documents\GitHub\PowerPeg-SQL-to-CSV\project\PowerPeg-SQL-to-CSV\PowerPeg-SQL-to-CSV\Gateway\DatabaseGateway.cs] - Recieved Database data of tablename: 3000STL35, start search date: 8/21/2022 12:00:00 AM, end search date: 8/22/2022 11:59:59 PM 
2022-09-06 15:03:15,991: INFO [C:\Users\elsto\Documents\GitHub\PowerPeg-SQL-to-CSV\project\PowerPeg-SQL-to-CSV\PowerPeg-SQL-to-CSV\Gateway\DatabaseGateway.cs] - Recieved Database data of tablename: 3000STL36, start search date: 8/21/2022 12:00:00 AM, end search date: 8/22/2022 11:59:59 PM 
2022-09-06 15:03:16,011: INFO [C:\Users\elsto\Documents\GitHub\PowerPeg-SQL-to-CSV\project\PowerPeg-SQL-to-CSV\PowerPeg-SQL-to-CSV\Gateway\DatabaseGateway.cs] - Recieved Database data of tablename: 3000STL37, start search date: 8/21/2022 12:00:00 AM, end search date: 8/22/2022 11:59:59 PM 
2022-09-06 15:03:16,024: INFO [C:\Users\elsto\Documents\GitHub\PowerPeg-SQL-to-CSV\project\PowerPeg-SQL-to-CSV\PowerPeg-SQL-to-CSV\Gateway\DatabaseGateway.cs] - Recieved Database data of tablename: 3000STL38, start search date: 8/21/2022 12:00:00 AM, end search date: 8/22/2022 11:59:59 PM 
2022-09-06 15:03:16,037: INFO [C:\Users\elsto\Documents\GitHub\PowerPeg-SQL-to-CSV\project\PowerPeg-SQL-to-CSV\PowerPeg-SQL-to-CSV\Gateway\DatabaseGateway.cs] - Recieved Database data of tablename: 3000STL39, start search date: 8/21/2022 12:00:00 AM, end search date: 8/22/2022 11:59:59 PM 
2022-09-06 15:03:16,050: INFO [C:\Users\elsto\Documents\GitHub\PowerPeg-SQL-to-CSV\project\PowerPeg-SQL-to-CSV\PowerPeg-SQL-to-CSV\Gateway\DatabaseGateway.cs] - Recieved Database data of tablename: 3000STL40, start search date: 8/21/2022 12:00:00 AM, end search date: 8/22/2022 11:59:59 PM 
2022-09-06 15:03:16,071: INFO [C:\Users\elsto\Documents\GitHub\PowerPeg-SQL-to-CSV\project\PowerPeg-SQL-to-CSV\PowerPeg-SQL-to-CSV\Gateway\DatabaseGateway.cs] - Recieved Database data of tablename: 3000STL41, start search date: 8/21/2022 12:00:00 AM, end search date: 8/22/2022 11:59:59 PM 
2022-09-06 15:03:16,089: INFO [C:\Users\elsto\Documents\GitHub\PowerPeg-SQL-to-CSV\project\PowerPeg-SQL-to-CSV\PowerPeg-SQL-to-CSV\Gateway\DatabaseGateway.cs] - Recieved Database data of tablename: 3000STL42, start search date: 8/21/2022 12:00:00 AM, end search date: 8/22/2022 11:59:59 PM 
2022-09-06 15:03:16,102: INFO [C:\Users\elsto\Documents\GitHub\PowerPeg-SQL-to-CSV\project\PowerPeg-SQL-to-CSV\PowerPeg-SQL-to-CSV\Gateway\DatabaseGateway.cs] - Recieved Database data of tablename: 3000STL43, start search date: 8/21/2022 12:00:00 AM, end search date: 8/22/2022 11:59:59 PM 
2022-09-06 15:03:16,116: INFO [C:\Users\elsto\Documents\GitHub\PowerPeg-SQL-to-CSV\project\PowerPeg-SQL-to-CSV\PowerPeg-SQL-to-CSV\Gateway\DatabaseGateway.cs] - Recieved Database data of tablename: 3000STL44, start search date: 8/21/2022 12:00:00 AM, end search date: 8/22/2022 11:59:59 PM 
2022-09-06 15:03:16,140: INFO [C:\Users\elsto\Documents\GitHub\PowerPeg-SQL-to-CSV\project\PowerPeg-SQL-to-CSV\PowerPeg-SQL-to-CSV\Gateway\DatabaseGateway.cs] - Recieved Database data of tablename: 3000STL45, start search date: 8/21/2022 12:00:00 AM, end search date: 8/22/2022 11:59:59 PM 
2022-09-06 15:03:16,156: INFO [C:\Users\elsto\Documents\GitHub\PowerPeg-SQL-to-CSV\project\PowerPeg-SQL-to-CSV\PowerPeg-SQL-to-CSV\Gateway\DatabaseGateway.cs] - Recieved Database data of tablename: 3000STL46, start search date: 8/21/2022 12:00:00 AM, end search date: 8/22/2022 11:59:59 PM 
2022-09-06 15:03:16,172: INFO [C:\Users\elsto\Documents\GitHub\PowerPeg-SQL-to-CSV\project\PowerPeg-SQL-to-CSV\PowerPeg-SQL-to-CSV\Gateway\DatabaseGateway.cs] - Recieved Database data of tablename: 3000STL47, start search date: 8/21/2022 12:00:00 AM, end search date: 8/22/2022 11:59:59 PM 
2022-09-06 15:03:16,186: INFO [C:\Users\elsto\Documents\GitHub\PowerPeg-SQL-to-CSV\project\PowerPeg-SQL-to-CSV\PowerPeg-SQL-to-CSV\Gateway\DatabaseGateway.cs] - Recieved Database data of tablename: 3000STL48, start search date: 8/21/2022 12:00:00 AM, end search date: 8/22/2022 11:59:59 PM 
2022-09-06 15:03:16,204: INFO [C:\Users\elsto\Documents\GitHub\PowerPeg-SQL-to-CSV\project\PowerPeg-SQL-to-CSV\PowerPeg-SQL-to-CSV\Gateway\DatabaseGateway.cs] - Recieved Database data of tablename: 3000STL297, start search date: 8/21/2022 12:00:00 AM, end search date: 8/22/2022 11:59:59 PM 
2022-09-06 15:03:16,236: INFO [C:\Users\elsto\Documents\GitHub\PowerPeg-SQL-to-CSV\project\PowerPeg-SQL-to-CSV\PowerPeg-SQL-to-CSV\Gateway\DatabaseGateway.cs] - Recieved Database data of tablename: 3000STL298, start search date: 8/21/2022 12:00:00 AM, end search date: 8/22/2022 11:59:59 PM 
2022-09-06 15:03:16,256: INFO [C:\Users\elsto\Documents\GitHub\PowerPeg-SQL-to-CSV\project\PowerPeg-SQL-to-CSV\PowerPeg-SQL-to-CSV\Gateway\DatabaseGateway.cs] - Recieved Database data of tablename: 3000STL299, start search date: 8/21/2022 12:00:00 AM, end search date: 8/22/2022 11:59:59 PM 
2022-09-06 15:03:16,281: INFO [C:\Users\elsto\Documents\GitHub\PowerPeg-SQL-to-CSV\project\PowerPeg-SQL-to-CSV\PowerPeg-SQL-to-CSV\Gateway\DatabaseGateway.cs] - Recieved Database data of tablename: 3000STL300, start search date: 8/21/2022 12:00:00 AM, end search date: 8/22/2022 11:59:59 PM 
2022-09-06 15:03:16,299: INFO [C:\Users\elsto\Documents\GitHub\PowerPeg-SQL-to-CSV\project\PowerPeg-SQL-to-CSV\PowerPeg-SQL-to-CSV\Gateway\DatabaseGateway.cs] - Recieved Database data of tablename: 3000STL49, start search date: 8/21/2022 12:00:00 AM, end search date: 8/22/2022 11:59:59 PM 
2022-09-06 15:03:16,327: INFO [C:\Users\elsto\Documents\GitHub\PowerPeg-SQL-to-CSV\project\PowerPeg-SQL-to-CSV\PowerPeg-SQL-to-CSV\Gateway\DatabaseGateway.cs] - Recieved Database data of tablename: 3000STL50, start search date: 8/21/2022 12:00:00 AM, end search date: 8/22/2022 11:59:59 PM 
2022-09-06 15:03:16,352: INFO [C:\Users\elsto\Documents\GitHub\PowerPeg-SQL-to-CSV\project\PowerPeg-SQL-to-CSV\PowerPeg-SQL-to-CSV\Gateway\DatabaseGateway.cs] - Recieved Database data of tablename: 3000STL51, start search date: 8/21/2022 12:00:00 AM, end search date: 8/22/2022 11:59:59 PM 
2022-09-06 15:03:16,368: INFO [C:\Users\elsto\Documents\GitHub\PowerPeg-SQL-to-CSV\project\PowerPeg-SQL-to-CSV\PowerPeg-SQL-to-CSV\Gateway\DatabaseGateway.cs] - Recieved Database data of tablename: 3000STL52, start search date: 8/21/2022 12:00:00 AM, end search date: 8/22/2022 11:59:59 PM 
2022-09-06 15:03:16,388: INFO [C:\Users\elsto\Documents\GitHub\PowerPeg-SQL-to-CSV\project\PowerPeg-SQL-to-CSV\PowerPeg-SQL-to-CSV\Gateway\DatabaseGateway.cs] - Recieved Database data of tablename: 3000STL58, start search date: 8/21/2022 12:00:00 AM, end search date: 8/22/2022 11:59:59 PM 
2022-09-06 15:03:16,402: INFO [C:\Users\elsto\Documents\GitHub\PowerPeg-SQL-to-CSV\project\PowerPeg-SQL-to-CSV\PowerPeg-SQL-to-CSV\Gateway\DatabaseGateway.cs] - Recieved Database data of tablename: 3000STL59, start search date: 8/21/2022 12:00:00 AM, end search date: 8/22/2022 11:59:59 PM 
2022-09-06 15:03:16,421: INFO [C:\Users\elsto\Documents\GitHub\PowerPeg-SQL-to-CSV\project\PowerPeg-SQL-to-CSV\PowerPeg-SQL-to-CSV\Gateway\DatabaseGateway.cs] - Recieved Database data of tablename: 3000STL60, start search date: 8/21/2022 12:00:00 AM, end search date: 8/22/2022 11:59:59 PM 
2022-09-06 15:03:16,442: INFO [C:\Users\elsto\Documents\GitHub\PowerPeg-SQL-to-CSV\project\PowerPeg-SQL-to-CSV\PowerPeg-SQL-to-CSV\Gateway\DatabaseGateway.cs] - Recieved Database data of tablename: 3000STL61, start search date: 8/21/2022 12:00:00 AM, end search date: 8/22/2022 11:59:59 PM 
2022-09-06 15:03:16,461: INFO [C:\Users\elsto\Documents\GitHub\PowerPeg-SQL-to-CSV\project\PowerPeg-SQL-to-CSV\PowerPeg-SQL-to-CSV\Gateway\DatabaseGateway.cs] - Recieved Database data of tablename: 3000STL67, start search date: 8/21/2022 12:00:00 AM, end search date: 8/22/2022 11:59:59 PM 
2022-09-06 15:03:16,481: INFO [C:\Users\elsto\Documents\GitHub\PowerPeg-SQL-to-CSV\project\PowerPeg-SQL-to-CSV\PowerPeg-SQL-to-CSV\Gateway\DatabaseGateway.cs] - Recieved Database data of tablename: 3000STL68, start search date: 8/21/2022 12:00:00 AM, end search date: 8/22/2022 11:59:59 PM 
2022-09-06 15:03:16,504: INFO [C:\Users\elsto\Documents\GitHub\PowerPeg-SQL-to-CSV\project\PowerPeg-SQL-to-CSV\PowerPeg-SQL-to-CSV\Gateway\DatabaseGateway.cs] - Recieved Database data of tablename: 3000STL69, start search date: 8/21/2022 12:00:00 AM, end search date: 8/22/2022 11:59:59 PM 
2022-09-06 15:03:16,526: INFO [C:\Users\elsto\Documents\GitHub\PowerPeg-SQL-to-CSV\project\PowerPeg-SQL-to-CSV\PowerPeg-SQL-to-CSV\Gateway\DatabaseGateway.cs] - Recieved Database data of tablename: 3000STL70, start search date: 8/21/2022 12:00:00 AM, end search date: 8/22/2022 11:59:59 PM 
2022-09-06 15:03:16,545: INFO [C:\Users\elsto\Documents\GitHub\PowerPeg-SQL-to-CSV\project\PowerPeg-SQL-to-CSV\PowerPeg-SQL-to-CSV\Gateway\DatabaseGateway.cs] - Recieved Database data of tablename: 3000STL76, start search date: 8/21/2022 12:00:00 AM, end search date: 8/22/2022 11:59:59 PM 
2022-09-06 15:03:16,569: INFO [C:\Users\elsto\Documents\GitHub\PowerPeg-SQL-to-CSV\project\PowerPeg-SQL-to-CSV\PowerPeg-SQL-to-CSV\Gateway\DatabaseGateway.cs] - Recieved Database data of tablename: 3000STL77, start search date: 8/21/2022 12:00:00 AM, end search date: 8/22/2022 11:59:59 PM 
2022-09-06 15:03:16,592: INFO [C:\Users\elsto\Documents\GitHub\PowerPeg-SQL-to-CSV\project\PowerPeg-SQL-to-CSV\PowerPeg-SQL-to-CSV\Gateway\DatabaseGateway.cs] - Recieved Database data of tablename: 3000STL78, start search date: 8/21/2022 12:00:00 AM, end search date: 8/22/2022 11:59:59 PM 
2022-09-06 15:03:16,615: INFO [C:\Users\elsto\Documents\GitHub\PowerPeg-SQL-to-CSV\project\PowerPeg-SQL-to-CSV\PowerPeg-SQL-to-CSV\Gateway\DatabaseGateway.cs] - Recieved Database data of tablename: 3000STL79, start search date: 8/21/2022 12:00:00 AM, end search date: 8/22/2022 11:59:59 PM 
2022-09-06 15:03:16,646: INFO [C:\Users\elsto\Documents\GitHub\PowerPeg-SQL-to-CSV\project\PowerPeg-SQL-to-CSV\PowerPeg-SQL-to-CSV\Gateway\DatabaseGateway.cs] - Recieved Database data of tablename: 3000STL93, start search date: 8/21/2022 12:00:00 AM, end search date: 8/22/2022 11:59:59 PM 
2022-09-06 15:03:16,670: INFO [C:\Users\elsto\Documents\GitHub\PowerPeg-SQL-to-CSV\project\PowerPeg-SQL-to-CSV\PowerPeg-SQL-to-CSV\Gateway\DatabaseGateway.cs] - Recieved Database data of tablename: 3000STL94, start search date: 8/21/2022 12:00:00 AM, end search date: 8/22/2022 11:59:59 PM 
2022-09-06 15:03:16,694: INFO [C:\Users\elsto\Documents\GitHub\PowerPeg-SQL-to-CSV\project\PowerPeg-SQL-to-CSV\PowerPeg-SQL-to-CSV\Gateway\DatabaseGateway.cs] - Recieved Database data of tablename: 3000STL95, start search date: 8/21/2022 12:00:00 AM, end search date: 8/22/2022 11:59:59 PM 
2022-09-06 15:03:16,724: INFO [C:\Users\elsto\Documents\GitHub\PowerPeg-SQL-to-CSV\project\PowerPeg-SQL-to-CSV\PowerPeg-SQL-to-CSV\Gateway\DatabaseGateway.cs] - Recieved Database data of tablename: 3000STL96, start search date: 8/21/2022 12:00:00 AM, end search date: 8/22/2022 11:59:59 PM 
2022-09-06 15:03:16,745: INFO [C:\Users\elsto\Documents\GitHub\PowerPeg-SQL-to-CSV\project\PowerPeg-SQL-to-CSV\PowerPeg-SQL-to-CSV\Gateway\DatabaseGateway.cs] - Recieved Database data of tablename: 3000STL97, start search date: 8/21/2022 12:00:00 AM, end search date: 8/22/2022 11:59:59 PM 
2022-09-06 15:03:16,774: INFO [C:\Users\elsto\Documents\GitHub\PowerPeg-SQL-to-CSV\project\PowerPeg-SQL-to-CSV\PowerPeg-SQL-to-CSV\Gateway\DatabaseGateway.cs] - Recieved Database data of tablename: 3000STL98, start search date: 8/21/2022 12:00:00 AM, end search date: 8/22/2022 11:59:59 PM 
2022-09-06 15:03:16,802: INFO [C:\Users\elsto\Documents\GitHub\PowerPeg-SQL-to-CSV\project\PowerPeg-SQL-to-CSV\PowerPeg-SQL-to-CSV\Gateway\DatabaseGateway.cs] - Recieved Database data of tablename: 3000STL99, start search date: 8/21/2022 12:00:00 AM, end search date: 8/22/2022 11:59:59 PM 
2022-09-06 15:03:16,847: INFO [C:\Users\elsto\Documents\GitHub\PowerPeg-SQL-to-CSV\project\PowerPeg-SQL-to-CSV\PowerPeg-SQL-to-CSV\Gateway\DatabaseGateway.cs] - Recieved Database data of tablename: 3000STL110, start search date: 8/21/2022 12:00:00 AM, end search date: 8/22/2022 11:59:59 PM 
2022-09-06 15:03:16,880: INFO [C:\Users\elsto\Documents\GitHub\PowerPeg-SQL-to-CSV\project\PowerPeg-SQL-to-CSV\PowerPeg-SQL-to-CSV\Gateway\DatabaseGateway.cs] - Recieved Database data of tablename: 3000STL111, start search date: 8/21/2022 12:00:00 AM, end search date: 8/22/2022 11:59:59 PM 
2022-09-06 15:03:16,908: INFO [C:\Users\elsto\Documents\GitHub\PowerPeg-SQL-to-CSV\project\PowerPeg-SQL-to-CSV\PowerPeg-SQL-to-CSV\Gateway\DatabaseGateway.cs] - Recieved Database data of tablename: 3000STL112, start search date: 8/21/2022 12:00:00 AM, end search date: 8/22/2022 11:59:59 PM 
2022-09-06 15:03:16,932: INFO [C:\Users\elsto\Documents\GitHub\PowerPeg-SQL-to-CSV\project\PowerPeg-SQL-to-CSV\PowerPeg-SQL-to-CSV\Gateway\DatabaseGateway.cs] - Recieved Database data of tablename: 3000STL113, start search date: 8/21/2022 12:00:00 AM, end search date: 8/22/2022 11:59:59 PM 
2022-09-06 15:03:16,955: INFO [C:\Users\elsto\Documents\GitHub\PowerPeg-SQL-to-CSV\project\PowerPeg-SQL-to-CSV\PowerPeg-SQL-to-CSV\Gateway\DatabaseGateway.cs] - Recieved Database data of tablename: 3000STL114, start search date: 8/21/2022 12:00:00 AM, end search date: 8/22/2022 11:59:59 PM 
2022-09-06 15:03:16,976: INFO [C:\Users\elsto\Documents\GitHub\PowerPeg-SQL-to-CSV\project\PowerPeg-SQL-to-CSV\PowerPeg-SQL-to-CSV\Gateway\DatabaseGateway.cs] - Recieved Database data of tablename: 3000STL115, start search date: 8/21/2022 12:00:00 AM, end search date: 8/22/2022 11:59:59 PM 
2022-09-06 15:03:16,997: INFO [C:\Users\elsto\Documents\GitHub\PowerPeg-SQL-to-CSV\project\PowerPeg-SQL-to-CSV\PowerPeg-SQL-to-CSV\Gateway\DatabaseGateway.cs] - Recieved Database data of tablename: 3000STL116, start search date: 8/21/2022 12:00:00 AM, end search date: 8/22/2022 11:59:59 PM 
2022-09-06 15:03:17,023: INFO [C:\Users\elsto\Documents\GitHub\PowerPeg-SQL-to-CSV\project\PowerPeg-SQL-to-CSV\PowerPeg-SQL-to-CSV\Gateway\DatabaseGateway.cs] - Recieved Database data of tablename: 3000STL117, start search date: 8/21/2022 12:00:00 AM, end search date: 8/22/2022 11:59:59 PM 
2022-09-06 15:03:17,047: INFO [C:\Users\elsto\Documents\GitHub\PowerPeg-SQL-to-CSV\project\PowerPeg-SQL-to-CSV\PowerPeg-SQL-to-CSV\Gateway\DatabaseGateway.cs] - Recieved Database data of tablename: 3000STL128, start search date: 8/21/2022 12:00:00 AM, end search date: 8/22/2022 11:59:59 PM 
2022-09-06 15:03:17,076: INFO [C:\Users\elsto\Documents\GitHub\PowerPeg-SQL-to-CSV\project\PowerPeg-SQL-to-CSV\PowerPeg-SQL-to-CSV\Gateway\DatabaseGateway.cs] - Recieved Database data of tablename: 3000STL129, start search date: 8/21/2022 12:00:00 AM, end search date: 8/22/2022 11:59:59 PM 
2022-09-06 15:03:17,099: INFO [C:\Users\elsto\Documents\GitHub\PowerPeg-SQL-to-CSV\project\PowerPeg-SQL-to-CSV\PowerPeg-SQL-to-CSV\Gateway\DatabaseGateway.cs] - Recieved Database data of tablename: 3000STL130, start search date: 8/21/2022 12:00:00 AM, end search date: 8/22/2022 11:59:59 PM 
2022-09-06 15:03:17,125: INFO [C:\Users\elsto\Documents\GitHub\PowerPeg-SQL-to-CSV\project\PowerPeg-SQL-to-CSV\PowerPeg-SQL-to-CSV\Gateway\DatabaseGateway.cs] - Recieved Database data of tablename: 3000STL131, start search date: 8/21/2022 12:00:00 AM, end search date: 8/22/2022 11:59:59 PM 
2022-09-06 15:03:17,152: INFO [C:\Users\elsto\Documents\GitHub\PowerPeg-SQL-to-CSV\project\PowerPeg-SQL-to-CSV\PowerPeg-SQL-to-CSV\Gateway\DatabaseGateway.cs] - Recieved Database data of tablename: 3000STL132, start search date: 8/21/2022 12:00:00 AM, end search date: 8/22/2022 11:59:59 PM 
2022-09-06 15:03:17,176: INFO [C:\Users\elsto\Documents\GitHub\PowerPeg-SQL-to-CSV\project\PowerPeg-SQL-to-CSV\PowerPeg-SQL-to-CSV\Gateway\DatabaseGateway.cs] - Recieved Database data of tablename: 3000STL133, start search date: 8/21/2022 12:00:00 AM, end search date: 8/22/2022 11:59:59 PM 
2022-09-06 15:03:17,215: INFO [C:\Users\elsto\Documents\GitHub\PowerPeg-SQL-to-CSV\project\PowerPeg-SQL-to-CSV\PowerPeg-SQL-to-CSV\Gateway\DatabaseGateway.cs] - Recieved Database data of tablename: 3000STL134, start search date: 8/21/2022 12:00:00 AM, end search date: 8/22/2022 11:59:59 PM 
2022-09-06 15:03:17,259: INFO [C:\Users\elsto\Documents\GitHub\PowerPeg-SQL-to-CSV\project\PowerPeg-SQL-to-CSV\PowerPeg-SQL-to-CSV\Gateway\DatabaseGateway.cs] - Recieved Database data of tablename: 3000STL135, start search date: 8/21/2022 12:00:00 AM, end search date: 8/22/2022 11:59:59 PM 
2022-09-06 15:03:17,324: INFO [C:\Users\elsto\Documents\GitHub\PowerPeg-SQL-to-CSV\project\PowerPeg-SQL-to-CSV\PowerPeg-SQL-to-CSV\Gateway\DatabaseGateway.cs] - Recieved Database data of tablename: 3000STL146, start search date: 8/21/2022 12:00:00 AM, end search date: 8/22/2022 11:59:59 PM 
2022-09-06 15:03:17,366: INFO [C:\Users\elsto\Documents\GitHub\PowerPeg-SQL-to-CSV\project\PowerPeg-SQL-to-CSV\PowerPeg-SQL-to-CSV\Gateway\DatabaseGateway.cs] - Recieved Database data of tablename: 3000STL147, start search date: 8/21/2022 12:00:00 AM, end search date: 8/22/2022 11:59:59 PM 
2022-09-06 15:03:17,405: INFO [C:\Users\elsto\Documents\GitHub\PowerPeg-SQL-to-CSV\project\PowerPeg-SQL-to-CSV\PowerPeg-SQL-to-CSV\Gateway\DatabaseGateway.cs] - Recieved Database data of tablename: 3000STL148, start search date: 8/21/2022 12:00:00 AM, end search date: 8/22/2022 11:59:59 PM 
2022-09-06 15:03:17,443: INFO [C:\Users\elsto\Documents\GitHub\PowerPeg-SQL-to-CSV\project\PowerPeg-SQL-to-CSV\PowerPeg-SQL-to-CSV\Gateway\DatabaseGateway.cs] - Recieved Database data of tablename: 3000STL149, start search date: 8/21/2022 12:00:00 AM, end search date: 8/22/2022 11:59:59 PM 
2022-09-06 15:03:17,480: INFO [C:\Users\elsto\Documents\GitHub\PowerPeg-SQL-to-CSV\project\PowerPeg-SQL-to-CSV\PowerPeg-SQL-to-CSV\Gateway\DatabaseGateway.cs] - Recieved Database data of tablename: 3000STL150, start search date: 8/21/2022 12:00:00 AM, end search date: 8/22/2022 11:59:59 PM 
2022-09-06 15:03:17,507: INFO [C:\Users\elsto\Documents\GitHub\PowerPeg-SQL-to-CSV\project\PowerPeg-SQL-to-CSV\PowerPeg-SQL-to-CSV\Gateway\DatabaseGateway.cs] - Recieved Database data of tablename: 3000STL151, start search date: 8/21/2022 12:00:00 AM, end search date: 8/22/2022 11:59:59 PM 
2022-09-06 15:03:17,545: INFO [C:\Users\elsto\Documents\GitHub\PowerPeg-SQL-to-CSV\project\PowerPeg-SQL-to-CSV\PowerPeg-SQL-to-CSV\Gateway\DatabaseGateway.cs] - Recieved Database data of tablename: 3000STL152, start search date: 8/21/2022 12:00:00 AM, end search date: 8/22/2022 11:59:59 PM 
2022-09-06 15:03:17,580: INFO [C:\Users\elsto\Documents\GitHub\PowerPeg-SQL-to-CSV\project\PowerPeg-SQL-to-CSV\PowerPeg-SQL-to-CSV\Gateway\DatabaseGateway.cs] - Recieved Database data of tablename: 3000STL153, start search date: 8/21/2022 12:00:00 AM, end search date: 8/22/2022 11:59:59 PM 
2022-09-06 15:03:17,618: INFO [C:\Users\elsto\Documents\GitHub\PowerPeg-SQL-to-CSV\project\PowerPeg-SQL-to-CSV\PowerPeg-SQL-to-CSV\Gateway\DatabaseGateway.cs] - Recieved Database data of tablename: 3000STL164, start search date: 8/21/2022 12:00:00 AM, end search date: 8/22/2022 11:59:59 PM 
2022-09-06 15:03:17,666: INFO [C:\Users\elsto\Documents\GitHub\PowerPeg-SQL-to-CSV\project\PowerPeg-SQL-to-CSV\PowerPeg-SQL-to-CSV\Gateway\DatabaseGateway.cs] - Recieved Database data of tablename: 4000STL273, start search date: 8/21/2022 12:00:00 AM, end search date: 8/22/2022 11:59:59 PM 
2022-09-06 15:03:17,711: INFO [C:\Users\elsto\Documents\GitHub\PowerPeg-SQL-to-CSV\project\PowerPeg-SQL-to-CSV\PowerPeg-SQL-to-CSV\Gateway\DatabaseGateway.cs] - Recieved Database data of tablename: 4000STL274, start search date: 8/21/2022 12:00:00 AM, end search date: 8/22/2022 11:59:59 PM 
2022-09-06 15:03:17,753: INFO [C:\Users\elsto\Documents\GitHub\PowerPeg-SQL-to-CSV\project\PowerPeg-SQL-to-CSV\PowerPeg-SQL-to-CSV\Gateway\DatabaseGateway.cs] - Recieved Database data of tablename: 4000STL275, start search date: 8/21/2022 12:00:00 AM, end search date: 8/22/2022 11:59:59 PM 
2022-09-06 15:03:17,799: INFO [C:\Users\elsto\Documents\GitHub\PowerPeg-SQL-to-CSV\project\PowerPeg-SQL-to-CSV\PowerPeg-SQL-to-CSV\Gateway\DatabaseGateway.cs] - Recieved Database data of tablename: 4000STL276, start search date: 8/21/2022 12:00:00 AM, end search date: 8/22/2022 11:59:59 PM 
2022-09-06 15:03:17,850: INFO [C:\Users\elsto\Documents\GitHub\PowerPeg-SQL-to-CSV\project\PowerPeg-SQL-to-CSV\PowerPeg-SQL-to-CSV\Gateway\DatabaseGateway.cs] - Recieved Database data of tablename: 4000STL277, start search date: 8/21/2022 12:00:00 AM, end search date: 8/22/2022 11:59:59 PM 
2022-09-06 15:03:17,893: INFO [C:\Users\elsto\Documents\GitHub\PowerPeg-SQL-to-CSV\project\PowerPeg-SQL-to-CSV\PowerPeg-SQL-to-CSV\Gateway\DatabaseGateway.cs] - Recieved Database data of tablename: 4000STL278, start search date: 8/21/2022 12:00:00 AM, end search date: 8/22/2022 11:59:59 PM 
2022-09-06 15:03:17,932: INFO [C:\Users\elsto\Documents\GitHub\PowerPeg-SQL-to-CSV\project\PowerPeg-SQL-to-CSV\PowerPeg-SQL-to-CSV\Gateway\DatabaseGateway.cs] - Recieved Database data of tablename: 4000STL279, start search date: 8/21/2022 12:00:00 AM, end search date: 8/22/2022 11:59:59 PM 
2022-09-06 15:03:17,974: INFO [C:\Users\elsto\Documents\GitHub\PowerPeg-SQL-to-CSV\project\PowerPeg-SQL-to-CSV\PowerPeg-SQL-to-CSV\Gateway\DatabaseGateway.cs] - Recieved Database data of tablename: 4000STL280, start search date: 8/21/2022 12:00:00 AM, end search date: 8/22/2022 11:59:59 PM 
2022-09-06 15:03:18,008: INFO [C:\Users\elsto\Documents\GitHub\PowerPeg-SQL-to-CSV\project\PowerPeg-SQL-to-CSV\PowerPeg-SQL-to-CSV\Gateway\DatabaseGateway.cs] - Recieved Database data of tablename: 4000STL281, start search date: 8/21/2022 12:00:00 AM, end search date: 8/22/2022 11:59:59 PM 
2022-09-06 15:03:18,076: INFO [C:\Users\elsto\Documents\GitHub\PowerPeg-SQL-to-CSV\project\PowerPeg-SQL-to-CSV\PowerPeg-SQL-to-CSV\Gateway\DatabaseGateway.cs] - Recieved Database data of tablename: 4000STL282, start search date: 8/21/2022 12:00:00 AM, end search date: 8/22/2022 11:59:59 PM 
2022-09-06 15:03:18,112: INFO [C:\Users\elsto\Documents\GitHub\PowerPeg-SQL-to-CSV\project\PowerPeg-SQL-to-CSV\PowerPeg-SQL-to-CSV\Gateway\DatabaseGateway.cs] - Recieved Database data of tablename: 4000STL283, start search date: 8/21/2022 12:00:00 AM, end search date: 8/22/2022 11:59:59 PM 
2022-09-06 15:03:18,166: INFO [C:\Users\elsto\Documents\GitHub\PowerPeg-SQL-to-CSV\project\PowerPeg-SQL-to-CSV\PowerPeg-SQL-to-CSV\Gateway\DatabaseGateway.cs] - Recieved Database data of tablename: 4000STL284, start search date: 8/21/2022 12:00:00 AM, end search date: 8/22/2022 11:59:59 PM 
2022-09-06 15:03:18,211: INFO [C:\Users\elsto\Documents\GitHub\PowerPeg-SQL-to-CSV\project\PowerPeg-SQL-to-CSV\PowerPeg-SQL-to-CSV\Gateway\DatabaseGateway.cs] - Recieved Database data of tablename: 4000STL285, start search date: 8/21/2022 12:00:00 AM, end search date: 8/22/2022 11:59:59 PM 
2022-09-06 15:03:18,253: INFO [C:\Users\elsto\Documents\GitHub\PowerPeg-SQL-to-CSV\project\PowerPeg-SQL-to-CSV\PowerPeg-SQL-to-CSV\Gateway\DatabaseGateway.cs] - Recieved Database data of tablename: 4000STL286, start search date: 8/21/2022 12:00:00 AM, end search date: 8/22/2022 11:59:59 PM 
2022-09-06 15:03:18,286: INFO [C:\Users\elsto\Documents\GitHub\PowerPeg-SQL-to-CSV\project\PowerPeg-SQL-to-CSV\PowerPeg-SQL-to-CSV\Gateway\DatabaseGateway.cs] - Recieved Database data of tablename: 4000STL287, start search date: 8/21/2022 12:00:00 AM, end search date: 8/22/2022 11:59:59 PM 
2022-09-06 15:03:18,328: INFO [C:\Users\elsto\Documents\GitHub\PowerPeg-SQL-to-CSV\project\PowerPeg-SQL-to-CSV\PowerPeg-SQL-to-CSV\Gateway\DatabaseGateway.cs] - Recieved Database data of tablename: 4000STL288, start search date: 8/21/2022 12:00:00 AM, end search date: 8/22/2022 11:59:59 PM 
2022-09-06 15:03:18,393: INFO [C:\Users\elsto\Documents\GitHub\PowerPeg-SQL-to-CSV\project\PowerPeg-SQL-to-CSV\PowerPeg-SQL-to-CSV\Gateway\DatabaseGateway.cs] - Recieved Database data of tablename: 4000STL289, start search date: 8/21/2022 12:00:00 AM, end search date: 8/22/2022 11:59:59 PM 
2022-09-06 15:03:18,429: INFO [C:\Users\elsto\Documents\GitHub\PowerPeg-SQL-to-CSV\project\PowerPeg-SQL-to-CSV\PowerPeg-SQL-to-CSV\Gateway\DatabaseGateway.cs] - Recieved Database data of tablename: 4000STL290, start search date: 8/21/2022 12:00:00 AM, end search date: 8/22/2022 11:59:59 PM 
2022-09-06 15:03:18,468: INFO [C:\Users\elsto\Documents\GitHub\PowerPeg-SQL-to-CSV\project\PowerPeg-SQL-to-CSV\PowerPeg-SQL-to-CSV\Gateway\DatabaseGateway.cs] - Recieved Database data of tablename: 4000STL291, start search date: 8/21/2022 12:00:00 AM, end search date: 8/22/2022 11:59:59 PM 
2022-09-06 15:03:18,509: INFO [C:\Users\elsto\Documents\GitHub\PowerPeg-SQL-to-CSV\project\PowerPeg-SQL-to-CSV\PowerPeg-SQL-to-CSV\Gateway\DatabaseGateway.cs] - Recieved Database data of tablename: 4000STL292, start search date: 8/21/2022 12:00:00 AM, end search date: 8/22/2022 11:59:59 PM 
2022-09-06 15:03:18,538: INFO [C:\Users\elsto\Documents\GitHub\PowerPeg-SQL-to-CSV\project\PowerPeg-SQL-to-CSV\PowerPeg-SQL-to-CSV\Mode\SQLProcessFunction.cs] - SQL and DataTable process completed 
2022-09-06 15:03:18,541: INFO [C:\Users\elsto\Documents\GitHub\PowerPeg-SQL-to-CSV\project\PowerPeg-SQL-to-CSV\PowerPeg-SQL-to-CSV\SearchTask.cs] - Search task result generated, generate CSV file: default_2022-09-06_15-02-56 
2022-09-06 15:03:18,548: INFO [C:\Users\elsto\Documents\GitHub\PowerPeg-SQL-to-CSV\project\PowerPeg-SQL-to-CSV\PowerPeg-SQL-to-CSV\Gateway\CSVGateway.cs] - Processing result to CSV: default_2022-09-06_15-02-56_generation_time_2022-09-06_15-03-12 
2022-09-06 15:03:19,105: INFO [C:\Users\elsto\Documents\GitHub\PowerPeg-SQL-to-CSV\project\PowerPeg-SQL-to-CSV\PowerPeg-SQL-to-CSV\ProcessTask\BackgroundProcessingJob.cs] - Backround job is created and running: DEFAULT.38e7048b-3c91-44d1-b5f6-becc9d71f295, UTCFiretime: 9/6/2022 7:03:19 AM +00:00 
2022-09-06 15:03:19,108: INFO [C:\Users\elsto\Documents\GitHub\PowerPeg-SQL-to-CSV\project\PowerPeg-SQL-to-CSV\PowerPeg-SQL-to-CSV\Gateway\JSONGateway.cs] - Import tasklist data 
2022-09-06 15:03:19,110: INFO [C:\Users\elsto\Documents\GitHub\PowerPeg-SQL-to-CSV\project\PowerPeg-SQL-to-CSV\PowerPeg-SQL-to-CSV\Gateway\JSONGateway.cs] - Import C:\Users\elsto\Documents\GitHub\PowerPeg-SQL-to-CSV\project\PowerPeg-SQL-to-CSV\App-UI\bin\Release\net6.0-windows\scheduledTask.json Json data 
2022-09-06 15:03:19,113: INFO [C:\Users\elsto\Documents\GitHub\PowerPeg-SQL-to-CSV\project\PowerPeg-SQL-to-CSV\PowerPeg-SQL-to-CSV\Gateway\JSONGateway.cs] - Finished import tasklist 
2022-09-06 15:03:19,115: INFO [C:\Users\elsto\Documents\GitHub\PowerPeg-SQL-to-CSV\project\PowerPeg-SQL-to-CSV\PowerPeg-SQL-to-CSV\ProcessTask\BackgroundProcessingJob.cs] - Finished background job, save the search task state 
2022-09-06 15:03:19,117: INFO [C:\Users\elsto\Documents\GitHub\PowerPeg-SQL-to-CSV\project\PowerPeg-SQL-to-CSV\PowerPeg-SQL-to-CSV\Gateway\JSONGateway.cs] - Update JSON tasklist data 
2022-09-06 15:03:19,934: INFO [C:\Users\elsto\Documents\GitHub\PowerPeg-SQL-to-CSV\project\PowerPeg-SQL-to-CSV\App-UI\GlobalFunction.cs] - Finished the task, please check the output csv. 
2022-09-06 15:03:29,104: INFO [C:\Users\elsto\Documents\GitHub\PowerPeg-SQL-to-CSV\project\PowerPeg-SQL-to-CSV\PowerPeg-SQL-to-CSV\ProcessTask\BackgroundProcessingJob.cs] - Backround job is created and running: DEFAULT.38e7048b-3c91-44d1-b5f6-becc9d71f295, UTCFiretime: 9/6/2022 7:03:29 AM +00:00 
2022-09-06 15:03:29,106: INFO [C:\Users\elsto\Documents\GitHub\PowerPeg-SQL-to-CSV\project\PowerPeg-SQL-to-CSV\PowerPeg-SQL-to-CSV\Gateway\JSONGateway.cs] - Import tasklist data 
2022-09-06 15:03:29,108: INFO [C:\Users\elsto\Documents\GitHub\PowerPeg-SQL-to-CSV\project\PowerPeg-SQL-to-CSV\PowerPeg-SQL-to-CSV\Gateway\JSONGateway.cs] - Import C:\Users\elsto\Documents\GitHub\PowerPeg-SQL-to-CSV\project\PowerPeg-SQL-to-CSV\App-UI\bin\Release\net6.0-windows\scheduledTask.json Json data 
2022-09-06 15:03:29,111: INFO [C:\Users\elsto\Documents\GitHub\PowerPeg-SQL-to-CSV\project\PowerPeg-SQL-to-CSV\PowerPeg-SQL-to-CSV\Gateway\JSONGateway.cs] - Finished import tasklist 
2022-09-06 15:03:29,112: INFO [C:\Users\elsto\Documents\GitHub\PowerPeg-SQL-to-CSV\project\PowerPeg-SQL-to-CSV\PowerPeg-SQL-to-CSV\ProcessTask\BackgroundProcessingJob.cs] - Finished background job, save the search task state 
2022-09-06 15:03:29,113: INFO [C:\Users\elsto\Documents\GitHub\PowerPeg-SQL-to-CSV\project\PowerPeg-SQL-to-CSV\PowerPeg-SQL-to-CSV\Gateway\JSONGateway.cs] - Update JSON tasklist data 
2022-09-06 15:03:39,101: INFO [C:\Users\elsto\Documents\GitHub\PowerPeg-SQL-to-CSV\project\PowerPeg-SQL-to-CSV\PowerPeg-SQL-to-CSV\ProcessTask\BackgroundProcessingJob.cs] - Backround job is created and running: DEFAULT.38e7048b-3c91-44d1-b5f6-becc9d71f295, UTCFiretime: 9/6/2022 7:03:39 AM +00:00 
2022-09-06 15:03:39,105: INFO [C:\Users\elsto\Documents\GitHub\PowerPeg-SQL-to-CSV\project\PowerPeg-SQL-to-CSV\PowerPeg-SQL-to-CSV\Gateway\JSONGateway.cs] - Import tasklist data 
2022-09-06 15:03:39,109: INFO [C:\Users\elsto\Documents\GitHub\PowerPeg-SQL-to-CSV\project\PowerPeg-SQL-to-CSV\PowerPeg-SQL-to-CSV\Gateway\JSONGateway.cs] - Import C:\Users\elsto\Documents\GitHub\PowerPeg-SQL-to-CSV\project\PowerPeg-SQL-to-CSV\App-UI\bin\Release\net6.0-windows\scheduledTask.json Json data 
2022-09-06 15:03:39,113: INFO [C:\Users\elsto\Documents\GitHub\PowerPeg-SQL-to-CSV\project\PowerPeg-SQL-to-CSV\PowerPeg-SQL-to-CSV\Gateway\JSONGateway.cs] - Finished import tasklist 
2022-09-06 15:03:39,116: INFO [C:\Users\elsto\Documents\GitHub\PowerPeg-SQL-to-CSV\project\PowerPeg-SQL-to-CSV\PowerPeg-SQL-to-CSV\ProcessTask\BackgroundProcessingJob.cs] - Finished background job, save the search task state 
2022-09-06 15:03:39,118: INFO [C:\Users\elsto\Documents\GitHub\PowerPeg-SQL-to-CSV\project\PowerPeg-SQL-to-CSV\PowerPeg-SQL-to-CSV\Gateway\JSONGateway.cs] - Update JSON tasklist data 
2022-09-06 15:03:49,107: INFO [C:\Users\elsto\Documents\GitHub\PowerPeg-SQL-to-CSV\project\PowerPeg-SQL-to-CSV\PowerPeg-SQL-to-CSV\ProcessTask\BackgroundProcessingJob.cs] - Backround job is created and running: DEFAULT.38e7048b-3c91-44d1-b5f6-becc9d71f295, UTCFiretime: 9/6/2022 7:03:49 AM +00:00 
2022-09-06 15:03:49,110: INFO [C:\Users\elsto\Documents\GitHub\PowerPeg-SQL-to-CSV\project\PowerPeg-SQL-to-CSV\PowerPeg-SQL-to-CSV\Gateway\JSONGateway.cs] - Import tasklist data 
2022-09-06 15:03:49,112: INFO [C:\Users\elsto\Documents\GitHub\PowerPeg-SQL-to-CSV\project\PowerPeg-SQL-to-CSV\PowerPeg-SQL-to-CSV\Gateway\JSONGateway.cs] - Import C:\Users\elsto\Documents\GitHub\PowerPeg-SQL-to-CSV\project\PowerPeg-SQL-to-CSV\App-UI\bin\Release\net6.0-windows\scheduledTask.json Json data 
2022-09-06 15:03:49,116: INFO [C:\Users\elsto\Documents\GitHub\PowerPeg-SQL-to-CSV\project\PowerPeg-SQL-to-CSV\PowerPeg-SQL-to-CSV\Gateway\JSONGateway.cs] - Finished import tasklist 
2022-09-06 15:03:49,118: INFO [C:\Users\elsto\Documents\GitHub\PowerPeg-SQL-to-CSV\project\PowerPeg-SQL-to-CSV\PowerPeg-SQL-to-CSV\ProcessTask\BackgroundProcessingJob.cs] - Finished background job, save the search task state 
2022-09-06 15:03:49,120: INFO [C:\Users\elsto\Documents\GitHub\PowerPeg-SQL-to-CSV\project\PowerPeg-SQL-to-CSV\PowerPeg-SQL-to-CSV\Gateway\JSONGateway.cs] - Update JSON tasklist data 
2022-09-06 15:03:59,097: INFO [C:\Users\elsto\Documents\GitHub\PowerPeg-SQL-to-CSV\project\PowerPeg-SQL-to-CSV\PowerPeg-SQL-to-CSV\ProcessTask\BackgroundProcessingJob.cs] - Backround job is created and running: DEFAULT.38e7048b-3c91-44d1-b5f6-becc9d71f295, UTCFiretime: 9/6/2022 7:03:59 AM +00:00 
2022-09-06 15:03:59,100: INFO [C:\Users\elsto\Documents\GitHub\PowerPeg-SQL-to-CSV\project\PowerPeg-SQL-to-CSV\PowerPeg-SQL-to-CSV\Gateway\JSONGateway.cs] - Import tasklist data 
2022-09-06 15:03:59,103: INFO [C:\Users\elsto\Documents\GitHub\PowerPeg-SQL-to-CSV\project\PowerPeg-SQL-to-CSV\PowerPeg-SQL-to-CSV\Gateway\JSONGateway.cs] - Import C:\Users\elsto\Documents\GitHub\PowerPeg-SQL-to-CSV\project\PowerPeg-SQL-to-CSV\App-UI\bin\Release\net6.0-windows\scheduledTask.json Json data 
2022-09-06 15:03:59,108: INFO [C:\Users\elsto\Documents\GitHub\PowerPeg-SQL-to-CSV\project\PowerPeg-SQL-to-CSV\PowerPeg-SQL-to-CSV\Gateway\JSONGateway.cs] - Finished import tasklist 
2022-09-06 15:03:59,110: INFO [C:\Users\elsto\Documents\GitHub\PowerPeg-SQL-to-CSV\project\PowerPeg-SQL-to-CSV\PowerPeg-SQL-to-CSV\ProcessTask\BackgroundProcessingJob.cs] - Finished background job, save the search task state 
2022-09-06 15:03:59,113: INFO [C:\Users\elsto\Documents\GitHub\PowerPeg-SQL-to-CSV\project\PowerPeg-SQL-to-CSV\PowerPeg-SQL-to-CSV\Gateway\JSONGateway.cs] - Update JSON tasklist data 
2022-09-06 15:04:09,102: INFO [C:\Users\elsto\Documents\GitHub\PowerPeg-SQL-to-CSV\project\PowerPeg-SQL-to-CSV\PowerPeg-SQL-to-CSV\ProcessTask\BackgroundProcessingJob.cs] - Backround job is created and running: DEFAULT.38e7048b-3c91-44d1-b5f6-becc9d71f295, UTCFiretime: 9/6/2022 7:04:09 AM +00:00 
2022-09-06 15:04:09,105: INFO [C:\Users\elsto\Documents\GitHub\PowerPeg-SQL-to-CSV\project\PowerPeg-SQL-to-CSV\PowerPeg-SQL-to-CSV\Gateway\JSONGateway.cs] - Import tasklist data 
2022-09-06 15:04:09,108: INFO [C:\Users\elsto\Documents\GitHub\PowerPeg-SQL-to-CSV\project\PowerPeg-SQL-to-CSV\PowerPeg-SQL-to-CSV\Gateway\JSONGateway.cs] - Import C:\Users\elsto\Documents\GitHub\PowerPeg-SQL-to-CSV\project\PowerPeg-SQL-to-CSV\App-UI\bin\Release\net6.0-windows\scheduledTask.json Json data 
2022-09-06 15:04:09,113: INFO [C:\Users\elsto\Documents\GitHub\PowerPeg-SQL-to-CSV\project\PowerPeg-SQL-to-CSV\PowerPeg-SQL-to-CSV\Gateway\JSONGateway.cs] - Finished import tasklist 
2022-09-06 15:04:09,115: INFO [C:\Users\elsto\Documents\GitHub\PowerPeg-SQL-to-CSV\project\PowerPeg-SQL-to-CSV\PowerPeg-SQL-to-CSV\ProcessTask\BackgroundProcessingJob.cs] - Finished background job, save the search task state 
2022-09-06 15:04:09,118: INFO [C:\Users\elsto\Documents\GitHub\PowerPeg-SQL-to-CSV\project\PowerPeg-SQL-to-CSV\PowerPeg-SQL-to-CSV\Gateway\JSONGateway.cs] - Update JSON tasklist data 
2022-09-06 15:04:16,705: INFO [C:\Users\elsto\Documents\GitHub\PowerPeg-SQL-to-CSV\project\PowerPeg-SQL-to-CSV\App-UI\GlobalFunction.cs] - Back to previous page. 
2022-09-06 15:04:19,103: INFO [C:\Users\elsto\Documents\GitHub\PowerPeg-SQL-to-CSV\project\PowerPeg-SQL-to-CSV\PowerPeg-SQL-to-CSV\ProcessTask\BackgroundProcessingJob.cs] - Backround job is created and running: DEFAULT.38e7048b-3c91-44d1-b5f6-becc9d71f295, UTCFiretime: 9/6/2022 7:04:19 AM +00:00 
2022-09-06 15:04:19,105: INFO [C:\Users\elsto\Documents\GitHub\PowerPeg-SQL-to-CSV\project\PowerPeg-SQL-to-CSV\PowerPeg-SQL-to-CSV\Gateway\JSONGateway.cs] - Import tasklist data 
2022-09-06 15:04:19,107: INFO [C:\Users\elsto\Documents\GitHub\PowerPeg-SQL-to-CSV\project\PowerPeg-SQL-to-CSV\PowerPeg-SQL-to-CSV\Gateway\JSONGateway.cs] - Import C:\Users\elsto\Documents\GitHub\PowerPeg-SQL-to-CSV\project\PowerPeg-SQL-to-CSV\App-UI\bin\Release\net6.0-windows\scheduledTask.json Json data 
2022-09-06 15:04:19,110: INFO [C:\Users\elsto\Documents\GitHub\PowerPeg-SQL-to-CSV\project\PowerPeg-SQL-to-CSV\PowerPeg-SQL-to-CSV\Gateway\JSONGateway.cs] - Finished import tasklist 
2022-09-06 15:04:19,111: INFO [C:\Users\elsto\Documents\GitHub\PowerPeg-SQL-to-CSV\project\PowerPeg-SQL-to-CSV\PowerPeg-SQL-to-CSV\ProcessTask\BackgroundProcessingJob.cs] - Finished background job, save the search task state 
2022-09-06 15:04:19,112: INFO [C:\Users\elsto\Documents\GitHub\PowerPeg-SQL-to-CSV\project\PowerPeg-SQL-to-CSV\PowerPeg-SQL-to-CSV\Gateway\JSONGateway.cs] - Update JSON tasklist data 
2022-09-06 15:04:23,873: INFO [C:\Users\elsto\Documents\GitHub\PowerPeg-SQL-to-CSV\project\PowerPeg-SQL-to-CSV\App-UI\GlobalFunction.cs] - Closing background task. 
2022-09-06 15:04:23,879: INFO [C:\Users\elsto\Documents\GitHub\PowerPeg-SQL-to-CSV\project\PowerPeg-SQL-to-CSV\PowerPeg-SQL-to-CSV\ProcessTask\BackgroundScheduler.cs] - Scheduler Stopped 
2022-09-06 15:04:23,890: INFO [Quartz.Core.QuartzScheduler] - Scheduler DefaultQuartzScheduler_$_NON_CLUSTERED shutting down. 
2022-09-06 15:04:23,893: INFO [Quartz.Core.QuartzScheduler] - Scheduler DefaultQuartzScheduler_$_NON_CLUSTERED paused. 
2022-09-06 15:04:23,904: INFO [Quartz.Core.QuartzScheduler] - Scheduler DefaultQuartzScheduler_$_NON_CLUSTERED Shutdown complete. 
2022-09-06 15:04:26,912: INFO [C:\Users\elsto\Documents\GitHub\PowerPeg-SQL-to-CSV\project\PowerPeg-SQL-to-CSV\App-UI\GlobalFunction.cs] - Appication closing. 
2022-09-06 15:04:26,927: INFO [C:\Users\elsto\Documents\GitHub\PowerPeg-SQL-to-CSV\project\PowerPeg-SQL-to-CSV\App-UI\Program.cs] - UI Application shut down. 
