2022-09-02 11:18:25,542: INFO [C:\Users\elsto\Documents\GitHub\PowerPeg-SQL-to-CSV\project\PowerPeg-SQL-to-CSV\App-UI\Program.cs] - UI Application starting. 
2022-09-02 11:18:25,570: INFO [C:\Users\elsto\Documents\GitHub\PowerPeg-SQL-to-CSV\project\PowerPeg-SQL-to-CSV\App-UI\Program.cs] - UI Application started. 
2022-09-02 11:18:26,241: INFO [C:\Users\elsto\Documents\GitHub\PowerPeg-SQL-to-CSV\project\PowerPeg-SQL-to-CSV\App-UI\GlobalFunction.cs] - Initializing UI Application. 
2022-09-02 11:18:26,242: INFO [C:\Users\elsto\Documents\GitHub\PowerPeg-SQL-to-CSV\project\PowerPeg-SQL-to-CSV\App-UI\GlobalFunction.cs] - Loading HomeForm. 
2022-09-02 11:18:26,244: INFO [C:\Users\elsto\Documents\GitHub\PowerPeg-SQL-to-CSV\project\PowerPeg-SQL-to-CSV\App-UI\GlobalFunction.cs] - Starting background task. 
2022-09-02 11:18:26,247: INFO [C:\Users\elsto\Documents\GitHub\PowerPeg-SQL-to-CSV\project\PowerPeg-SQL-to-CSV\PowerPeg-SQL-to-CSV\Gateway\JSONGateway.cs] - Import tasklist data 
2022-09-02 11:18:26,275: INFO [C:\Users\elsto\Documents\GitHub\PowerPeg-SQL-to-CSV\project\PowerPeg-SQL-to-CSV\PowerPeg-SQL-to-CSV\Gateway\JSONGateway.cs] - Import C:\Users\elsto\Documents\GitHub\PowerPeg-SQL-to-CSV\project\PowerPeg-SQL-to-CSV\App-UI\bin\Debug\net6.0-windows\scheduledTask.json Json data 
2022-09-02 11:18:26,486: INFO [C:\Users\elsto\Documents\GitHub\PowerPeg-SQL-to-CSV\project\PowerPeg-SQL-to-CSV\PowerPeg-SQL-to-CSV\Gateway\JSONGateway.cs] - Finished import tasklist 
2022-09-02 11:18:26,488: INFO [C:\Users\elsto\Documents\GitHub\PowerPeg-SQL-to-CSV\project\PowerPeg-SQL-to-CSV\PowerPeg-SQL-to-CSV\Gateway\DatabaseGateway.cs] - Setup the Database gateway: Data Source=192.168.0.212\ION;Database=SYP_8F_AC_Plant_RM;User ID=EMSD;Password=Emsd$1234;Connect Timeout=30;Encrypt=False;TrustServerCertificate=False;ApplicationIntent=ReadWrite;MultiSubnetFailover=False 
2022-09-02 11:18:26,490: INFO [C:\Users\elsto\Documents\GitHub\PowerPeg-SQL-to-CSV\project\PowerPeg-SQL-to-CSV\PowerPeg-SQL-to-CSV\Gateway\JSONGateway.cs] - Import included table data 
2022-09-02 11:18:26,492: INFO [C:\Users\elsto\Documents\GitHub\PowerPeg-SQL-to-CSV\project\PowerPeg-SQL-to-CSV\PowerPeg-SQL-to-CSV\Gateway\JSONGateway.cs] - Import C:\Users\elsto\Documents\GitHub\PowerPeg-SQL-to-CSV\project\PowerPeg-SQL-to-CSV\App-UI\bin\Debug\net6.0-windows\selectTable.json Json data 
2022-09-02 11:18:26,512: INFO [C:\Users\elsto\Documents\GitHub\PowerPeg-SQL-to-CSV\project\PowerPeg-SQL-to-CSV\PowerPeg-SQL-to-CSV\Gateway\JSONGateway.cs] - Finished import included table 
2022-09-02 11:18:26,514: INFO [C:\Users\elsto\Documents\GitHub\PowerPeg-SQL-to-CSV\project\PowerPeg-SQL-to-CSV\PowerPeg-SQL-to-CSV\Gateway\DatabaseGateway.cs] - Setup the selected Database Table, number of tables: 102 
2022-09-02 11:18:26,666: INFO [Quartz.Impl.StdSchedulerFactory] - Default Quartz.NET properties loaded from embedded resource file 
2022-09-02 11:18:26,772: INFO [Quartz.Core.SchedulerSignalerImpl] - Initialized Scheduler Signaller of type: Quartz.Core.SchedulerSignalerImpl 
2022-09-02 11:18:26,773: INFO [Quartz.Core.QuartzScheduler] - Quartz Scheduler created 
2022-09-02 11:18:26,776: INFO [Quartz.Simpl.RAMJobStore] - RAMJobStore initialized. 
2022-09-02 11:18:26,783: INFO [Quartz.Core.QuartzScheduler] - Scheduler meta-data: Quartz Scheduler (v3.4.0.0) 'DefaultQuartzScheduler' with instanceId 'NON_CLUSTERED'
  Scheduler class: 'Quartz.Core.QuartzScheduler' - running locally.
  NOT STARTED.
  Currently in standby mode.
  Number of jobs executed: 0
  Using thread pool 'Quartz.Simpl.DefaultThreadPool' - with 10 threads.
  Using job-store 'Quartz.Simpl.RAMJobStore' - which does not support persistence. and is not clustered.
 
2022-09-02 11:18:26,786: INFO [Quartz.Impl.StdSchedulerFactory] - Quartz scheduler 'DefaultQuartzScheduler' initialized 
2022-09-02 11:18:26,788: INFO [Quartz.Impl.StdSchedulerFactory] - Quartz scheduler version: 3.4.0.0 
2022-09-02 11:18:26,805: INFO [Quartz.Core.QuartzScheduler] - Scheduler DefaultQuartzScheduler_$_NON_CLUSTERED started. 
2022-09-02 11:18:26,926: INFO [C:\Users\elsto\Documents\GitHub\PowerPeg-SQL-to-CSV\project\PowerPeg-SQL-to-CSV\PowerPeg-SQL-to-CSV\ProcessTask\BackgroundProcessingJob.cs] - Backround job is created and running 
2022-09-02 11:18:26,930: INFO [C:\Users\elsto\Documents\GitHub\PowerPeg-SQL-to-CSV\project\PowerPeg-SQL-to-CSV\PowerPeg-SQL-to-CSV\Gateway\JSONGateway.cs] - Import tasklist data 
2022-09-02 11:18:26,932: INFO [C:\Users\elsto\Documents\GitHub\PowerPeg-SQL-to-CSV\project\PowerPeg-SQL-to-CSV\PowerPeg-SQL-to-CSV\Gateway\JSONGateway.cs] - Import C:\Users\elsto\Documents\GitHub\PowerPeg-SQL-to-CSV\project\PowerPeg-SQL-to-CSV\App-UI\bin\Debug\net6.0-windows\scheduledTask.json Json data 
2022-09-02 11:18:26,938: INFO [C:\Users\elsto\Documents\GitHub\PowerPeg-SQL-to-CSV\project\PowerPeg-SQL-to-CSV\PowerPeg-SQL-to-CSV\Gateway\JSONGateway.cs] - Finished import tasklist 
2022-09-02 11:18:26,942: INFO [C:\Users\elsto\Documents\GitHub\PowerPeg-SQL-to-CSV\project\PowerPeg-SQL-to-CSV\PowerPeg-SQL-to-CSV\ProcessTask\BackgroundProcessingJob.cs] - Finished background job, save the search task state 
2022-09-02 11:18:26,944: INFO [C:\Users\elsto\Documents\GitHub\PowerPeg-SQL-to-CSV\project\PowerPeg-SQL-to-CSV\PowerPeg-SQL-to-CSV\Gateway\JSONGateway.cs] - Update JSON tasklist data 
2022-09-02 11:18:28,756: INFO [C:\Users\elsto\Documents\GitHub\PowerPeg-SQL-to-CSV\project\PowerPeg-SQL-to-CSV\App-UI\GlobalFunction.cs] - Stopping background task. 
2022-09-02 11:18:28,777: INFO [Quartz.Core.QuartzScheduler] - Scheduler DefaultQuartzScheduler_$_NON_CLUSTERED shutting down. 
2022-09-02 11:18:28,780: INFO [Quartz.Core.QuartzScheduler] - Scheduler DefaultQuartzScheduler_$_NON_CLUSTERED paused. 
2022-09-02 11:18:28,787: INFO [C:\Users\elsto\Documents\GitHub\PowerPeg-SQL-to-CSV\project\PowerPeg-SQL-to-CSV\App-UI\GlobalFunction.cs] - Starting background task. 
2022-09-02 11:18:28,794: INFO [Quartz.Core.QuartzScheduler] - Scheduler DefaultQuartzScheduler_$_NON_CLUSTERED Shutdown complete. 
2022-09-02 11:18:28,813: INFO [C:\Users\elsto\Documents\GitHub\PowerPeg-SQL-to-CSV\project\PowerPeg-SQL-to-CSV\App-UI\GlobalFunction.cs] - Loading ChangeScheduleGeneration. 
2022-09-02 11:18:28,842: INFO [C:\Users\elsto\Documents\GitHub\PowerPeg-SQL-to-CSV\project\PowerPeg-SQL-to-CSV\App-UI\GlobalFunction.cs] - Loading Database information. 
2022-09-02 11:18:28,909: INFO [C:\Users\elsto\Documents\GitHub\PowerPeg-SQL-to-CSV\project\PowerPeg-SQL-to-CSV\App-UI\GlobalFunction.cs] - Loading current scheduled tasklist. 
2022-09-02 11:18:30,040: INFO [C:\Users\elsto\Documents\GitHub\PowerPeg-SQL-to-CSV\project\PowerPeg-SQL-to-CSV\App-UI\GlobalFunction.cs] - Requesting to create new schedule task. 
2022-09-02 11:18:30,058: INFO [C:\Users\elsto\Documents\GitHub\PowerPeg-SQL-to-CSV\project\PowerPeg-SQL-to-CSV\App-UI\GlobalFunction.cs] - Loading CreateNewTask. 
2022-09-02 11:19:18,583: INFO [C:\Users\elsto\Documents\GitHub\PowerPeg-SQL-to-CSV\project\PowerPeg-SQL-to-CSV\App-UI\Program.cs] - UI Application starting. 
2022-09-02 11:19:18,600: INFO [C:\Users\elsto\Documents\GitHub\PowerPeg-SQL-to-CSV\project\PowerPeg-SQL-to-CSV\App-UI\Program.cs] - UI Application started. 
2022-09-02 11:19:19,220: INFO [C:\Users\elsto\Documents\GitHub\PowerPeg-SQL-to-CSV\project\PowerPeg-SQL-to-CSV\App-UI\GlobalFunction.cs] - Initializing UI Application. 
2022-09-02 11:19:19,221: INFO [C:\Users\elsto\Documents\GitHub\PowerPeg-SQL-to-CSV\project\PowerPeg-SQL-to-CSV\App-UI\GlobalFunction.cs] - Loading HomeForm. 
2022-09-02 11:19:19,223: INFO [C:\Users\elsto\Documents\GitHub\PowerPeg-SQL-to-CSV\project\PowerPeg-SQL-to-CSV\App-UI\GlobalFunction.cs] - Starting background task. 
2022-09-02 11:19:19,225: INFO [C:\Users\elsto\Documents\GitHub\PowerPeg-SQL-to-CSV\project\PowerPeg-SQL-to-CSV\PowerPeg-SQL-to-CSV\Gateway\JSONGateway.cs] - Import tasklist data 
2022-09-02 11:19:19,240: INFO [C:\Users\elsto\Documents\GitHub\PowerPeg-SQL-to-CSV\project\PowerPeg-SQL-to-CSV\PowerPeg-SQL-to-CSV\Gateway\JSONGateway.cs] - Import C:\Users\elsto\Documents\GitHub\PowerPeg-SQL-to-CSV\project\PowerPeg-SQL-to-CSV\App-UI\bin\Debug\net6.0-windows\scheduledTask.json Json data 
2022-09-02 11:19:19,415: INFO [C:\Users\elsto\Documents\GitHub\PowerPeg-SQL-to-CSV\project\PowerPeg-SQL-to-CSV\PowerPeg-SQL-to-CSV\Gateway\JSONGateway.cs] - Finished import tasklist 
2022-09-02 11:19:19,417: INFO [C:\Users\elsto\Documents\GitHub\PowerPeg-SQL-to-CSV\project\PowerPeg-SQL-to-CSV\PowerPeg-SQL-to-CSV\Gateway\DatabaseGateway.cs] - Setup the Database gateway: Data Source=192.168.0.212\ION;Database=SYP_8F_AC_Plant_RM;User ID=EMSD;Password=Emsd$1234;Connect Timeout=30;Encrypt=False;TrustServerCertificate=False;ApplicationIntent=ReadWrite;MultiSubnetFailover=False 
2022-09-02 11:19:19,419: INFO [C:\Users\elsto\Documents\GitHub\PowerPeg-SQL-to-CSV\project\PowerPeg-SQL-to-CSV\PowerPeg-SQL-to-CSV\Gateway\JSONGateway.cs] - Import included table data 
2022-09-02 11:19:19,421: INFO [C:\Users\elsto\Documents\GitHub\PowerPeg-SQL-to-CSV\project\PowerPeg-SQL-to-CSV\PowerPeg-SQL-to-CSV\Gateway\JSONGateway.cs] - Import C:\Users\elsto\Documents\GitHub\PowerPeg-SQL-to-CSV\project\PowerPeg-SQL-to-CSV\App-UI\bin\Debug\net6.0-windows\selectTable.json Json data 
2022-09-02 11:19:19,434: INFO [C:\Users\elsto\Documents\GitHub\PowerPeg-SQL-to-CSV\project\PowerPeg-SQL-to-CSV\PowerPeg-SQL-to-CSV\Gateway\JSONGateway.cs] - Finished import included table 
2022-09-02 11:19:19,436: INFO [C:\Users\elsto\Documents\GitHub\PowerPeg-SQL-to-CSV\project\PowerPeg-SQL-to-CSV\PowerPeg-SQL-to-CSV\Gateway\DatabaseGateway.cs] - Setup the selected Database Table, number of tables: 102 
2022-09-02 11:19:19,509: INFO [Quartz.Impl.StdSchedulerFactory] - Default Quartz.NET properties loaded from embedded resource file 
2022-09-02 11:19:19,576: INFO [Quartz.Core.SchedulerSignalerImpl] - Initialized Scheduler Signaller of type: Quartz.Core.SchedulerSignalerImpl 
2022-09-02 11:19:19,578: INFO [Quartz.Core.QuartzScheduler] - Quartz Scheduler created 
2022-09-02 11:19:19,580: INFO [Quartz.Simpl.RAMJobStore] - RAMJobStore initialized. 
2022-09-02 11:19:19,585: INFO [Quartz.Core.QuartzScheduler] - Scheduler meta-data: Quartz Scheduler (v3.4.0.0) 'DefaultQuartzScheduler' with instanceId 'NON_CLUSTERED'
  Scheduler class: 'Quartz.Core.QuartzScheduler' - running locally.
  NOT STARTED.
  Currently in standby mode.
  Number of jobs executed: 0
  Using thread pool 'Quartz.Simpl.DefaultThreadPool' - with 10 threads.
  Using job-store 'Quartz.Simpl.RAMJobStore' - which does not support persistence. and is not clustered.
 
2022-09-02 11:19:19,587: INFO [Quartz.Impl.StdSchedulerFactory] - Quartz scheduler 'DefaultQuartzScheduler' initialized 
2022-09-02 11:19:19,589: INFO [Quartz.Impl.StdSchedulerFactory] - Quartz scheduler version: 3.4.0.0 
2022-09-02 11:19:19,604: INFO [Quartz.Core.QuartzScheduler] - Scheduler DefaultQuartzScheduler_$_NON_CLUSTERED started. 
2022-09-02 11:19:19,696: INFO [C:\Users\elsto\Documents\GitHub\PowerPeg-SQL-to-CSV\project\PowerPeg-SQL-to-CSV\PowerPeg-SQL-to-CSV\ProcessTask\BackgroundProcessingJob.cs] - Backround job is created and running 
2022-09-02 11:19:19,700: INFO [C:\Users\elsto\Documents\GitHub\PowerPeg-SQL-to-CSV\project\PowerPeg-SQL-to-CSV\PowerPeg-SQL-to-CSV\Gateway\JSONGateway.cs] - Import tasklist data 
2022-09-02 11:19:19,702: INFO [C:\Users\elsto\Documents\GitHub\PowerPeg-SQL-to-CSV\project\PowerPeg-SQL-to-CSV\PowerPeg-SQL-to-CSV\Gateway\JSONGateway.cs] - Import C:\Users\elsto\Documents\GitHub\PowerPeg-SQL-to-CSV\project\PowerPeg-SQL-to-CSV\App-UI\bin\Debug\net6.0-windows\scheduledTask.json Json data 
2022-09-02 11:19:19,708: INFO [C:\Users\elsto\Documents\GitHub\PowerPeg-SQL-to-CSV\project\PowerPeg-SQL-to-CSV\PowerPeg-SQL-to-CSV\Gateway\JSONGateway.cs] - Finished import tasklist 
2022-09-02 11:19:19,711: INFO [C:\Users\elsto\Documents\GitHub\PowerPeg-SQL-to-CSV\project\PowerPeg-SQL-to-CSV\PowerPeg-SQL-to-CSV\ProcessTask\BackgroundProcessingJob.cs] - Finished background job, save the search task state 
2022-09-02 11:19:19,713: INFO [C:\Users\elsto\Documents\GitHub\PowerPeg-SQL-to-CSV\project\PowerPeg-SQL-to-CSV\PowerPeg-SQL-to-CSV\Gateway\JSONGateway.cs] - Update JSON tasklist data 
2022-09-02 11:19:22,310: INFO [C:\Users\elsto\Documents\GitHub\PowerPeg-SQL-to-CSV\project\PowerPeg-SQL-to-CSV\App-UI\GlobalFunction.cs] - Stopping background task. 
2022-09-02 11:19:22,387: INFO [Quartz.Core.QuartzScheduler] - Scheduler DefaultQuartzScheduler_$_NON_CLUSTERED shutting down. 
2022-09-02 11:19:22,393: INFO [Quartz.Core.QuartzScheduler] - Scheduler DefaultQuartzScheduler_$_NON_CLUSTERED paused. 
2022-09-02 11:19:22,403: INFO [C:\Users\elsto\Documents\GitHub\PowerPeg-SQL-to-CSV\project\PowerPeg-SQL-to-CSV\App-UI\GlobalFunction.cs] - Starting background task. 
2022-09-02 11:19:22,412: INFO [Quartz.Core.QuartzScheduler] - Scheduler DefaultQuartzScheduler_$_NON_CLUSTERED Shutdown complete. 
2022-09-02 11:19:22,427: INFO [C:\Users\elsto\Documents\GitHub\PowerPeg-SQL-to-CSV\project\PowerPeg-SQL-to-CSV\App-UI\GlobalFunction.cs] - Loading ChangeScheduleGeneration. 
2022-09-02 11:19:22,466: INFO [C:\Users\elsto\Documents\GitHub\PowerPeg-SQL-to-CSV\project\PowerPeg-SQL-to-CSV\App-UI\GlobalFunction.cs] - Loading Database information. 
2022-09-02 11:19:22,540: INFO [C:\Users\elsto\Documents\GitHub\PowerPeg-SQL-to-CSV\project\PowerPeg-SQL-to-CSV\App-UI\GlobalFunction.cs] - Loading current scheduled tasklist. 
2022-09-02 11:19:23,635: INFO [C:\Users\elsto\Documents\GitHub\PowerPeg-SQL-to-CSV\project\PowerPeg-SQL-to-CSV\App-UI\GlobalFunction.cs] - Requesting to create new schedule task. 
2022-09-02 11:19:23,651: INFO [C:\Users\elsto\Documents\GitHub\PowerPeg-SQL-to-CSV\project\PowerPeg-SQL-to-CSV\App-UI\GlobalFunction.cs] - Loading CreateNewTask. 
2022-09-02 11:19:24,039: INFO [C:\Users\elsto\Documents\GitHub\PowerPeg-SQL-to-CSV\project\PowerPeg-SQL-to-CSV\App-UI\GlobalFunction.cs] - User creating form 
2022-09-02 11:23:56,757: INFO [C:\Users\elsto\Documents\GitHub\PowerPeg-SQL-to-CSV\project\PowerPeg-SQL-to-CSV\App-UI\Program.cs] - UI Application starting. 
2022-09-02 11:23:56,779: INFO [C:\Users\elsto\Documents\GitHub\PowerPeg-SQL-to-CSV\project\PowerPeg-SQL-to-CSV\App-UI\Program.cs] - UI Application started. 
2022-09-02 11:23:57,460: INFO [C:\Users\elsto\Documents\GitHub\PowerPeg-SQL-to-CSV\project\PowerPeg-SQL-to-CSV\App-UI\GlobalFunction.cs] - Initializing UI Application. 
2022-09-02 11:23:57,463: INFO [C:\Users\elsto\Documents\GitHub\PowerPeg-SQL-to-CSV\project\PowerPeg-SQL-to-CSV\App-UI\GlobalFunction.cs] - Loading HomeForm. 
2022-09-02 11:23:57,465: INFO [C:\Users\elsto\Documents\GitHub\PowerPeg-SQL-to-CSV\project\PowerPeg-SQL-to-CSV\App-UI\GlobalFunction.cs] - Starting background task. 
2022-09-02 11:23:57,469: INFO [C:\Users\elsto\Documents\GitHub\PowerPeg-SQL-to-CSV\project\PowerPeg-SQL-to-CSV\PowerPeg-SQL-to-CSV\Gateway\JSONGateway.cs] - Import tasklist data 
2022-09-02 11:23:57,491: INFO [C:\Users\elsto\Documents\GitHub\PowerPeg-SQL-to-CSV\project\PowerPeg-SQL-to-CSV\PowerPeg-SQL-to-CSV\Gateway\JSONGateway.cs] - Import C:\Users\elsto\Documents\GitHub\PowerPeg-SQL-to-CSV\project\PowerPeg-SQL-to-CSV\App-UI\bin\Debug\net6.0-windows\scheduledTask.json Json data 
2022-09-02 11:23:57,747: INFO [C:\Users\elsto\Documents\GitHub\PowerPeg-SQL-to-CSV\project\PowerPeg-SQL-to-CSV\PowerPeg-SQL-to-CSV\Gateway\JSONGateway.cs] - Finished import tasklist 
2022-09-02 11:23:57,750: INFO [C:\Users\elsto\Documents\GitHub\PowerPeg-SQL-to-CSV\project\PowerPeg-SQL-to-CSV\PowerPeg-SQL-to-CSV\Gateway\DatabaseGateway.cs] - Setup the Database gateway: Data Source=192.168.0.212\ION;Database=SYP_8F_AC_Plant_RM;User ID=EMSD;Password=Emsd$1234;Connect Timeout=30;Encrypt=False;TrustServerCertificate=False;ApplicationIntent=ReadWrite;MultiSubnetFailover=False 
2022-09-02 11:23:57,752: INFO [C:\Users\elsto\Documents\GitHub\PowerPeg-SQL-to-CSV\project\PowerPeg-SQL-to-CSV\PowerPeg-SQL-to-CSV\Gateway\JSONGateway.cs] - Import included table data 
2022-09-02 11:23:57,754: INFO [C:\Users\elsto\Documents\GitHub\PowerPeg-SQL-to-CSV\project\PowerPeg-SQL-to-CSV\PowerPeg-SQL-to-CSV\Gateway\JSONGateway.cs] - Import C:\Users\elsto\Documents\GitHub\PowerPeg-SQL-to-CSV\project\PowerPeg-SQL-to-CSV\App-UI\bin\Debug\net6.0-windows\selectTable.json Json data 
2022-09-02 11:23:57,769: INFO [C:\Users\elsto\Documents\GitHub\PowerPeg-SQL-to-CSV\project\PowerPeg-SQL-to-CSV\PowerPeg-SQL-to-CSV\Gateway\JSONGateway.cs] - Finished import included table 
2022-09-02 11:23:57,771: INFO [C:\Users\elsto\Documents\GitHub\PowerPeg-SQL-to-CSV\project\PowerPeg-SQL-to-CSV\PowerPeg-SQL-to-CSV\Gateway\DatabaseGateway.cs] - Setup the selected Database Table, number of tables: 102 
2022-09-02 11:23:57,858: INFO [Quartz.Impl.StdSchedulerFactory] - Default Quartz.NET properties loaded from embedded resource file 
2022-09-02 11:23:57,943: INFO [Quartz.Core.SchedulerSignalerImpl] - Initialized Scheduler Signaller of type: Quartz.Core.SchedulerSignalerImpl 
2022-09-02 11:23:57,945: INFO [Quartz.Core.QuartzScheduler] - Quartz Scheduler created 
2022-09-02 11:23:57,948: INFO [Quartz.Simpl.RAMJobStore] - RAMJobStore initialized. 
2022-09-02 11:23:57,955: INFO [Quartz.Core.QuartzScheduler] - Scheduler meta-data: Quartz Scheduler (v3.4.0.0) 'DefaultQuartzScheduler' with instanceId 'NON_CLUSTERED'
  Scheduler class: 'Quartz.Core.QuartzScheduler' - running locally.
  NOT STARTED.
  Currently in standby mode.
  Number of jobs executed: 0
  Using thread pool 'Quartz.Simpl.DefaultThreadPool' - with 10 threads.
  Using job-store 'Quartz.Simpl.RAMJobStore' - which does not support persistence. and is not clustered.
 
2022-09-02 11:23:57,957: INFO [Quartz.Impl.StdSchedulerFactory] - Quartz scheduler 'DefaultQuartzScheduler' initialized 
2022-09-02 11:23:57,959: INFO [Quartz.Impl.StdSchedulerFactory] - Quartz scheduler version: 3.4.0.0 
2022-09-02 11:23:57,976: INFO [Quartz.Core.QuartzScheduler] - Scheduler DefaultQuartzScheduler_$_NON_CLUSTERED started. 
2022-09-02 11:23:58,104: INFO [C:\Users\elsto\Documents\GitHub\PowerPeg-SQL-to-CSV\project\PowerPeg-SQL-to-CSV\PowerPeg-SQL-to-CSV\ProcessTask\BackgroundProcessingJob.cs] - Backround job is created and running 
2022-09-02 11:23:58,112: INFO [C:\Users\elsto\Documents\GitHub\PowerPeg-SQL-to-CSV\project\PowerPeg-SQL-to-CSV\PowerPeg-SQL-to-CSV\Gateway\JSONGateway.cs] - Import tasklist data 
2022-09-02 11:23:58,114: INFO [C:\Users\elsto\Documents\GitHub\PowerPeg-SQL-to-CSV\project\PowerPeg-SQL-to-CSV\PowerPeg-SQL-to-CSV\Gateway\JSONGateway.cs] - Import C:\Users\elsto\Documents\GitHub\PowerPeg-SQL-to-CSV\project\PowerPeg-SQL-to-CSV\App-UI\bin\Debug\net6.0-windows\scheduledTask.json Json data 
2022-09-02 11:23:58,121: INFO [C:\Users\elsto\Documents\GitHub\PowerPeg-SQL-to-CSV\project\PowerPeg-SQL-to-CSV\PowerPeg-SQL-to-CSV\Gateway\JSONGateway.cs] - Finished import tasklist 
2022-09-02 11:23:58,125: INFO [C:\Users\elsto\Documents\GitHub\PowerPeg-SQL-to-CSV\project\PowerPeg-SQL-to-CSV\PowerPeg-SQL-to-CSV\ProcessTask\BackgroundProcessingJob.cs] - Finished background job, save the search task state 
2022-09-02 11:23:58,128: INFO [C:\Users\elsto\Documents\GitHub\PowerPeg-SQL-to-CSV\project\PowerPeg-SQL-to-CSV\PowerPeg-SQL-to-CSV\Gateway\JSONGateway.cs] - Update JSON tasklist data 
2022-09-02 11:24:02,748: INFO [C:\Users\elsto\Documents\GitHub\PowerPeg-SQL-to-CSV\project\PowerPeg-SQL-to-CSV\App-UI\GlobalFunction.cs] - Stopping background task. 
2022-09-02 11:24:02,774: INFO [Quartz.Core.QuartzScheduler] - Scheduler DefaultQuartzScheduler_$_NON_CLUSTERED shutting down. 
2022-09-02 11:24:02,778: INFO [Quartz.Core.QuartzScheduler] - Scheduler DefaultQuartzScheduler_$_NON_CLUSTERED paused. 
2022-09-02 11:24:02,786: INFO [C:\Users\elsto\Documents\GitHub\PowerPeg-SQL-to-CSV\project\PowerPeg-SQL-to-CSV\App-UI\GlobalFunction.cs] - Starting background task. 
2022-09-02 11:24:02,793: INFO [Quartz.Core.QuartzScheduler] - Scheduler DefaultQuartzScheduler_$_NON_CLUSTERED Shutdown complete. 
2022-09-02 11:24:02,804: INFO [C:\Users\elsto\Documents\GitHub\PowerPeg-SQL-to-CSV\project\PowerPeg-SQL-to-CSV\App-UI\GlobalFunction.cs] - Loading ChangeScheduleGeneration. 
2022-09-02 11:24:02,853: INFO [C:\Users\elsto\Documents\GitHub\PowerPeg-SQL-to-CSV\project\PowerPeg-SQL-to-CSV\App-UI\GlobalFunction.cs] - Loading Database information. 
2022-09-02 11:24:02,912: INFO [C:\Users\elsto\Documents\GitHub\PowerPeg-SQL-to-CSV\project\PowerPeg-SQL-to-CSV\App-UI\GlobalFunction.cs] - Loading current scheduled tasklist. 
2022-09-02 11:24:03,961: INFO [C:\Users\elsto\Documents\GitHub\PowerPeg-SQL-to-CSV\project\PowerPeg-SQL-to-CSV\App-UI\GlobalFunction.cs] - Requesting to create new schedule task. 
2022-09-02 11:24:03,982: INFO [C:\Users\elsto\Documents\GitHub\PowerPeg-SQL-to-CSV\project\PowerPeg-SQL-to-CSV\App-UI\GlobalFunction.cs] - Loading CreateNewTask. 
2022-09-02 11:24:04,410: INFO [C:\Users\elsto\Documents\GitHub\PowerPeg-SQL-to-CSV\project\PowerPeg-SQL-to-CSV\App-UI\GlobalFunction.cs] - User creating form 
2022-09-02 11:27:33,380: INFO [C:\Users\elsto\Documents\GitHub\PowerPeg-SQL-to-CSV\project\PowerPeg-SQL-to-CSV\App-UI\Program.cs] - UI Application starting. 
2022-09-02 11:27:33,403: INFO [C:\Users\elsto\Documents\GitHub\PowerPeg-SQL-to-CSV\project\PowerPeg-SQL-to-CSV\App-UI\Program.cs] - UI Application started. 
2022-09-02 11:27:34,068: INFO [C:\Users\elsto\Documents\GitHub\PowerPeg-SQL-to-CSV\project\PowerPeg-SQL-to-CSV\App-UI\GlobalFunction.cs] - Initializing UI Application. 
2022-09-02 11:27:34,071: INFO [C:\Users\elsto\Documents\GitHub\PowerPeg-SQL-to-CSV\project\PowerPeg-SQL-to-CSV\App-UI\GlobalFunction.cs] - Loading HomeForm. 
2022-09-02 11:27:34,072: INFO [C:\Users\elsto\Documents\GitHub\PowerPeg-SQL-to-CSV\project\PowerPeg-SQL-to-CSV\App-UI\GlobalFunction.cs] - Starting background task. 
2022-09-02 11:27:34,077: INFO [C:\Users\elsto\Documents\GitHub\PowerPeg-SQL-to-CSV\project\PowerPeg-SQL-to-CSV\PowerPeg-SQL-to-CSV\Gateway\JSONGateway.cs] - Import tasklist data 
2022-09-02 11:27:34,096: INFO [C:\Users\elsto\Documents\GitHub\PowerPeg-SQL-to-CSV\project\PowerPeg-SQL-to-CSV\PowerPeg-SQL-to-CSV\Gateway\JSONGateway.cs] - Import C:\Users\elsto\Documents\GitHub\PowerPeg-SQL-to-CSV\project\PowerPeg-SQL-to-CSV\App-UI\bin\Debug\net6.0-windows\scheduledTask.json Json data 
2022-09-02 11:27:34,345: INFO [C:\Users\elsto\Documents\GitHub\PowerPeg-SQL-to-CSV\project\PowerPeg-SQL-to-CSV\PowerPeg-SQL-to-CSV\Gateway\JSONGateway.cs] - Finished import tasklist 
2022-09-02 11:27:34,348: INFO [C:\Users\elsto\Documents\GitHub\PowerPeg-SQL-to-CSV\project\PowerPeg-SQL-to-CSV\PowerPeg-SQL-to-CSV\Gateway\DatabaseGateway.cs] - Setup the Database gateway: Data Source=192.168.0.212\ION;Database=SYP_8F_AC_Plant_RM;User ID=EMSD;Password=Emsd$1234;Connect Timeout=30;Encrypt=False;TrustServerCertificate=False;ApplicationIntent=ReadWrite;MultiSubnetFailover=False 
2022-09-02 11:27:34,350: INFO [C:\Users\elsto\Documents\GitHub\PowerPeg-SQL-to-CSV\project\PowerPeg-SQL-to-CSV\PowerPeg-SQL-to-CSV\Gateway\JSONGateway.cs] - Import included table data 
2022-09-02 11:27:34,352: INFO [C:\Users\elsto\Documents\GitHub\PowerPeg-SQL-to-CSV\project\PowerPeg-SQL-to-CSV\PowerPeg-SQL-to-CSV\Gateway\JSONGateway.cs] - Import C:\Users\elsto\Documents\GitHub\PowerPeg-SQL-to-CSV\project\PowerPeg-SQL-to-CSV\App-UI\bin\Debug\net6.0-windows\selectTable.json Json data 
2022-09-02 11:27:34,368: INFO [C:\Users\elsto\Documents\GitHub\PowerPeg-SQL-to-CSV\project\PowerPeg-SQL-to-CSV\PowerPeg-SQL-to-CSV\Gateway\JSONGateway.cs] - Finished import included table 
2022-09-02 11:27:34,370: INFO [C:\Users\elsto\Documents\GitHub\PowerPeg-SQL-to-CSV\project\PowerPeg-SQL-to-CSV\PowerPeg-SQL-to-CSV\Gateway\DatabaseGateway.cs] - Setup the selected Database Table, number of tables: 102 
2022-09-02 11:27:34,458: INFO [Quartz.Impl.StdSchedulerFactory] - Default Quartz.NET properties loaded from embedded resource file 
2022-09-02 11:27:34,545: INFO [Quartz.Core.SchedulerSignalerImpl] - Initialized Scheduler Signaller of type: Quartz.Core.SchedulerSignalerImpl 
2022-09-02 11:27:34,546: INFO [Quartz.Core.QuartzScheduler] - Quartz Scheduler created 
2022-09-02 11:27:34,549: INFO [Quartz.Simpl.RAMJobStore] - RAMJobStore initialized. 
2022-09-02 11:27:34,555: INFO [Quartz.Core.QuartzScheduler] - Scheduler meta-data: Quartz Scheduler (v3.4.0.0) 'DefaultQuartzScheduler' with instanceId 'NON_CLUSTERED'
  Scheduler class: 'Quartz.Core.QuartzScheduler' - running locally.
  NOT STARTED.
  Currently in standby mode.
  Number of jobs executed: 0
  Using thread pool 'Quartz.Simpl.DefaultThreadPool' - with 10 threads.
  Using job-store 'Quartz.Simpl.RAMJobStore' - which does not support persistence. and is not clustered.
 
2022-09-02 11:27:34,557: INFO [Quartz.Impl.StdSchedulerFactory] - Quartz scheduler 'DefaultQuartzScheduler' initialized 
2022-09-02 11:27:34,559: INFO [Quartz.Impl.StdSchedulerFactory] - Quartz scheduler version: 3.4.0.0 
2022-09-02 11:27:34,574: INFO [Quartz.Core.QuartzScheduler] - Scheduler DefaultQuartzScheduler_$_NON_CLUSTERED started. 
2022-09-02 11:27:34,694: INFO [C:\Users\elsto\Documents\GitHub\PowerPeg-SQL-to-CSV\project\PowerPeg-SQL-to-CSV\PowerPeg-SQL-to-CSV\ProcessTask\BackgroundProcessingJob.cs] - Backround job is created and running 
2022-09-02 11:27:34,699: INFO [C:\Users\elsto\Documents\GitHub\PowerPeg-SQL-to-CSV\project\PowerPeg-SQL-to-CSV\PowerPeg-SQL-to-CSV\Gateway\JSONGateway.cs] - Import tasklist data 
2022-09-02 11:27:34,701: INFO [C:\Users\elsto\Documents\GitHub\PowerPeg-SQL-to-CSV\project\PowerPeg-SQL-to-CSV\PowerPeg-SQL-to-CSV\Gateway\JSONGateway.cs] - Import C:\Users\elsto\Documents\GitHub\PowerPeg-SQL-to-CSV\project\PowerPeg-SQL-to-CSV\App-UI\bin\Debug\net6.0-windows\scheduledTask.json Json data 
2022-09-02 11:27:34,706: INFO [C:\Users\elsto\Documents\GitHub\PowerPeg-SQL-to-CSV\project\PowerPeg-SQL-to-CSV\PowerPeg-SQL-to-CSV\Gateway\JSONGateway.cs] - Finished import tasklist 
2022-09-02 11:27:34,711: INFO [C:\Users\elsto\Documents\GitHub\PowerPeg-SQL-to-CSV\project\PowerPeg-SQL-to-CSV\PowerPeg-SQL-to-CSV\ProcessTask\BackgroundProcessingJob.cs] - Finished background job, save the search task state 
2022-09-02 11:27:34,714: INFO [C:\Users\elsto\Documents\GitHub\PowerPeg-SQL-to-CSV\project\PowerPeg-SQL-to-CSV\PowerPeg-SQL-to-CSV\Gateway\JSONGateway.cs] - Update JSON tasklist data 
2022-09-02 11:27:41,065: INFO [C:\Users\elsto\Documents\GitHub\PowerPeg-SQL-to-CSV\project\PowerPeg-SQL-to-CSV\App-UI\GlobalFunction.cs] - Closing background task. 
2022-09-02 11:27:41,093: INFO [Quartz.Core.QuartzScheduler] - Scheduler DefaultQuartzScheduler_$_NON_CLUSTERED shutting down. 
2022-09-02 11:27:41,097: INFO [Quartz.Core.QuartzScheduler] - Scheduler DefaultQuartzScheduler_$_NON_CLUSTERED paused. 
2022-09-02 11:27:41,111: INFO [Quartz.Core.QuartzScheduler] - Scheduler DefaultQuartzScheduler_$_NON_CLUSTERED Shutdown complete. 
2022-09-02 11:27:44,112: INFO [C:\Users\elsto\Documents\GitHub\PowerPeg-SQL-to-CSV\project\PowerPeg-SQL-to-CSV\App-UI\GlobalFunction.cs] - Appication closing. 
2022-09-02 11:27:44,149: INFO [C:\Users\elsto\Documents\GitHub\PowerPeg-SQL-to-CSV\project\PowerPeg-SQL-to-CSV\App-UI\Program.cs] - UI Application shut down. 
2022-09-02 11:45:17,166: INFO [C:\Users\elsto\Documents\GitHub\PowerPeg-SQL-to-CSV\project\PowerPeg-SQL-to-CSV\App-UI\Program.cs] - UI Application starting. 
2022-09-02 11:45:17,186: INFO [C:\Users\elsto\Documents\GitHub\PowerPeg-SQL-to-CSV\project\PowerPeg-SQL-to-CSV\App-UI\Program.cs] - UI Application started. 
2022-09-02 11:45:17,851: INFO [C:\Users\elsto\Documents\GitHub\PowerPeg-SQL-to-CSV\project\PowerPeg-SQL-to-CSV\App-UI\GlobalFunction.cs] - Initializing UI Application. 
2022-09-02 11:45:17,854: INFO [C:\Users\elsto\Documents\GitHub\PowerPeg-SQL-to-CSV\project\PowerPeg-SQL-to-CSV\App-UI\GlobalFunction.cs] - Loading HomeForm. 
2022-09-02 11:45:17,856: INFO [C:\Users\elsto\Documents\GitHub\PowerPeg-SQL-to-CSV\project\PowerPeg-SQL-to-CSV\App-UI\GlobalFunction.cs] - Starting background task. 
2022-09-02 11:45:17,861: INFO [C:\Users\elsto\Documents\GitHub\PowerPeg-SQL-to-CSV\project\PowerPeg-SQL-to-CSV\PowerPeg-SQL-to-CSV\Gateway\JSONGateway.cs] - Import tasklist data 
2022-09-02 11:45:17,880: INFO [C:\Users\elsto\Documents\GitHub\PowerPeg-SQL-to-CSV\project\PowerPeg-SQL-to-CSV\PowerPeg-SQL-to-CSV\Gateway\JSONGateway.cs] - Import C:\Users\elsto\Documents\GitHub\PowerPeg-SQL-to-CSV\project\PowerPeg-SQL-to-CSV\App-UI\bin\Debug\net6.0-windows\scheduledTask.json Json data 
2022-09-02 11:45:18,126: INFO [C:\Users\elsto\Documents\GitHub\PowerPeg-SQL-to-CSV\project\PowerPeg-SQL-to-CSV\PowerPeg-SQL-to-CSV\Gateway\JSONGateway.cs] - Finished import tasklist 
2022-09-02 11:45:18,129: INFO [C:\Users\elsto\Documents\GitHub\PowerPeg-SQL-to-CSV\project\PowerPeg-SQL-to-CSV\PowerPeg-SQL-to-CSV\Gateway\DatabaseGateway.cs] - Setup the Database gateway: Data Source=192.168.0.212\ION;Database=SYP_8F_AC_Plant_RM;User ID=EMSD;Password=Emsd$1234;Connect Timeout=30;Encrypt=False;TrustServerCertificate=False;ApplicationIntent=ReadWrite;MultiSubnetFailover=False 
2022-09-02 11:45:18,132: INFO [C:\Users\elsto\Documents\GitHub\PowerPeg-SQL-to-CSV\project\PowerPeg-SQL-to-CSV\PowerPeg-SQL-to-CSV\Gateway\JSONGateway.cs] - Import included table data 
2022-09-02 11:45:18,133: INFO [C:\Users\elsto\Documents\GitHub\PowerPeg-SQL-to-CSV\project\PowerPeg-SQL-to-CSV\PowerPeg-SQL-to-CSV\Gateway\JSONGateway.cs] - Import C:\Users\elsto\Documents\GitHub\PowerPeg-SQL-to-CSV\project\PowerPeg-SQL-to-CSV\App-UI\bin\Debug\net6.0-windows\selectTable.json Json data 
2022-09-02 11:45:18,151: INFO [C:\Users\elsto\Documents\GitHub\PowerPeg-SQL-to-CSV\project\PowerPeg-SQL-to-CSV\PowerPeg-SQL-to-CSV\Gateway\JSONGateway.cs] - Finished import included table 
2022-09-02 11:45:18,153: INFO [C:\Users\elsto\Documents\GitHub\PowerPeg-SQL-to-CSV\project\PowerPeg-SQL-to-CSV\PowerPeg-SQL-to-CSV\Gateway\DatabaseGateway.cs] - Setup the selected Database Table, number of tables: 102 
2022-09-02 11:45:18,248: INFO [Quartz.Impl.StdSchedulerFactory] - Default Quartz.NET properties loaded from embedded resource file 
2022-09-02 11:45:18,338: INFO [Quartz.Core.SchedulerSignalerImpl] - Initialized Scheduler Signaller of type: Quartz.Core.SchedulerSignalerImpl 
2022-09-02 11:45:18,340: INFO [Quartz.Core.QuartzScheduler] - Quartz Scheduler created 
2022-09-02 11:45:18,343: INFO [Quartz.Simpl.RAMJobStore] - RAMJobStore initialized. 
2022-09-02 11:45:18,350: INFO [Quartz.Core.QuartzScheduler] - Scheduler meta-data: Quartz Scheduler (v3.4.0.0) 'DefaultQuartzScheduler' with instanceId 'NON_CLUSTERED'
  Scheduler class: 'Quartz.Core.QuartzScheduler' - running locally.
  NOT STARTED.
  Currently in standby mode.
  Number of jobs executed: 0
  Using thread pool 'Quartz.Simpl.DefaultThreadPool' - with 10 threads.
  Using job-store 'Quartz.Simpl.RAMJobStore' - which does not support persistence. and is not clustered.
 
2022-09-02 11:45:18,352: INFO [Quartz.Impl.StdSchedulerFactory] - Quartz scheduler 'DefaultQuartzScheduler' initialized 
2022-09-02 11:45:18,354: INFO [Quartz.Impl.StdSchedulerFactory] - Quartz scheduler version: 3.4.0.0 
2022-09-02 11:45:18,373: INFO [Quartz.Core.QuartzScheduler] - Scheduler DefaultQuartzScheduler_$_NON_CLUSTERED started. 
2022-09-02 11:45:18,500: INFO [C:\Users\elsto\Documents\GitHub\PowerPeg-SQL-to-CSV\project\PowerPeg-SQL-to-CSV\PowerPeg-SQL-to-CSV\ProcessTask\BackgroundProcessingJob.cs] - Backround job is created and running 
2022-09-02 11:45:18,504: INFO [C:\Users\elsto\Documents\GitHub\PowerPeg-SQL-to-CSV\project\PowerPeg-SQL-to-CSV\PowerPeg-SQL-to-CSV\Gateway\JSONGateway.cs] - Import tasklist data 
2022-09-02 11:45:18,507: INFO [C:\Users\elsto\Documents\GitHub\PowerPeg-SQL-to-CSV\project\PowerPeg-SQL-to-CSV\PowerPeg-SQL-to-CSV\Gateway\JSONGateway.cs] - Import C:\Users\elsto\Documents\GitHub\PowerPeg-SQL-to-CSV\project\PowerPeg-SQL-to-CSV\App-UI\bin\Debug\net6.0-windows\scheduledTask.json Json data 
2022-09-02 11:45:18,514: INFO [C:\Users\elsto\Documents\GitHub\PowerPeg-SQL-to-CSV\project\PowerPeg-SQL-to-CSV\PowerPeg-SQL-to-CSV\Gateway\JSONGateway.cs] - Finished import tasklist 
2022-09-02 11:45:18,516: INFO [C:\Users\elsto\Documents\GitHub\PowerPeg-SQL-to-CSV\project\PowerPeg-SQL-to-CSV\PowerPeg-SQL-to-CSV\ProcessTask\BackgroundProcessingJob.cs] - Finished background job, save the search task state 
2022-09-02 11:45:18,519: INFO [C:\Users\elsto\Documents\GitHub\PowerPeg-SQL-to-CSV\project\PowerPeg-SQL-to-CSV\PowerPeg-SQL-to-CSV\Gateway\JSONGateway.cs] - Update JSON tasklist data 
2022-09-02 11:45:20,711: INFO [C:\Users\elsto\Documents\GitHub\PowerPeg-SQL-to-CSV\project\PowerPeg-SQL-to-CSV\App-UI\GlobalFunction.cs] - Stopping background task. 
2022-09-02 11:45:20,738: INFO [Quartz.Core.QuartzScheduler] - Scheduler DefaultQuartzScheduler_$_NON_CLUSTERED shutting down. 
2022-09-02 11:45:20,743: INFO [Quartz.Core.QuartzScheduler] - Scheduler DefaultQuartzScheduler_$_NON_CLUSTERED paused. 
2022-09-02 11:45:20,751: INFO [C:\Users\elsto\Documents\GitHub\PowerPeg-SQL-to-CSV\project\PowerPeg-SQL-to-CSV\App-UI\GlobalFunction.cs] - Starting background task. 
2022-09-02 11:45:20,760: INFO [Quartz.Core.QuartzScheduler] - Scheduler DefaultQuartzScheduler_$_NON_CLUSTERED Shutdown complete. 
2022-09-02 11:45:20,770: INFO [C:\Users\elsto\Documents\GitHub\PowerPeg-SQL-to-CSV\project\PowerPeg-SQL-to-CSV\App-UI\GlobalFunction.cs] - Loading ChangeScheduleGeneration. 
2022-09-02 11:45:20,814: INFO [C:\Users\elsto\Documents\GitHub\PowerPeg-SQL-to-CSV\project\PowerPeg-SQL-to-CSV\App-UI\GlobalFunction.cs] - Loading Database information. 
2022-09-02 11:45:20,875: INFO [C:\Users\elsto\Documents\GitHub\PowerPeg-SQL-to-CSV\project\PowerPeg-SQL-to-CSV\App-UI\GlobalFunction.cs] - Loading current scheduled tasklist. 
2022-09-02 11:45:22,206: INFO [C:\Users\elsto\Documents\GitHub\PowerPeg-SQL-to-CSV\project\PowerPeg-SQL-to-CSV\App-UI\GlobalFunction.cs] - Requesting to create new schedule task. 
2022-09-02 11:45:22,228: INFO [C:\Users\elsto\Documents\GitHub\PowerPeg-SQL-to-CSV\project\PowerPeg-SQL-to-CSV\App-UI\GlobalFunction.cs] - Loading CreateNewTask. 
2022-09-02 12:03:56,412: INFO [C:\Users\elsto\Documents\GitHub\PowerPeg-SQL-to-CSV\project\PowerPeg-SQL-to-CSV\App-UI\Program.cs] - UI Application starting. 
2022-09-02 12:03:56,438: INFO [C:\Users\elsto\Documents\GitHub\PowerPeg-SQL-to-CSV\project\PowerPeg-SQL-to-CSV\App-UI\Program.cs] - UI Application started. 
2022-09-02 12:03:57,135: INFO [C:\Users\elsto\Documents\GitHub\PowerPeg-SQL-to-CSV\project\PowerPeg-SQL-to-CSV\App-UI\GlobalFunction.cs] - Initializing UI Application. 
2022-09-02 12:03:57,138: INFO [C:\Users\elsto\Documents\GitHub\PowerPeg-SQL-to-CSV\project\PowerPeg-SQL-to-CSV\App-UI\GlobalFunction.cs] - Loading HomeForm. 
2022-09-02 12:03:57,141: INFO [C:\Users\elsto\Documents\GitHub\PowerPeg-SQL-to-CSV\project\PowerPeg-SQL-to-CSV\App-UI\GlobalFunction.cs] - Starting background task. 
2022-09-02 12:03:57,146: INFO [C:\Users\elsto\Documents\GitHub\PowerPeg-SQL-to-CSV\project\PowerPeg-SQL-to-CSV\PowerPeg-SQL-to-CSV\Gateway\JSONGateway.cs] - Import tasklist data 
2022-09-02 12:03:57,170: INFO [C:\Users\elsto\Documents\GitHub\PowerPeg-SQL-to-CSV\project\PowerPeg-SQL-to-CSV\PowerPeg-SQL-to-CSV\Gateway\JSONGateway.cs] - Import C:\Users\elsto\Documents\GitHub\PowerPeg-SQL-to-CSV\project\PowerPeg-SQL-to-CSV\App-UI\bin\Debug\net6.0-windows\scheduledTask.json Json data 
2022-09-02 12:03:57,451: INFO [C:\Users\elsto\Documents\GitHub\PowerPeg-SQL-to-CSV\project\PowerPeg-SQL-to-CSV\PowerPeg-SQL-to-CSV\Gateway\JSONGateway.cs] - Finished import tasklist 
2022-09-02 12:03:57,455: INFO [C:\Users\elsto\Documents\GitHub\PowerPeg-SQL-to-CSV\project\PowerPeg-SQL-to-CSV\PowerPeg-SQL-to-CSV\Gateway\DatabaseGateway.cs] - Setup the Database gateway: Data Source=192.168.0.212\ION;Database=SYP_8F_AC_Plant_RM;User ID=EMSD;Password=Emsd$1234;Connect Timeout=30;Encrypt=False;TrustServerCertificate=False;ApplicationIntent=ReadWrite;MultiSubnetFailover=False 
2022-09-02 12:03:57,458: INFO [C:\Users\elsto\Documents\GitHub\PowerPeg-SQL-to-CSV\project\PowerPeg-SQL-to-CSV\PowerPeg-SQL-to-CSV\Gateway\JSONGateway.cs] - Import included table data 
2022-09-02 12:03:57,460: INFO [C:\Users\elsto\Documents\GitHub\PowerPeg-SQL-to-CSV\project\PowerPeg-SQL-to-CSV\PowerPeg-SQL-to-CSV\Gateway\JSONGateway.cs] - Import C:\Users\elsto\Documents\GitHub\PowerPeg-SQL-to-CSV\project\PowerPeg-SQL-to-CSV\App-UI\bin\Debug\net6.0-windows\selectTable.json Json data 
2022-09-02 12:03:57,477: INFO [C:\Users\elsto\Documents\GitHub\PowerPeg-SQL-to-CSV\project\PowerPeg-SQL-to-CSV\PowerPeg-SQL-to-CSV\Gateway\JSONGateway.cs] - Finished import included table 
2022-09-02 12:03:57,480: INFO [C:\Users\elsto\Documents\GitHub\PowerPeg-SQL-to-CSV\project\PowerPeg-SQL-to-CSV\PowerPeg-SQL-to-CSV\Gateway\DatabaseGateway.cs] - Setup the selected Database Table, number of tables: 102 
2022-09-02 12:03:57,580: INFO [Quartz.Impl.StdSchedulerFactory] - Default Quartz.NET properties loaded from embedded resource file 
2022-09-02 12:03:57,682: INFO [Quartz.Core.SchedulerSignalerImpl] - Initialized Scheduler Signaller of type: Quartz.Core.SchedulerSignalerImpl 
2022-09-02 12:03:57,684: INFO [Quartz.Core.QuartzScheduler] - Quartz Scheduler created 
2022-09-02 12:03:57,688: INFO [Quartz.Simpl.RAMJobStore] - RAMJobStore initialized. 
2022-09-02 12:03:57,697: INFO [Quartz.Core.QuartzScheduler] - Scheduler meta-data: Quartz Scheduler (v3.4.0.0) 'DefaultQuartzScheduler' with instanceId 'NON_CLUSTERED'
  Scheduler class: 'Quartz.Core.QuartzScheduler' - running locally.
  NOT STARTED.
  Currently in standby mode.
  Number of jobs executed: 0
  Using thread pool 'Quartz.Simpl.DefaultThreadPool' - with 10 threads.
  Using job-store 'Quartz.Simpl.RAMJobStore' - which does not support persistence. and is not clustered.
 
2022-09-02 12:03:57,700: INFO [Quartz.Impl.StdSchedulerFactory] - Quartz scheduler 'DefaultQuartzScheduler' initialized 
2022-09-02 12:03:57,702: INFO [Quartz.Impl.StdSchedulerFactory] - Quartz scheduler version: 3.4.0.0 
2022-09-02 12:03:57,723: INFO [Quartz.Core.QuartzScheduler] - Scheduler DefaultQuartzScheduler_$_NON_CLUSTERED started. 
2022-09-02 12:03:57,858: INFO [C:\Users\elsto\Documents\GitHub\PowerPeg-SQL-to-CSV\project\PowerPeg-SQL-to-CSV\PowerPeg-SQL-to-CSV\ProcessTask\BackgroundProcessingJob.cs] - Backround job is created and running 
2022-09-02 12:03:57,865: INFO [C:\Users\elsto\Documents\GitHub\PowerPeg-SQL-to-CSV\project\PowerPeg-SQL-to-CSV\PowerPeg-SQL-to-CSV\Gateway\JSONGateway.cs] - Import tasklist data 
2022-09-02 12:03:57,869: INFO [C:\Users\elsto\Documents\GitHub\PowerPeg-SQL-to-CSV\project\PowerPeg-SQL-to-CSV\PowerPeg-SQL-to-CSV\Gateway\JSONGateway.cs] - Import C:\Users\elsto\Documents\GitHub\PowerPeg-SQL-to-CSV\project\PowerPeg-SQL-to-CSV\App-UI\bin\Debug\net6.0-windows\scheduledTask.json Json data 
2022-09-02 12:03:57,875: INFO [C:\Users\elsto\Documents\GitHub\PowerPeg-SQL-to-CSV\project\PowerPeg-SQL-to-CSV\PowerPeg-SQL-to-CSV\Gateway\JSONGateway.cs] - Finished import tasklist 
2022-09-02 12:03:57,880: INFO [C:\Users\elsto\Documents\GitHub\PowerPeg-SQL-to-CSV\project\PowerPeg-SQL-to-CSV\PowerPeg-SQL-to-CSV\ProcessTask\BackgroundProcessingJob.cs] - Finished background job, save the search task state 
2022-09-02 12:03:57,883: INFO [C:\Users\elsto\Documents\GitHub\PowerPeg-SQL-to-CSV\project\PowerPeg-SQL-to-CSV\PowerPeg-SQL-to-CSV\Gateway\JSONGateway.cs] - Update JSON tasklist data 
2022-09-02 12:04:00,607: INFO [C:\Users\elsto\Documents\GitHub\PowerPeg-SQL-to-CSV\project\PowerPeg-SQL-to-CSV\App-UI\GlobalFunction.cs] - User creating form 
2022-09-02 12:04:07,737: INFO [C:\Users\elsto\Documents\GitHub\PowerPeg-SQL-to-CSV\project\PowerPeg-SQL-to-CSV\PowerPeg-SQL-to-CSV\ProcessTask\BackgroundProcessingJob.cs] - Backround job is created and running 
2022-09-02 12:04:07,740: INFO [C:\Users\elsto\Documents\GitHub\PowerPeg-SQL-to-CSV\project\PowerPeg-SQL-to-CSV\PowerPeg-SQL-to-CSV\Gateway\JSONGateway.cs] - Import tasklist data 
2022-09-02 12:04:07,743: INFO [C:\Users\elsto\Documents\GitHub\PowerPeg-SQL-to-CSV\project\PowerPeg-SQL-to-CSV\PowerPeg-SQL-to-CSV\Gateway\JSONGateway.cs] - Import C:\Users\elsto\Documents\GitHub\PowerPeg-SQL-to-CSV\project\PowerPeg-SQL-to-CSV\App-UI\bin\Debug\net6.0-windows\scheduledTask.json Json data 
2022-09-02 12:04:07,747: INFO [C:\Users\elsto\Documents\GitHub\PowerPeg-SQL-to-CSV\project\PowerPeg-SQL-to-CSV\PowerPeg-SQL-to-CSV\Gateway\JSONGateway.cs] - Finished import tasklist 
2022-09-02 12:04:07,749: INFO [C:\Users\elsto\Documents\GitHub\PowerPeg-SQL-to-CSV\project\PowerPeg-SQL-to-CSV\PowerPeg-SQL-to-CSV\ProcessTask\BackgroundProcessingJob.cs] - Finished background job, save the search task state 
2022-09-02 12:04:07,751: INFO [C:\Users\elsto\Documents\GitHub\PowerPeg-SQL-to-CSV\project\PowerPeg-SQL-to-CSV\PowerPeg-SQL-to-CSV\Gateway\JSONGateway.cs] - Update JSON tasklist data 
2022-09-02 12:04:08,081: INFO [C:\Users\elsto\Documents\GitHub\PowerPeg-SQL-to-CSV\project\PowerPeg-SQL-to-CSV\App-UI\GlobalFunction.cs] - Processing App_UI.InstantGenerationTask 
2022-09-02 12:04:17,744: INFO [C:\Users\elsto\Documents\GitHub\PowerPeg-SQL-to-CSV\project\PowerPeg-SQL-to-CSV\PowerPeg-SQL-to-CSV\ProcessTask\BackgroundProcessingJob.cs] - Backround job is created and running 
2022-09-02 12:04:17,746: INFO [C:\Users\elsto\Documents\GitHub\PowerPeg-SQL-to-CSV\project\PowerPeg-SQL-to-CSV\PowerPeg-SQL-to-CSV\Gateway\JSONGateway.cs] - Import tasklist data 
2022-09-02 12:04:17,748: INFO [C:\Users\elsto\Documents\GitHub\PowerPeg-SQL-to-CSV\project\PowerPeg-SQL-to-CSV\PowerPeg-SQL-to-CSV\Gateway\JSONGateway.cs] - Import C:\Users\elsto\Documents\GitHub\PowerPeg-SQL-to-CSV\project\PowerPeg-SQL-to-CSV\App-UI\bin\Debug\net6.0-windows\scheduledTask.json Json data 
2022-09-02 12:04:17,751: INFO [C:\Users\elsto\Documents\GitHub\PowerPeg-SQL-to-CSV\project\PowerPeg-SQL-to-CSV\PowerPeg-SQL-to-CSV\Gateway\JSONGateway.cs] - Finished import tasklist 
2022-09-02 12:04:17,753: INFO [C:\Users\elsto\Documents\GitHub\PowerPeg-SQL-to-CSV\project\PowerPeg-SQL-to-CSV\PowerPeg-SQL-to-CSV\ProcessTask\BackgroundProcessingJob.cs] - Finished background job, save the search task state 
2022-09-02 12:04:17,755: INFO [C:\Users\elsto\Documents\GitHub\PowerPeg-SQL-to-CSV\project\PowerPeg-SQL-to-CSV\PowerPeg-SQL-to-CSV\Gateway\JSONGateway.cs] - Update JSON tasklist data 
2022-09-02 12:04:24,814: INFO [C:\Users\elsto\Documents\GitHub\PowerPeg-SQL-to-CSV\project\PowerPeg-SQL-to-CSV\App-UI\GlobalFunction.cs] - User deline the settings, discard task. 
2022-09-02 12:04:24,880: INFO [C:\Users\elsto\Documents\GitHub\PowerPeg-SQL-to-CSV\project\PowerPeg-SQL-to-CSV\App-UI\GlobalFunction.cs] - User creating form 
2022-09-02 12:04:26,465: INFO [C:\Users\elsto\Documents\GitHub\PowerPeg-SQL-to-CSV\project\PowerPeg-SQL-to-CSV\App-UI\GlobalFunction.cs] - Back to previous page. 
2022-09-02 12:04:27,735: INFO [C:\Users\elsto\Documents\GitHub\PowerPeg-SQL-to-CSV\project\PowerPeg-SQL-to-CSV\PowerPeg-SQL-to-CSV\ProcessTask\BackgroundProcessingJob.cs] - Backround job is created and running 
2022-09-02 12:04:27,737: INFO [C:\Users\elsto\Documents\GitHub\PowerPeg-SQL-to-CSV\project\PowerPeg-SQL-to-CSV\PowerPeg-SQL-to-CSV\Gateway\JSONGateway.cs] - Import tasklist data 
2022-09-02 12:04:27,739: INFO [C:\Users\elsto\Documents\GitHub\PowerPeg-SQL-to-CSV\project\PowerPeg-SQL-to-CSV\PowerPeg-SQL-to-CSV\Gateway\JSONGateway.cs] - Import C:\Users\elsto\Documents\GitHub\PowerPeg-SQL-to-CSV\project\PowerPeg-SQL-to-CSV\App-UI\bin\Debug\net6.0-windows\scheduledTask.json Json data 
2022-09-02 12:04:27,743: INFO [C:\Users\elsto\Documents\GitHub\PowerPeg-SQL-to-CSV\project\PowerPeg-SQL-to-CSV\PowerPeg-SQL-to-CSV\Gateway\JSONGateway.cs] - Finished import tasklist 
2022-09-02 12:04:27,745: INFO [C:\Users\elsto\Documents\GitHub\PowerPeg-SQL-to-CSV\project\PowerPeg-SQL-to-CSV\PowerPeg-SQL-to-CSV\ProcessTask\BackgroundProcessingJob.cs] - Finished background job, save the search task state 
2022-09-02 12:04:27,747: INFO [C:\Users\elsto\Documents\GitHub\PowerPeg-SQL-to-CSV\project\PowerPeg-SQL-to-CSV\PowerPeg-SQL-to-CSV\Gateway\JSONGateway.cs] - Update JSON tasklist data 
