2023-04-04 00:27:28,309: INFO [C:\Users\elsto\Documents\GitHub\PowerPeg-SQLtoCSV-WindowsSoftware\project\PowerPeg-SQL-to-CSV\App-UI\Program.cs] - UI Application starting. 
2023-04-04 00:27:28,319: INFO [C:\Users\elsto\Documents\GitHub\PowerPeg-SQLtoCSV-WindowsSoftware\project\PowerPeg-SQL-to-CSV\App-UI\Program.cs] - UI Application started. 
2023-04-04 00:27:28,980: INFO [C:\Users\elsto\Documents\GitHub\PowerPeg-SQLtoCSV-WindowsSoftware\project\PowerPeg-SQL-to-CSV\App-UI\GlobalFunction.cs] - Initializing UI Application. 
2023-04-04 00:27:28,981: INFO [C:\Users\elsto\Documents\GitHub\PowerPeg-SQLtoCSV-WindowsSoftware\project\PowerPeg-SQL-to-CSV\App-UI\GlobalFunction.cs] - Loading HomeForm. 
2023-04-04 00:27:28,982: INFO [C:\Users\elsto\Documents\GitHub\PowerPeg-SQLtoCSV-WindowsSoftware\project\PowerPeg-SQL-to-CSV\App-UI\GlobalFunction.cs] - Starting background task. 
2023-04-04 00:27:28,984: DEBUG [C:\Users\elsto\Documents\GitHub\PowerPeg-SQLtoCSV-WindowsSoftware\project\PowerPeg-SQL-to-CSV\PowerPeg-SQL-to-CSV\Gateway\JSONGateway.cs] - JSON app data filepath C:\Users\elsto\Documents\GitHub\PowerPeg-SQLtoCSV-WindowsSoftware\project\PowerPeg-SQL-to-CSV\App-UI\bin\Debug\net6.0-windows\scheduledTask.json, C:\Users\elsto\Documents\GitHub\PowerPeg-SQLtoCSV-WindowsSoftware\project\PowerPeg-SQL-to-CSV\App-UI\bin\Debug\net6.0-windows\selectTable.json 
2023-04-04 00:27:28,985: INFO [C:\Users\elsto\Documents\GitHub\PowerPeg-SQLtoCSV-WindowsSoftware\project\PowerPeg-SQL-to-CSV\PowerPeg-SQL-to-CSV\Gateway\JSONGateway.cs] - Import tasklist data 
2023-04-04 00:27:29,006: INFO [C:\Users\elsto\Documents\GitHub\PowerPeg-SQLtoCSV-WindowsSoftware\project\PowerPeg-SQL-to-CSV\PowerPeg-SQL-to-CSV\Gateway\JSONGateway.cs] - Import Json data: C:\Users\elsto\Documents\GitHub\PowerPeg-SQLtoCSV-WindowsSoftware\project\PowerPeg-SQL-to-CSV\App-UI\bin\Debug\net6.0-windows\scheduledTask.json 
2023-04-04 00:27:45,850: INFO [C:\Users\elsto\Documents\GitHub\PowerPeg-SQLtoCSV-WindowsSoftware\project\PowerPeg-SQL-to-CSV\App-UI\GlobalFunction.cs] - Stopping background task. 
2023-04-04 00:27:45,862: INFO [C:\Users\elsto\Documents\GitHub\PowerPeg-SQLtoCSV-WindowsSoftware\project\PowerPeg-SQL-to-CSV\App-UI\GlobalFunction.cs] - Starting background task. 
2023-04-04 00:27:45,896: INFO [C:\Users\elsto\Documents\GitHub\PowerPeg-SQLtoCSV-WindowsSoftware\project\PowerPeg-SQL-to-CSV\App-UI\GlobalFunction.cs] - Loading ChangeScheduleGeneration. 
2023-04-04 00:27:45,915: INFO [C:\Users\elsto\Documents\GitHub\PowerPeg-SQLtoCSV-WindowsSoftware\project\PowerPeg-SQL-to-CSV\App-UI\GlobalFunction.cs] - Loading Database information. 
2023-04-04 00:28:04,356: INFO [C:\Users\elsto\Documents\GitHub\PowerPeg-SQLtoCSV-WindowsSoftware\project\PowerPeg-SQL-to-CSV\App-UI\Program.cs] - UI Application starting. 
2023-04-04 00:28:04,364: INFO [C:\Users\elsto\Documents\GitHub\PowerPeg-SQLtoCSV-WindowsSoftware\project\PowerPeg-SQL-to-CSV\App-UI\Program.cs] - UI Application started. 
2023-04-04 00:28:04,969: INFO [C:\Users\elsto\Documents\GitHub\PowerPeg-SQLtoCSV-WindowsSoftware\project\PowerPeg-SQL-to-CSV\App-UI\GlobalFunction.cs] - Initializing UI Application. 
2023-04-04 00:28:04,970: INFO [C:\Users\elsto\Documents\GitHub\PowerPeg-SQLtoCSV-WindowsSoftware\project\PowerPeg-SQL-to-CSV\App-UI\GlobalFunction.cs] - Loading HomeForm. 
2023-04-04 00:28:04,971: INFO [C:\Users\elsto\Documents\GitHub\PowerPeg-SQLtoCSV-WindowsSoftware\project\PowerPeg-SQL-to-CSV\App-UI\GlobalFunction.cs] - Starting background task. 
2023-04-04 00:28:04,972: DEBUG [C:\Users\elsto\Documents\GitHub\PowerPeg-SQLtoCSV-WindowsSoftware\project\PowerPeg-SQL-to-CSV\PowerPeg-SQL-to-CSV\Gateway\JSONGateway.cs] - JSON app data filepath C:\Users\elsto\Documents\GitHub\PowerPeg-SQLtoCSV-WindowsSoftware\project\PowerPeg-SQL-to-CSV\App-UI\bin\Debug\net6.0-windows\scheduledTask.json, C:\Users\elsto\Documents\GitHub\PowerPeg-SQLtoCSV-WindowsSoftware\project\PowerPeg-SQL-to-CSV\App-UI\bin\Debug\net6.0-windows\selectTable.json 
2023-04-04 00:28:04,973: INFO [C:\Users\elsto\Documents\GitHub\PowerPeg-SQLtoCSV-WindowsSoftware\project\PowerPeg-SQL-to-CSV\PowerPeg-SQL-to-CSV\Gateway\JSONGateway.cs] - Import tasklist data 
2023-04-04 00:28:04,982: INFO [C:\Users\elsto\Documents\GitHub\PowerPeg-SQLtoCSV-WindowsSoftware\project\PowerPeg-SQL-to-CSV\PowerPeg-SQL-to-CSV\Gateway\JSONGateway.cs] - Import Json data: C:\Users\elsto\Documents\GitHub\PowerPeg-SQLtoCSV-WindowsSoftware\project\PowerPeg-SQL-to-CSV\App-UI\bin\Debug\net6.0-windows\scheduledTask.json 
2023-04-04 00:28:11,841: INFO [C:\Users\elsto\Documents\GitHub\PowerPeg-SQLtoCSV-WindowsSoftware\project\PowerPeg-SQL-to-CSV\App-UI\Program.cs] - UI Application starting. 
2023-04-04 00:28:11,849: INFO [C:\Users\elsto\Documents\GitHub\PowerPeg-SQLtoCSV-WindowsSoftware\project\PowerPeg-SQL-to-CSV\App-UI\Program.cs] - UI Application started. 
2023-04-04 00:28:12,466: INFO [C:\Users\elsto\Documents\GitHub\PowerPeg-SQLtoCSV-WindowsSoftware\project\PowerPeg-SQL-to-CSV\App-UI\GlobalFunction.cs] - Initializing UI Application. 
2023-04-04 00:28:12,467: INFO [C:\Users\elsto\Documents\GitHub\PowerPeg-SQLtoCSV-WindowsSoftware\project\PowerPeg-SQL-to-CSV\App-UI\GlobalFunction.cs] - Loading HomeForm. 
2023-04-04 00:28:12,468: INFO [C:\Users\elsto\Documents\GitHub\PowerPeg-SQLtoCSV-WindowsSoftware\project\PowerPeg-SQL-to-CSV\App-UI\GlobalFunction.cs] - Starting background task. 
2023-04-04 00:28:12,469: DEBUG [C:\Users\elsto\Documents\GitHub\PowerPeg-SQLtoCSV-WindowsSoftware\project\PowerPeg-SQL-to-CSV\PowerPeg-SQL-to-CSV\Gateway\JSONGateway.cs] - JSON app data filepath C:\Users\elsto\Documents\GitHub\PowerPeg-SQLtoCSV-WindowsSoftware\project\PowerPeg-SQL-to-CSV\App-UI\bin\Debug\net6.0-windows\scheduledTask.json, C:\Users\elsto\Documents\GitHub\PowerPeg-SQLtoCSV-WindowsSoftware\project\PowerPeg-SQL-to-CSV\App-UI\bin\Debug\net6.0-windows\selectTable.json 
2023-04-04 00:28:12,470: INFO [C:\Users\elsto\Documents\GitHub\PowerPeg-SQLtoCSV-WindowsSoftware\project\PowerPeg-SQL-to-CSV\PowerPeg-SQL-to-CSV\Gateway\JSONGateway.cs] - Import tasklist data 
2023-04-04 00:28:12,478: INFO [C:\Users\elsto\Documents\GitHub\PowerPeg-SQLtoCSV-WindowsSoftware\project\PowerPeg-SQL-to-CSV\PowerPeg-SQL-to-CSV\Gateway\JSONGateway.cs] - Import Json data: C:\Users\elsto\Documents\GitHub\PowerPeg-SQLtoCSV-WindowsSoftware\project\PowerPeg-SQL-to-CSV\App-UI\bin\Debug\net6.0-windows\scheduledTask.json 
2023-04-04 00:28:13,916: INFO [C:\Users\elsto\Documents\GitHub\PowerPeg-SQLtoCSV-WindowsSoftware\project\PowerPeg-SQL-to-CSV\App-UI\GlobalFunction.cs] - Stopping background task. 
2023-04-04 00:28:13,926: INFO [C:\Users\elsto\Documents\GitHub\PowerPeg-SQLtoCSV-WindowsSoftware\project\PowerPeg-SQL-to-CSV\App-UI\GlobalFunction.cs] - Starting background task. 
2023-04-04 00:28:13,952: INFO [C:\Users\elsto\Documents\GitHub\PowerPeg-SQLtoCSV-WindowsSoftware\project\PowerPeg-SQL-to-CSV\App-UI\GlobalFunction.cs] - Loading ChangeScheduleGeneration. 
2023-04-04 00:28:13,970: INFO [C:\Users\elsto\Documents\GitHub\PowerPeg-SQLtoCSV-WindowsSoftware\project\PowerPeg-SQL-to-CSV\App-UI\GlobalFunction.cs] - Loading Database information. 
2023-04-04 00:28:16,974: INFO [C:\Users\elsto\Documents\GitHub\PowerPeg-SQLtoCSV-WindowsSoftware\project\PowerPeg-SQL-to-CSV\App-UI\Program.cs] - UI Application starting. 
2023-04-04 00:28:16,981: INFO [C:\Users\elsto\Documents\GitHub\PowerPeg-SQLtoCSV-WindowsSoftware\project\PowerPeg-SQL-to-CSV\App-UI\Program.cs] - UI Application started. 
2023-04-04 00:28:17,594: INFO [C:\Users\elsto\Documents\GitHub\PowerPeg-SQLtoCSV-WindowsSoftware\project\PowerPeg-SQL-to-CSV\App-UI\GlobalFunction.cs] - Initializing UI Application. 
2023-04-04 00:28:17,595: INFO [C:\Users\elsto\Documents\GitHub\PowerPeg-SQLtoCSV-WindowsSoftware\project\PowerPeg-SQL-to-CSV\App-UI\GlobalFunction.cs] - Loading HomeForm. 
2023-04-04 00:28:17,596: INFO [C:\Users\elsto\Documents\GitHub\PowerPeg-SQLtoCSV-WindowsSoftware\project\PowerPeg-SQL-to-CSV\App-UI\GlobalFunction.cs] - Starting background task. 
2023-04-04 00:28:17,597: DEBUG [C:\Users\elsto\Documents\GitHub\PowerPeg-SQLtoCSV-WindowsSoftware\project\PowerPeg-SQL-to-CSV\PowerPeg-SQL-to-CSV\Gateway\JSONGateway.cs] - JSON app data filepath C:\Users\elsto\Documents\GitHub\PowerPeg-SQLtoCSV-WindowsSoftware\project\PowerPeg-SQL-to-CSV\App-UI\bin\Debug\net6.0-windows\scheduledTask.json, C:\Users\elsto\Documents\GitHub\PowerPeg-SQLtoCSV-WindowsSoftware\project\PowerPeg-SQL-to-CSV\App-UI\bin\Debug\net6.0-windows\selectTable.json 
2023-04-04 00:28:17,598: INFO [C:\Users\elsto\Documents\GitHub\PowerPeg-SQLtoCSV-WindowsSoftware\project\PowerPeg-SQL-to-CSV\PowerPeg-SQL-to-CSV\Gateway\JSONGateway.cs] - Import tasklist data 
2023-04-04 00:28:17,606: INFO [C:\Users\elsto\Documents\GitHub\PowerPeg-SQLtoCSV-WindowsSoftware\project\PowerPeg-SQL-to-CSV\PowerPeg-SQL-to-CSV\Gateway\JSONGateway.cs] - Import Json data: C:\Users\elsto\Documents\GitHub\PowerPeg-SQLtoCSV-WindowsSoftware\project\PowerPeg-SQL-to-CSV\App-UI\bin\Debug\net6.0-windows\scheduledTask.json 
2023-04-04 00:28:20,802: INFO [C:\Users\elsto\Documents\GitHub\PowerPeg-SQLtoCSV-WindowsSoftware\project\PowerPeg-SQL-to-CSV\App-UI\GlobalFunction.cs] - User request the closing of application. 
2023-04-04 00:28:26,166: INFO [C:\Users\elsto\Documents\GitHub\PowerPeg-SQLtoCSV-WindowsSoftware\project\PowerPeg-SQL-to-CSV\App-UI\GlobalFunction.cs] - Closing background task. 
2023-04-04 00:28:29,190: INFO [C:\Users\elsto\Documents\GitHub\PowerPeg-SQLtoCSV-WindowsSoftware\project\PowerPeg-SQL-to-CSV\App-UI\GlobalFunction.cs] - Appication closing. 
2023-04-04 00:28:29,211: INFO [C:\Users\elsto\Documents\GitHub\PowerPeg-SQLtoCSV-WindowsSoftware\project\PowerPeg-SQL-to-CSV\App-UI\Program.cs] - UI Application shut down. 
2023-04-04 00:34:30,573: INFO [C:\Users\elsto\Documents\GitHub\PowerPeg-SQLtoCSV-WindowsSoftware\project\PowerPeg-SQL-to-CSV\App-UI\Program.cs] - UI Application starting. 
2023-04-04 00:34:30,581: INFO [C:\Users\elsto\Documents\GitHub\PowerPeg-SQLtoCSV-WindowsSoftware\project\PowerPeg-SQL-to-CSV\App-UI\Program.cs] - UI Application started. 
2023-04-04 00:34:31,194: INFO [C:\Users\elsto\Documents\GitHub\PowerPeg-SQLtoCSV-WindowsSoftware\project\PowerPeg-SQL-to-CSV\App-UI\GlobalFunction.cs] - Initializing UI Application. 
2023-04-04 00:34:31,195: INFO [C:\Users\elsto\Documents\GitHub\PowerPeg-SQLtoCSV-WindowsSoftware\project\PowerPeg-SQL-to-CSV\App-UI\GlobalFunction.cs] - Loading HomeForm. 
2023-04-04 00:34:31,196: INFO [C:\Users\elsto\Documents\GitHub\PowerPeg-SQLtoCSV-WindowsSoftware\project\PowerPeg-SQL-to-CSV\App-UI\GlobalFunction.cs] - Starting background task. 
2023-04-04 00:34:31,197: DEBUG [C:\Users\elsto\Documents\GitHub\PowerPeg-SQLtoCSV-WindowsSoftware\project\PowerPeg-SQL-to-CSV\PowerPeg-SQL-to-CSV\Gateway\JSONGateway.cs] - JSON app data filepath C:\Users\elsto\Documents\GitHub\PowerPeg-SQLtoCSV-WindowsSoftware\project\PowerPeg-SQL-to-CSV\App-UI\bin\Debug\net6.0-windows\scheduledTask.json, C:\Users\elsto\Documents\GitHub\PowerPeg-SQLtoCSV-WindowsSoftware\project\PowerPeg-SQL-to-CSV\App-UI\bin\Debug\net6.0-windows\selectTable.json 
2023-04-04 00:34:31,198: INFO [C:\Users\elsto\Documents\GitHub\PowerPeg-SQLtoCSV-WindowsSoftware\project\PowerPeg-SQL-to-CSV\PowerPeg-SQL-to-CSV\Gateway\JSONGateway.cs] - Import tasklist data 
2023-04-04 00:34:31,206: INFO [C:\Users\elsto\Documents\GitHub\PowerPeg-SQLtoCSV-WindowsSoftware\project\PowerPeg-SQL-to-CSV\PowerPeg-SQL-to-CSV\Gateway\JSONGateway.cs] - Import Json data: C:\Users\elsto\Documents\GitHub\PowerPeg-SQLtoCSV-WindowsSoftware\project\PowerPeg-SQL-to-CSV\App-UI\bin\Debug\net6.0-windows\scheduledTask.json 
2023-04-04 01:18:04,190: INFO [C:\Users\elsto\Documents\GitHub\PowerPeg-SQLtoCSV-WindowsSoftware\project\PowerPeg-SQL-to-CSV\App-UI\Program.cs] - UI Application starting. 
2023-04-04 01:18:04,197: INFO [C:\Users\elsto\Documents\GitHub\PowerPeg-SQLtoCSV-WindowsSoftware\project\PowerPeg-SQL-to-CSV\App-UI\Program.cs] - UI Application started. 
2023-04-04 01:18:04,797: INFO [C:\Users\elsto\Documents\GitHub\PowerPeg-SQLtoCSV-WindowsSoftware\project\PowerPeg-SQL-to-CSV\App-UI\GlobalFunction.cs] - Initializing UI Application. 
2023-04-04 01:18:04,798: INFO [C:\Users\elsto\Documents\GitHub\PowerPeg-SQLtoCSV-WindowsSoftware\project\PowerPeg-SQL-to-CSV\App-UI\GlobalFunction.cs] - Loading HomeForm. 
2023-04-04 01:18:04,799: INFO [C:\Users\elsto\Documents\GitHub\PowerPeg-SQLtoCSV-WindowsSoftware\project\PowerPeg-SQL-to-CSV\App-UI\GlobalFunction.cs] - Starting background task. 
2023-04-04 01:18:04,800: DEBUG [C:\Users\elsto\Documents\GitHub\PowerPeg-SQLtoCSV-WindowsSoftware\project\PowerPeg-SQL-to-CSV\PowerPeg-SQL-to-CSV\Gateway\JSONGateway.cs] - JSON app data filepath C:\Users\elsto\Documents\GitHub\PowerPeg-SQLtoCSV-WindowsSoftware\project\PowerPeg-SQL-to-CSV\App-UI\bin\Debug\net6.0-windows\scheduledTask.json, C:\Users\elsto\Documents\GitHub\PowerPeg-SQLtoCSV-WindowsSoftware\project\PowerPeg-SQL-to-CSV\App-UI\bin\Debug\net6.0-windows\selectTable.json 
2023-04-04 01:18:04,801: INFO [C:\Users\elsto\Documents\GitHub\PowerPeg-SQLtoCSV-WindowsSoftware\project\PowerPeg-SQL-to-CSV\PowerPeg-SQL-to-CSV\Gateway\JSONGateway.cs] - Import tasklist data 
2023-04-04 01:18:04,807: INFO [C:\Users\elsto\Documents\GitHub\PowerPeg-SQLtoCSV-WindowsSoftware\project\PowerPeg-SQL-to-CSV\PowerPeg-SQL-to-CSV\Gateway\JSONGateway.cs] - Import Json data: C:\Users\elsto\Documents\GitHub\PowerPeg-SQLtoCSV-WindowsSoftware\project\PowerPeg-SQL-to-CSV\App-UI\bin\Debug\net6.0-windows\scheduledTask.json 
2023-04-04 01:18:04,912: DEBUG [C:\Users\elsto\Documents\GitHub\PowerPeg-SQLtoCSV-WindowsSoftware\project\PowerPeg-SQL-to-CSV\PowerPeg-SQL-to-CSV\SearchTask.cs] - Created search class_2023-04-04_01-18-04,C:\Users\elsto\Downloads\PowerPeg-SQL-CSV\AutoGeneration\,MonthMode,Saturday,4,* 
2023-04-04 01:18:04,913: INFO [C:\Users\elsto\Documents\GitHub\PowerPeg-SQLtoCSV-WindowsSoftware\project\PowerPeg-SQL-to-CSV\PowerPeg-SQL-to-CSV\Gateway\JSONGateway.cs] - Finished import tasklist 
2023-04-04 01:18:04,914: INFO [C:\Users\elsto\Documents\GitHub\PowerPeg-SQLtoCSV-WindowsSoftware\project\PowerPeg-SQL-to-CSV\PowerPeg-SQL-to-CSV\Gateway\DatabaseGateway.cs] - Setup the Database gateway: Data Source=192.168.0.212\ION;Database=SYP_8F_AC_Plant_RM;User ID=EMSD;Password=Emsd$1234;Connect Timeout=30;Encrypt=False;TrustServerCertificate=False;ApplicationIntent=ReadWrite;MultiSubnetFailover=False 
2023-04-04 01:18:04,915: INFO [C:\Users\elsto\Documents\GitHub\PowerPeg-SQLtoCSV-WindowsSoftware\project\PowerPeg-SQL-to-CSV\PowerPeg-SQL-to-CSV\Gateway\JSONGateway.cs] - Import included table data 
2023-04-04 01:18:04,916: INFO [C:\Users\elsto\Documents\GitHub\PowerPeg-SQLtoCSV-WindowsSoftware\project\PowerPeg-SQL-to-CSV\PowerPeg-SQL-to-CSV\Gateway\JSONGateway.cs] - Import Json data: C:\Users\elsto\Documents\GitHub\PowerPeg-SQLtoCSV-WindowsSoftware\project\PowerPeg-SQL-to-CSV\App-UI\bin\Debug\net6.0-windows\selectTable.json 
2023-04-04 01:18:04,917: INFO [C:\Users\elsto\Documents\GitHub\PowerPeg-SQLtoCSV-WindowsSoftware\project\PowerPeg-SQL-to-CSV\PowerPeg-SQL-to-CSV\Gateway\JSONGateway.cs] - Finished import included table 
2023-04-04 01:18:04,918: INFO [C:\Users\elsto\Documents\GitHub\PowerPeg-SQLtoCSV-WindowsSoftware\project\PowerPeg-SQL-to-CSV\PowerPeg-SQL-to-CSV\Gateway\DatabaseGateway.cs] - Setup the selected Database Table, number of tables: 102 
2023-04-04 01:18:04,918: DEBUG [C:\Users\elsto\Documents\GitHub\PowerPeg-SQLtoCSV-WindowsSoftware\project\PowerPeg-SQL-to-CSV\PowerPeg-SQL-to-CSV\MainFunction.cs] - Run startBackgroundJob 
2023-04-04 01:18:04,975: INFO [Quartz.Impl.StdSchedulerFactory] - Default Quartz.NET properties loaded from embedded resource file 
2023-04-04 01:18:04,999: DEBUG [Quartz.Simpl.TaskSchedulingThreadPool] - TaskSchedulingThreadPool configured with max concurrency of 10 and TaskScheduler ThreadPoolTaskScheduler. 
2023-04-04 01:18:05,006: INFO [Quartz.Core.SchedulerSignalerImpl] - Initialized Scheduler Signaller of type: Quartz.Core.SchedulerSignalerImpl 
2023-04-04 01:18:05,007: INFO [Quartz.Core.QuartzScheduler] - Quartz Scheduler created 
2023-04-04 01:18:05,008: INFO [Quartz.Simpl.RAMJobStore] - RAMJobStore initialized. 
2023-04-04 01:18:05,010: INFO [Quartz.Core.QuartzScheduler] - Scheduler meta-data: Quartz Scheduler (v3.4.0.0) 'DefaultQuartzScheduler' with instanceId 'NON_CLUSTERED'
  Scheduler class: 'Quartz.Core.QuartzScheduler' - running locally.
  NOT STARTED.
  Currently in standby mode.
  Number of jobs executed: 0
  Using thread pool 'Quartz.Simpl.DefaultThreadPool' - with 10 threads.
  Using job-store 'Quartz.Simpl.RAMJobStore' - which does not support persistence. and is not clustered.
 
2023-04-04 01:18:05,011: INFO [Quartz.Impl.StdSchedulerFactory] - Quartz scheduler 'DefaultQuartzScheduler' initialized 
2023-04-04 01:18:05,012: INFO [Quartz.Impl.StdSchedulerFactory] - Quartz scheduler version: 3.4.0.0 
2023-04-04 01:18:05,017: INFO [Quartz.Core.QuartzScheduler] - Scheduler DefaultQuartzScheduler_$_NON_CLUSTERED started. 
2023-04-04 01:18:05,018: INFO [C:\Users\elsto\Documents\GitHub\PowerPeg-SQLtoCSV-WindowsSoftware\project\PowerPeg-SQL-to-CSV\PowerPeg-SQL-to-CSV\ProcessTask\BackgroundScheduler.cs] - Background Scheduler is running 
2023-04-04 01:18:05,030: DEBUG [Quartz.Core.QuartzSchedulerThread] - Batch acquisition of 0 triggers 
2023-04-04 01:18:05,038: DEBUG [Quartz.Core.QuartzSchedulerThread] - Batch acquisition of 1 triggers 
2023-04-04 01:18:05,136: DEBUG [Quartz.Simpl.SimpleJobFactory] - Producing instance of Job 'DEFAULT.240b3ae7-a824-405f-85b8-0ce7ef185f69', class=PowerPeg_SQL_to_CSV.ProcessTask.BackgroundJobScheduleTask 
2023-04-04 01:18:05,139: DEBUG [Quartz.Core.QuartzSchedulerThread] - Batch acquisition of 0 triggers 
2023-04-04 01:18:05,149: DEBUG [Quartz.Core.JobRunShell] - Calling Execute on job DEFAULT.240b3ae7-a824-405f-85b8-0ce7ef185f69 
2023-04-04 01:18:05,153: INFO [C:\Users\elsto\Documents\GitHub\PowerPeg-SQLtoCSV-WindowsSoftware\project\PowerPeg-SQL-to-CSV\PowerPeg-SQL-to-CSV\ProcessTask\BackgroundJobScheduleTask.cs] - Backround job is created and running: DEFAULT.240b3ae7-a824-405f-85b8-0ce7ef185f69, UTCFiretime: 3/4/2023 5:18:05 pm +00:00 
2023-04-04 01:18:05,155: INFO [C:\Users\elsto\Documents\GitHub\PowerPeg-SQLtoCSV-WindowsSoftware\project\PowerPeg-SQL-to-CSV\PowerPeg-SQL-to-CSV\Gateway\JSONGateway.cs] - Import tasklist data 
2023-04-04 01:18:05,155: INFO [C:\Users\elsto\Documents\GitHub\PowerPeg-SQLtoCSV-WindowsSoftware\project\PowerPeg-SQL-to-CSV\PowerPeg-SQL-to-CSV\Gateway\JSONGateway.cs] - Import Json data: C:\Users\elsto\Documents\GitHub\PowerPeg-SQLtoCSV-WindowsSoftware\project\PowerPeg-SQL-to-CSV\App-UI\bin\Debug\net6.0-windows\scheduledTask.json 
2023-04-04 01:18:05,158: DEBUG [C:\Users\elsto\Documents\GitHub\PowerPeg-SQLtoCSV-WindowsSoftware\project\PowerPeg-SQL-to-CSV\PowerPeg-SQL-to-CSV\SearchTask.cs] - Created search class_2023-04-04_01-18-05,C:\Users\elsto\Downloads\PowerPeg-SQL-CSV\AutoGeneration\,MonthMode,Saturday,4,* 
2023-04-04 01:18:05,159: INFO [C:\Users\elsto\Documents\GitHub\PowerPeg-SQLtoCSV-WindowsSoftware\project\PowerPeg-SQL-to-CSV\PowerPeg-SQL-to-CSV\Gateway\JSONGateway.cs] - Finished import tasklist 
2023-04-04 01:18:05,160: DEBUG [C:\Users\elsto\Documents\GitHub\PowerPeg-SQLtoCSV-WindowsSoftware\project\PowerPeg-SQL-to-CSV\PowerPeg-SQL-to-CSV\ProcessTask\BackgroundJobScheduleTask.cs] - Background job process search task of t2_2022-10-07_12-53-26 
2023-04-04 01:18:05,161: INFO [C:\Users\elsto\Documents\GitHub\PowerPeg-SQLtoCSV-WindowsSoftware\project\PowerPeg-SQL-to-CSV\PowerPeg-SQL-to-CSV\SearchTask.cs] - Runing search on t2_2022-10-07_12-53-26 
2023-04-04 01:18:05,162: INFO [C:\Users\elsto\Documents\GitHub\PowerPeg-SQLtoCSV-WindowsSoftware\project\PowerPeg-SQL-to-CSV\PowerPeg-SQL-to-CSV\Mode\MonthMode.cs] - Trigger month mode search: MonthMode, Saturday, 4, * 
2023-04-04 01:18:05,164: INFO [C:\Users\elsto\Documents\GitHub\PowerPeg-SQLtoCSV-WindowsSoftware\project\PowerPeg-SQL-to-CSV\PowerPeg-SQL-to-CSV\Mode\MonthMode.cs] - Run search - next run time: 4/4/2023 1:08:05 am days, trigger day of week: Saturday, current hour: 1 vs trigger hour: 4  
2023-04-04 01:18:05,186: DEBUG [C:\Users\elsto\Documents\GitHub\PowerPeg-SQLtoCSV-WindowsSoftware\project\PowerPeg-SQL-to-CSV\PowerPeg-SQL-to-CSV\Gateway\DatabaseGateway.cs] - Request Database data of tablename: 3000STL10, start search date: 1/3/2023 12:00:00 am, end search date: 1/4/2023 12:00:00 am 
2023-04-04 01:18:07,172: INFO [C:\Users\elsto\Documents\GitHub\PowerPeg-SQLtoCSV-WindowsSoftware\project\PowerPeg-SQL-to-CSV\App-UI\GlobalFunction.cs] - User request the closing of application. 
2023-04-04 01:18:08,309: INFO [C:\Users\elsto\Documents\GitHub\PowerPeg-SQLtoCSV-WindowsSoftware\project\PowerPeg-SQL-to-CSV\App-UI\GlobalFunction.cs] - Closing background task. 
2023-04-04 01:18:08,310: DEBUG [C:\Users\elsto\Documents\GitHub\PowerPeg-SQLtoCSV-WindowsSoftware\project\PowerPeg-SQL-to-CSV\PowerPeg-SQL-to-CSV\MainFunction.cs] - Run stopBackgroundJob 
2023-04-04 01:18:08,311: DEBUG [C:\Users\elsto\Documents\GitHub\PowerPeg-SQLtoCSV-WindowsSoftware\project\PowerPeg-SQL-to-CSV\PowerPeg-SQL-to-CSV\MainFunction.cs] - Have background task, stopping background task 
2023-04-04 01:18:08,313: DEBUG [C:\Users\elsto\Documents\GitHub\PowerPeg-SQLtoCSV-WindowsSoftware\project\PowerPeg-SQL-to-CSV\PowerPeg-SQL-to-CSV\ProcessTask\BackgroundScheduler.cs] - Trying to interrupt job: JobDetail 'DEFAULT.240b3ae7-a824-405f-85b8-0ce7ef185f69':  jobType: 'PowerPeg_SQL_to_CSV.ProcessTask.BackgroundJobScheduleTask persistJobDataAfterExecution: False concurrentExecutionDisallowed: True isDurable: False requestsRecovers: False 
2023-04-04 01:18:08,315: DEBUG [C:\Users\elsto\Documents\GitHub\PowerPeg-SQLtoCSV-WindowsSoftware\project\PowerPeg-SQL-to-CSV\PowerPeg-SQL-to-CSV\ProcessTask\BackgroundScheduler.cs] - Interrupt status: True 
2023-04-04 01:18:08,316: INFO [C:\Users\elsto\Documents\GitHub\PowerPeg-SQLtoCSV-WindowsSoftware\project\PowerPeg-SQL-to-CSV\PowerPeg-SQL-to-CSV\ProcessTask\BackgroundScheduler.cs] - Scheduler Stopped 
2023-04-04 01:18:08,319: INFO [Quartz.Core.QuartzScheduler] - Scheduler DefaultQuartzScheduler_$_NON_CLUSTERED shutting down. 
2023-04-04 01:18:08,320: INFO [Quartz.Core.QuartzScheduler] - Scheduler DefaultQuartzScheduler_$_NON_CLUSTERED paused. 
2023-04-04 01:18:08,324: DEBUG [Quartz.Simpl.TaskSchedulingThreadPool] - Shutting down threadpool... 
2023-04-04 01:18:08,325: DEBUG [Quartz.Simpl.TaskSchedulingThreadPool] - Waiting for 1 threads to complete. 
2023-04-04 01:18:11,337: INFO [C:\Users\elsto\Documents\GitHub\PowerPeg-SQLtoCSV-WindowsSoftware\project\PowerPeg-SQL-to-CSV\App-UI\GlobalFunction.cs] - Appication closing. 
2023-04-04 01:18:11,347: INFO [C:\Users\elsto\Documents\GitHub\PowerPeg-SQLtoCSV-WindowsSoftware\project\PowerPeg-SQL-to-CSV\App-UI\Program.cs] - UI Application shut down. 
