2022-08-22 15:29:37,847 [C:\Users\elsto\Documents\GitHub\PowerPeg-SQL-to-CSV\project\PowerPeg-SQL-to-CSV\App-UI\Program.cs] INFO - UI Application starting.
2022-08-22 15:29:38,038 [C:\Users\elsto\Documents\GitHub\PowerPeg-SQL-to-CSV\project\PowerPeg-SQL-to-CSV\App-UI\GlobalFunction.cs] INFO - Initializing UI Application.
2022-08-22 15:29:38,039 [C:\Users\elsto\Documents\GitHub\PowerPeg-SQL-to-CSV\project\PowerPeg-SQL-to-CSV\App-UI\GlobalFunction.cs] INFO - Loading HomeForm.
2022-08-22 15:29:38,041 [C:\Users\elsto\Documents\GitHub\PowerPeg-SQL-to-CSV\project\PowerPeg-SQL-to-CSV\App-UI\GlobalFunction.cs] INFO - Starting background task.
2022-08-22 15:29:39,388 [Quartz.Impl.StdSchedulerFactory] INFO - Default Quartz.NET properties loaded from embedded resource file
2022-08-22 15:29:39,480 [Quartz.Simpl.TaskSchedulingThreadPool] DEBUG - TaskSchedulingThreadPool configured with max concurrency of 10 and TaskScheduler ThreadPoolTaskScheduler.
2022-08-22 15:29:39,500 [Quartz.Core.SchedulerSignalerImpl] INFO - Initialized Scheduler Signaller of type: Quartz.Core.SchedulerSignalerImpl
2022-08-22 15:29:39,502 [Quartz.Core.QuartzScheduler] INFO - Quartz Scheduler created
2022-08-22 15:29:39,506 [Quartz.Simpl.RAMJobStore] INFO - RAMJobStore initialized.
2022-08-22 15:29:39,514 [Quartz.Core.QuartzScheduler] INFO - Scheduler meta-data: Quartz Scheduler (v3.4.0.0) 'DefaultQuartzScheduler' with instanceId 'NON_CLUSTERED'
  Scheduler class: 'Quartz.Core.QuartzScheduler' - running locally.
  NOT STARTED.
  Currently in standby mode.
  Number of jobs executed: 0
  Using thread pool 'Quartz.Simpl.DefaultThreadPool' - with 10 threads.
  Using job-store 'Quartz.Simpl.RAMJobStore' - which does not support persistence. and is not clustered.

2022-08-22 15:29:39,517 [Quartz.Impl.StdSchedulerFactory] INFO - Quartz scheduler 'DefaultQuartzScheduler' initialized
2022-08-22 15:29:39,520 [Quartz.Impl.StdSchedulerFactory] INFO - Quartz scheduler version: 3.4.0.0
2022-08-22 15:29:39,541 [Quartz.Core.QuartzScheduler] INFO - Scheduler DefaultQuartzScheduler_$_NON_CLUSTERED started.
2022-08-22 15:29:39,582 [Quartz.Core.QuartzSchedulerThread] DEBUG - Batch acquisition of 0 triggers
2022-08-22 15:29:39,611 [Quartz.Core.QuartzSchedulerThread] DEBUG - Batch acquisition of 1 triggers
2022-08-22 15:29:39,647 [Quartz.Simpl.SimpleJobFactory] DEBUG - Producing instance of Job 'DEFAULT.b6efe631-6c67-4224-8af6-d5e797c9b6c1', class=PowerPeg_SQL_to_CSV.ProcessTask.BackgroundProcessingJob
2022-08-22 15:29:39,657 [Quartz.Core.QuartzSchedulerThread] DEBUG - Batch acquisition of 0 triggers
2022-08-22 15:29:39,704 [Quartz.Core.JobRunShell] DEBUG - Calling Execute on job DEFAULT.b6efe631-6c67-4224-8af6-d5e797c9b6c1
2022-08-22 15:29:40,328 [Quartz.Core.JobRunShell] DEBUG - Trigger instruction : NoInstruction
2022-08-22 15:29:40,334 [Quartz.Core.QuartzSchedulerThread] DEBUG - Batch acquisition of 1 triggers
2022-08-22 15:29:44,971 [C:\Users\elsto\Documents\GitHub\PowerPeg-SQL-to-CSV\project\PowerPeg-SQL-to-CSV\App-UI\GlobalFunction.cs] INFO - Closing background task.
2022-08-22 15:29:44,980 [Quartz.Core.QuartzScheduler] INFO - Scheduler DefaultQuartzScheduler_$_NON_CLUSTERED shutting down.
2022-08-22 15:29:44,983 [Quartz.Core.QuartzScheduler] INFO - Scheduler DefaultQuartzScheduler_$_NON_CLUSTERED paused.
2022-08-22 15:29:44,990 [Quartz.Simpl.TaskSchedulingThreadPool] DEBUG - Shutting down threadpool...
2022-08-22 15:29:44,991 [Quartz.Simpl.TaskSchedulingThreadPool] DEBUG - Waiting for 0 threads to complete.
2022-08-22 15:29:44,992 [Quartz.Simpl.TaskSchedulingThreadPool] DEBUG - No executing jobs remaining, all threads stopped.
2022-08-22 15:29:44,993 [Quartz.Simpl.TaskSchedulingThreadPool] DEBUG - Shutdown of threadpool complete.
2022-08-22 15:29:44,998 [Quartz.Core.QuartzScheduler] INFO - Scheduler DefaultQuartzScheduler_$_NON_CLUSTERED Shutdown complete.
2022-08-22 15:29:47,997 [C:\Users\elsto\Documents\GitHub\PowerPeg-SQL-to-CSV\project\PowerPeg-SQL-to-CSV\App-UI\GlobalFunction.cs] INFO - Appication closing.
2022-08-22 15:29:48,033 [C:\Users\elsto\Documents\GitHub\PowerPeg-SQL-to-CSV\project\PowerPeg-SQL-to-CSV\App-UI\Program.cs] INFO - UI Application ending.
