2022-08-30 16:04:38,731: INFO [C:\Users\elsto\Documents\GitHub\PowerPeg-SQL-to-CSV\project\PowerPeg-SQL-to-CSV\App-UI\Program.cs] - UI Application starting. 
2022-08-30 16:04:39,313: INFO [C:\Users\elsto\Documents\GitHub\PowerPeg-SQL-to-CSV\project\PowerPeg-SQL-to-CSV\App-UI\GlobalFunction.cs] - Initializing UI Application. 
2022-08-30 16:04:39,314: INFO [C:\Users\elsto\Documents\GitHub\PowerPeg-SQL-to-CSV\project\PowerPeg-SQL-to-CSV\App-UI\GlobalFunction.cs] - Loading HomeForm. 
2022-08-30 16:04:39,314: INFO [C:\Users\elsto\Documents\GitHub\PowerPeg-SQL-to-CSV\project\PowerPeg-SQL-to-CSV\App-UI\GlobalFunction.cs] - Starting background task. 
2022-08-30 16:04:39,315: INFO [C:\Users\elsto\Documents\GitHub\PowerPeg-SQL-to-CSV\project\PowerPeg-SQL-to-CSV\PowerPeg-SQL-to-CSV\Gateway\JSONGateway.cs] - Import tasklist data 
2022-08-30 16:04:39,317: INFO [C:\Users\elsto\Documents\GitHub\PowerPeg-SQL-to-CSV\project\PowerPeg-SQL-to-CSV\PowerPeg-SQL-to-CSV\Gateway\JSONGateway.cs] - Import C:\Users\elsto\Documents\GitHub\PowerPeg-SQL-to-CSV\project\PowerPeg-SQL-to-CSV\App-UI\bin\Release\net6.0-windows\scheduledTask.json Json data 
2022-08-30 16:05:24,058: INFO [C:\Users\elsto\Documents\GitHub\PowerPeg-SQL-to-CSV\project\PowerPeg-SQL-to-CSV\App-UI\Program.cs] - UI Application starting. 
2022-08-30 16:05:24,655: INFO [C:\Users\elsto\Documents\GitHub\PowerPeg-SQL-to-CSV\project\PowerPeg-SQL-to-CSV\App-UI\GlobalFunction.cs] - Initializing UI Application. 
2022-08-30 16:05:24,655: INFO [C:\Users\elsto\Documents\GitHub\PowerPeg-SQL-to-CSV\project\PowerPeg-SQL-to-CSV\App-UI\GlobalFunction.cs] - Loading HomeForm. 
2022-08-30 16:05:24,655: INFO [C:\Users\elsto\Documents\GitHub\PowerPeg-SQL-to-CSV\project\PowerPeg-SQL-to-CSV\App-UI\GlobalFunction.cs] - Starting background task. 
2022-08-30 16:05:24,656: INFO [C:\Users\elsto\Documents\GitHub\PowerPeg-SQL-to-CSV\project\PowerPeg-SQL-to-CSV\PowerPeg-SQL-to-CSV\Gateway\JSONGateway.cs] - Import tasklist data 
2022-08-30 16:05:24,658: INFO [C:\Users\elsto\Documents\GitHub\PowerPeg-SQL-to-CSV\project\PowerPeg-SQL-to-CSV\PowerPeg-SQL-to-CSV\Gateway\JSONGateway.cs] - Import C:\Users\elsto\Documents\GitHub\PowerPeg-SQL-to-CSV\project\PowerPeg-SQL-to-CSV\App-UI\bin\Release\net6.0-windows\scheduledTask.json Json data 
2022-08-30 16:05:24,787: INFO [C:\Users\elsto\Documents\GitHub\PowerPeg-SQL-to-CSV\project\PowerPeg-SQL-to-CSV\PowerPeg-SQL-to-CSV\Gateway\JSONGateway.cs] - Finished import 
2022-08-30 16:05:24,788: INFO [C:\Users\elsto\Documents\GitHub\PowerPeg-SQL-to-CSV\project\PowerPeg-SQL-to-CSV\PowerPeg-SQL-to-CSV\Gateway\DatabaseGateway.cs] - Setup the Database gateway: Data Source=192.168.0.212\ION;Database=SYP_8F_AC_Plant_RM;User ID=EMSD;Password=Emsd$1234;Connect Timeout=30;Encrypt=False;TrustServerCertificate=False;ApplicationIntent=ReadWrite;MultiSubnetFailover=False 
2022-08-30 16:05:24,788: INFO [C:\Users\elsto\Documents\GitHub\PowerPeg-SQL-to-CSV\project\PowerPeg-SQL-to-CSV\PowerPeg-SQL-to-CSV\Gateway\JSONGateway.cs] - Import table data 
2022-08-30 16:05:24,788: INFO [C:\Users\elsto\Documents\GitHub\PowerPeg-SQL-to-CSV\project\PowerPeg-SQL-to-CSV\PowerPeg-SQL-to-CSV\Gateway\JSONGateway.cs] - Import C:\Users\elsto\Documents\GitHub\PowerPeg-SQL-to-CSV\project\PowerPeg-SQL-to-CSV\App-UI\bin\Release\net6.0-windows\selectTable.json Json data 
2022-08-30 16:05:24,796: INFO [C:\Users\elsto\Documents\GitHub\PowerPeg-SQL-to-CSV\project\PowerPeg-SQL-to-CSV\PowerPeg-SQL-to-CSV\Gateway\JSONGateway.cs] - Finished import 
2022-08-30 16:05:24,796: INFO [C:\Users\elsto\Documents\GitHub\PowerPeg-SQL-to-CSV\project\PowerPeg-SQL-to-CSV\PowerPeg-SQL-to-CSV\Gateway\DatabaseGateway.cs] - Setup the selected Database Table, number of tables: 102 
2022-08-30 16:05:24,889: INFO [Quartz.Impl.StdSchedulerFactory] - Default Quartz.NET properties loaded from embedded resource file 
2022-08-30 16:05:24,938: INFO [Quartz.Core.SchedulerSignalerImpl] - Initialized Scheduler Signaller of type: Quartz.Core.SchedulerSignalerImpl 
2022-08-30 16:05:24,939: INFO [Quartz.Core.QuartzScheduler] - Quartz Scheduler created 
2022-08-30 16:05:24,939: INFO [Quartz.Simpl.RAMJobStore] - RAMJobStore initialized. 
2022-08-30 16:05:24,942: INFO [Quartz.Core.QuartzScheduler] - Scheduler meta-data: Quartz Scheduler (v3.4.0.0) 'DefaultQuartzScheduler' with instanceId 'NON_CLUSTERED'
  Scheduler class: 'Quartz.Core.QuartzScheduler' - running locally.
  NOT STARTED.
  Currently in standby mode.
  Number of jobs executed: 0
  Using thread pool 'Quartz.Simpl.DefaultThreadPool' - with 10 threads.
  Using job-store 'Quartz.Simpl.RAMJobStore' - which does not support persistence. and is not clustered.
 
2022-08-30 16:05:24,942: INFO [Quartz.Impl.StdSchedulerFactory] - Quartz scheduler 'DefaultQuartzScheduler' initialized 
2022-08-30 16:05:24,942: INFO [Quartz.Impl.StdSchedulerFactory] - Quartz scheduler version: 3.4.0.0 
2022-08-30 16:05:24,949: INFO [Quartz.Core.QuartzScheduler] - Scheduler DefaultQuartzScheduler_$_NON_CLUSTERED started. 
2022-08-30 16:05:24,989: INFO [C:\Users\elsto\Documents\GitHub\PowerPeg-SQL-to-CSV\project\PowerPeg-SQL-to-CSV\PowerPeg-SQL-to-CSV\ProcessTask\BackgroundProcessingJob.cs] - Backround job is created and running 
2022-08-30 16:05:24,989: INFO [C:\Users\elsto\Documents\GitHub\PowerPeg-SQL-to-CSV\project\PowerPeg-SQL-to-CSV\PowerPeg-SQL-to-CSV\Gateway\JSONGateway.cs] - Import tasklist data 
2022-08-30 16:05:24,989: INFO [C:\Users\elsto\Documents\GitHub\PowerPeg-SQL-to-CSV\project\PowerPeg-SQL-to-CSV\PowerPeg-SQL-to-CSV\Gateway\JSONGateway.cs] - Import C:\Users\elsto\Documents\GitHub\PowerPeg-SQL-to-CSV\project\PowerPeg-SQL-to-CSV\App-UI\bin\Release\net6.0-windows\scheduledTask.json Json data 
2022-08-30 16:05:24,993: INFO [C:\Users\elsto\Documents\GitHub\PowerPeg-SQL-to-CSV\project\PowerPeg-SQL-to-CSV\PowerPeg-SQL-to-CSV\Gateway\JSONGateway.cs] - Finished import 
2022-08-30 16:05:24,993: INFO [C:\Users\elsto\Documents\GitHub\PowerPeg-SQL-to-CSV\project\PowerPeg-SQL-to-CSV\PowerPeg-SQL-to-CSV\SearchTask.cs] - Runing search on test01_2022-08-30_11-20-48 
2022-08-30 16:05:24,994: INFO [C:\Users\elsto\Documents\GitHub\PowerPeg-SQL-to-CSV\project\PowerPeg-SQL-to-CSV\PowerPeg-SQL-to-CSV\Mode\MinuteTestMode.cs] - Trigger minute mode search: Minute Mode, 8/30/2022 11:20:48 AM, * 
2022-08-30 16:05:24,995: INFO [C:\Users\elsto\Documents\GitHub\PowerPeg-SQL-to-CSV\project\PowerPeg-SQL-to-CSV\PowerPeg-SQL-to-CSV\Mode\MinuteTestMode.cs] - Need to run search as last run time: 8/30/2022 3:02:14 PM time from last run: 3 minutes 
2022-08-30 16:05:25,295: INFO [C:\Users\elsto\Documents\GitHub\PowerPeg-SQL-to-CSV\project\PowerPeg-SQL-to-CSV\PowerPeg-SQL-to-CSV\Gateway\DatabaseGateway.cs] - Recieved Database data of: 3000STL10, 8/1/2022 12:00:00 AM, 8/23/2022 11:59:59 PM 
2022-08-30 16:05:25,324: INFO [C:\Users\elsto\Documents\GitHub\PowerPeg-SQL-to-CSV\project\PowerPeg-SQL-to-CSV\PowerPeg-SQL-to-CSV\Gateway\CSVGateway.cs] - Importing CSV mapping lookup: C:\Users\elsto\Documents\GitHub\PowerPeg-SQL-to-CSV\project\PowerPeg-SQL-to-CSV\App-UI\bin\Release\net6.0-windows\MappingTable.csv 
2022-08-30 16:05:25,343: INFO [C:\Users\elsto\Documents\GitHub\PowerPeg-SQL-to-CSV\project\PowerPeg-SQL-to-CSV\PowerPeg-SQL-to-CSV\Gateway\CSVGateway.cs] - Finished CSV mapping lookup import 
2022-08-30 16:05:25,369: INFO [C:\Users\elsto\Documents\GitHub\PowerPeg-SQL-to-CSV\project\PowerPeg-SQL-to-CSV\PowerPeg-SQL-to-CSV\Gateway\DatabaseGateway.cs] - Recieved Database data of: 3000STL11, 8/1/2022 12:00:00 AM, 8/23/2022 11:59:59 PM 
2022-08-30 16:05:25,391: INFO [C:\Users\elsto\Documents\GitHub\PowerPeg-SQL-to-CSV\project\PowerPeg-SQL-to-CSV\PowerPeg-SQL-to-CSV\Gateway\DatabaseGateway.cs] - Recieved Database data of: 3000STL12, 8/1/2022 12:00:00 AM, 8/23/2022 11:59:59 PM 
2022-08-30 16:05:25,409: INFO [C:\Users\elsto\Documents\GitHub\PowerPeg-SQL-to-CSV\project\PowerPeg-SQL-to-CSV\PowerPeg-SQL-to-CSV\Gateway\DatabaseGateway.cs] - Recieved Database data of: 3000STL14, 8/1/2022 12:00:00 AM, 8/23/2022 11:59:59 PM 
2022-08-30 16:05:25,431: INFO [C:\Users\elsto\Documents\GitHub\PowerPeg-SQL-to-CSV\project\PowerPeg-SQL-to-CSV\PowerPeg-SQL-to-CSV\Gateway\DatabaseGateway.cs] - Recieved Database data of: 3000STL15, 8/1/2022 12:00:00 AM, 8/23/2022 11:59:59 PM 
2022-08-30 16:05:25,454: INFO [C:\Users\elsto\Documents\GitHub\PowerPeg-SQL-to-CSV\project\PowerPeg-SQL-to-CSV\PowerPeg-SQL-to-CSV\Gateway\DatabaseGateway.cs] - Recieved Database data of: 3000STL16, 8/1/2022 12:00:00 AM, 8/23/2022 11:59:59 PM 
2022-08-30 16:05:25,477: INFO [C:\Users\elsto\Documents\GitHub\PowerPeg-SQL-to-CSV\project\PowerPeg-SQL-to-CSV\PowerPeg-SQL-to-CSV\Gateway\DatabaseGateway.cs] - Recieved Database data of: 3000STL17, 8/1/2022 12:00:00 AM, 8/23/2022 11:59:59 PM 
2022-08-30 16:05:25,502: INFO [C:\Users\elsto\Documents\GitHub\PowerPeg-SQL-to-CSV\project\PowerPeg-SQL-to-CSV\PowerPeg-SQL-to-CSV\Gateway\DatabaseGateway.cs] - Recieved Database data of: 3000STL18, 8/1/2022 12:00:00 AM, 8/23/2022 11:59:59 PM 
2022-08-30 16:05:25,526: INFO [C:\Users\elsto\Documents\GitHub\PowerPeg-SQL-to-CSV\project\PowerPeg-SQL-to-CSV\PowerPeg-SQL-to-CSV\Gateway\DatabaseGateway.cs] - Recieved Database data of: 3000STL19, 8/1/2022 12:00:00 AM, 8/23/2022 11:59:59 PM 
2022-08-30 16:05:25,551: INFO [C:\Users\elsto\Documents\GitHub\PowerPeg-SQL-to-CSV\project\PowerPeg-SQL-to-CSV\PowerPeg-SQL-to-CSV\Gateway\DatabaseGateway.cs] - Recieved Database data of: 3000STL20, 8/1/2022 12:00:00 AM, 8/23/2022 11:59:59 PM 
2022-08-30 16:05:25,575: INFO [C:\Users\elsto\Documents\GitHub\PowerPeg-SQL-to-CSV\project\PowerPeg-SQL-to-CSV\PowerPeg-SQL-to-CSV\Gateway\DatabaseGateway.cs] - Recieved Database data of: 3000STL21, 8/1/2022 12:00:00 AM, 8/23/2022 11:59:59 PM 
2022-08-30 16:05:25,605: INFO [C:\Users\elsto\Documents\GitHub\PowerPeg-SQL-to-CSV\project\PowerPeg-SQL-to-CSV\PowerPeg-SQL-to-CSV\Gateway\DatabaseGateway.cs] - Recieved Database data of: 3000STL22, 8/1/2022 12:00:00 AM, 8/23/2022 11:59:59 PM 
2022-08-30 16:05:25,636: INFO [C:\Users\elsto\Documents\GitHub\PowerPeg-SQL-to-CSV\project\PowerPeg-SQL-to-CSV\PowerPeg-SQL-to-CSV\Gateway\DatabaseGateway.cs] - Recieved Database data of: 3000STL23, 8/1/2022 12:00:00 AM, 8/23/2022 11:59:59 PM 
2022-08-30 16:05:25,669: INFO [C:\Users\elsto\Documents\GitHub\PowerPeg-SQL-to-CSV\project\PowerPeg-SQL-to-CSV\PowerPeg-SQL-to-CSV\Gateway\DatabaseGateway.cs] - Recieved Database data of: 3000STL24, 8/1/2022 12:00:00 AM, 8/23/2022 11:59:59 PM 
2022-08-30 16:05:25,697: INFO [C:\Users\elsto\Documents\GitHub\PowerPeg-SQL-to-CSV\project\PowerPeg-SQL-to-CSV\PowerPeg-SQL-to-CSV\Gateway\DatabaseGateway.cs] - Recieved Database data of: 3000STL25, 8/1/2022 12:00:00 AM, 8/23/2022 11:59:59 PM 
2022-08-30 16:05:25,722: INFO [C:\Users\elsto\Documents\GitHub\PowerPeg-SQL-to-CSV\project\PowerPeg-SQL-to-CSV\PowerPeg-SQL-to-CSV\Gateway\DatabaseGateway.cs] - Recieved Database data of: 3000STL34, 8/1/2022 12:00:00 AM, 8/23/2022 11:59:59 PM 
2022-08-30 16:05:25,834: INFO [C:\Users\elsto\Documents\GitHub\PowerPeg-SQL-to-CSV\project\PowerPeg-SQL-to-CSV\PowerPeg-SQL-to-CSV\Gateway\DatabaseGateway.cs] - Recieved Database data of: 3000STL35, 8/1/2022 12:00:00 AM, 8/23/2022 11:59:59 PM 
2022-08-30 16:05:25,856: INFO [C:\Users\elsto\Documents\GitHub\PowerPeg-SQL-to-CSV\project\PowerPeg-SQL-to-CSV\PowerPeg-SQL-to-CSV\Gateway\DatabaseGateway.cs] - Recieved Database data of: 3000STL36, 8/1/2022 12:00:00 AM, 8/23/2022 11:59:59 PM 
2022-08-30 16:05:25,874: INFO [C:\Users\elsto\Documents\GitHub\PowerPeg-SQL-to-CSV\project\PowerPeg-SQL-to-CSV\PowerPeg-SQL-to-CSV\Gateway\DatabaseGateway.cs] - Recieved Database data of: 3000STL37, 8/1/2022 12:00:00 AM, 8/23/2022 11:59:59 PM 
2022-08-30 16:05:25,895: INFO [C:\Users\elsto\Documents\GitHub\PowerPeg-SQL-to-CSV\project\PowerPeg-SQL-to-CSV\PowerPeg-SQL-to-CSV\Gateway\DatabaseGateway.cs] - Recieved Database data of: 3000STL38, 8/1/2022 12:00:00 AM, 8/23/2022 11:59:59 PM 
2022-08-30 16:05:25,917: INFO [C:\Users\elsto\Documents\GitHub\PowerPeg-SQL-to-CSV\project\PowerPeg-SQL-to-CSV\PowerPeg-SQL-to-CSV\Gateway\DatabaseGateway.cs] - Recieved Database data of: 3000STL39, 8/1/2022 12:00:00 AM, 8/23/2022 11:59:59 PM 
2022-08-30 16:05:25,948: INFO [C:\Users\elsto\Documents\GitHub\PowerPeg-SQL-to-CSV\project\PowerPeg-SQL-to-CSV\PowerPeg-SQL-to-CSV\Gateway\DatabaseGateway.cs] - Recieved Database data of: 3000STL40, 8/1/2022 12:00:00 AM, 8/23/2022 11:59:59 PM 
2022-08-30 16:05:25,987: INFO [C:\Users\elsto\Documents\GitHub\PowerPeg-SQL-to-CSV\project\PowerPeg-SQL-to-CSV\PowerPeg-SQL-to-CSV\Gateway\DatabaseGateway.cs] - Recieved Database data of: 3000STL41, 8/1/2022 12:00:00 AM, 8/23/2022 11:59:59 PM 
2022-08-30 16:05:26,018: INFO [C:\Users\elsto\Documents\GitHub\PowerPeg-SQL-to-CSV\project\PowerPeg-SQL-to-CSV\PowerPeg-SQL-to-CSV\Gateway\DatabaseGateway.cs] - Recieved Database data of: 3000STL42, 8/1/2022 12:00:00 AM, 8/23/2022 11:59:59 PM 
2022-08-30 16:05:26,050: INFO [C:\Users\elsto\Documents\GitHub\PowerPeg-SQL-to-CSV\project\PowerPeg-SQL-to-CSV\PowerPeg-SQL-to-CSV\Gateway\DatabaseGateway.cs] - Recieved Database data of: 3000STL43, 8/1/2022 12:00:00 AM, 8/23/2022 11:59:59 PM 
2022-08-30 16:05:26,072: INFO [C:\Users\elsto\Documents\GitHub\PowerPeg-SQL-to-CSV\project\PowerPeg-SQL-to-CSV\PowerPeg-SQL-to-CSV\Gateway\DatabaseGateway.cs] - Recieved Database data of: 3000STL44, 8/1/2022 12:00:00 AM, 8/23/2022 11:59:59 PM 
2022-08-30 16:05:26,097: INFO [C:\Users\elsto\Documents\GitHub\PowerPeg-SQL-to-CSV\project\PowerPeg-SQL-to-CSV\PowerPeg-SQL-to-CSV\Gateway\DatabaseGateway.cs] - Recieved Database data of: 3000STL45, 8/1/2022 12:00:00 AM, 8/23/2022 11:59:59 PM 
2022-08-30 16:05:26,118: INFO [C:\Users\elsto\Documents\GitHub\PowerPeg-SQL-to-CSV\project\PowerPeg-SQL-to-CSV\PowerPeg-SQL-to-CSV\Gateway\DatabaseGateway.cs] - Recieved Database data of: 3000STL46, 8/1/2022 12:00:00 AM, 8/23/2022 11:59:59 PM 
2022-08-30 16:05:26,140: INFO [C:\Users\elsto\Documents\GitHub\PowerPeg-SQL-to-CSV\project\PowerPeg-SQL-to-CSV\PowerPeg-SQL-to-CSV\Gateway\DatabaseGateway.cs] - Recieved Database data of: 3000STL47, 8/1/2022 12:00:00 AM, 8/23/2022 11:59:59 PM 
2022-08-30 16:05:26,165: INFO [C:\Users\elsto\Documents\GitHub\PowerPeg-SQL-to-CSV\project\PowerPeg-SQL-to-CSV\PowerPeg-SQL-to-CSV\Gateway\DatabaseGateway.cs] - Recieved Database data of: 3000STL48, 8/1/2022 12:00:00 AM, 8/23/2022 11:59:59 PM 
2022-08-30 16:05:26,196: INFO [C:\Users\elsto\Documents\GitHub\PowerPeg-SQL-to-CSV\project\PowerPeg-SQL-to-CSV\PowerPeg-SQL-to-CSV\Gateway\DatabaseGateway.cs] - Recieved Database data of: 3000STL297, 8/1/2022 12:00:00 AM, 8/23/2022 11:59:59 PM 
2022-08-30 16:05:26,238: INFO [C:\Users\elsto\Documents\GitHub\PowerPeg-SQL-to-CSV\project\PowerPeg-SQL-to-CSV\PowerPeg-SQL-to-CSV\Gateway\DatabaseGateway.cs] - Recieved Database data of: 3000STL298, 8/1/2022 12:00:00 AM, 8/23/2022 11:59:59 PM 
2022-08-30 16:05:26,291: INFO [C:\Users\elsto\Documents\GitHub\PowerPeg-SQL-to-CSV\project\PowerPeg-SQL-to-CSV\PowerPeg-SQL-to-CSV\Gateway\DatabaseGateway.cs] - Recieved Database data of: 3000STL299, 8/1/2022 12:00:00 AM, 8/23/2022 11:59:59 PM 
2022-08-30 16:05:26,331: INFO [C:\Users\elsto\Documents\GitHub\PowerPeg-SQL-to-CSV\project\PowerPeg-SQL-to-CSV\PowerPeg-SQL-to-CSV\Gateway\DatabaseGateway.cs] - Recieved Database data of: 3000STL300, 8/1/2022 12:00:00 AM, 8/23/2022 11:59:59 PM 
2022-08-30 16:05:26,380: INFO [C:\Users\elsto\Documents\GitHub\PowerPeg-SQL-to-CSV\project\PowerPeg-SQL-to-CSV\PowerPeg-SQL-to-CSV\Gateway\DatabaseGateway.cs] - Recieved Database data of: 3000STL49, 8/1/2022 12:00:00 AM, 8/23/2022 11:59:59 PM 
2022-08-30 16:05:26,432: INFO [C:\Users\elsto\Documents\GitHub\PowerPeg-SQL-to-CSV\project\PowerPeg-SQL-to-CSV\PowerPeg-SQL-to-CSV\Gateway\DatabaseGateway.cs] - Recieved Database data of: 3000STL50, 8/1/2022 12:00:00 AM, 8/23/2022 11:59:59 PM 
2022-08-30 16:05:26,480: INFO [C:\Users\elsto\Documents\GitHub\PowerPeg-SQL-to-CSV\project\PowerPeg-SQL-to-CSV\PowerPeg-SQL-to-CSV\Gateway\DatabaseGateway.cs] - Recieved Database data of: 3000STL51, 8/1/2022 12:00:00 AM, 8/23/2022 11:59:59 PM 
2022-08-30 16:05:26,525: INFO [C:\Users\elsto\Documents\GitHub\PowerPeg-SQL-to-CSV\project\PowerPeg-SQL-to-CSV\PowerPeg-SQL-to-CSV\Gateway\DatabaseGateway.cs] - Recieved Database data of: 3000STL52, 8/1/2022 12:00:00 AM, 8/23/2022 11:59:59 PM 
2022-08-30 16:05:26,569: INFO [C:\Users\elsto\Documents\GitHub\PowerPeg-SQL-to-CSV\project\PowerPeg-SQL-to-CSV\PowerPeg-SQL-to-CSV\Gateway\DatabaseGateway.cs] - Recieved Database data of: 3000STL58, 8/1/2022 12:00:00 AM, 8/23/2022 11:59:59 PM 
2022-08-30 16:05:26,615: INFO [C:\Users\elsto\Documents\GitHub\PowerPeg-SQL-to-CSV\project\PowerPeg-SQL-to-CSV\PowerPeg-SQL-to-CSV\Gateway\DatabaseGateway.cs] - Recieved Database data of: 3000STL59, 8/1/2022 12:00:00 AM, 8/23/2022 11:59:59 PM 
2022-08-30 16:05:26,670: INFO [C:\Users\elsto\Documents\GitHub\PowerPeg-SQL-to-CSV\project\PowerPeg-SQL-to-CSV\PowerPeg-SQL-to-CSV\Gateway\DatabaseGateway.cs] - Recieved Database data of: 3000STL60, 8/1/2022 12:00:00 AM, 8/23/2022 11:59:59 PM 
2022-08-30 16:05:26,720: INFO [C:\Users\elsto\Documents\GitHub\PowerPeg-SQL-to-CSV\project\PowerPeg-SQL-to-CSV\PowerPeg-SQL-to-CSV\Gateway\DatabaseGateway.cs] - Recieved Database data of: 3000STL61, 8/1/2022 12:00:00 AM, 8/23/2022 11:59:59 PM 
2022-08-30 16:05:26,769: INFO [C:\Users\elsto\Documents\GitHub\PowerPeg-SQL-to-CSV\project\PowerPeg-SQL-to-CSV\PowerPeg-SQL-to-CSV\Gateway\DatabaseGateway.cs] - Recieved Database data of: 3000STL67, 8/1/2022 12:00:00 AM, 8/23/2022 11:59:59 PM 
2022-08-30 16:05:26,835: INFO [C:\Users\elsto\Documents\GitHub\PowerPeg-SQL-to-CSV\project\PowerPeg-SQL-to-CSV\PowerPeg-SQL-to-CSV\Gateway\DatabaseGateway.cs] - Recieved Database data of: 3000STL68, 8/1/2022 12:00:00 AM, 8/23/2022 11:59:59 PM 
2022-08-30 16:05:26,926: INFO [C:\Users\elsto\Documents\GitHub\PowerPeg-SQL-to-CSV\project\PowerPeg-SQL-to-CSV\PowerPeg-SQL-to-CSV\Gateway\DatabaseGateway.cs] - Recieved Database data of: 3000STL69, 8/1/2022 12:00:00 AM, 8/23/2022 11:59:59 PM 
2022-08-30 16:05:26,974: INFO [C:\Users\elsto\Documents\GitHub\PowerPeg-SQL-to-CSV\project\PowerPeg-SQL-to-CSV\PowerPeg-SQL-to-CSV\Gateway\DatabaseGateway.cs] - Recieved Database data of: 3000STL70, 8/1/2022 12:00:00 AM, 8/23/2022 11:59:59 PM 
2022-08-30 16:05:27,028: INFO [C:\Users\elsto\Documents\GitHub\PowerPeg-SQL-to-CSV\project\PowerPeg-SQL-to-CSV\PowerPeg-SQL-to-CSV\Gateway\DatabaseGateway.cs] - Recieved Database data of: 3000STL76, 8/1/2022 12:00:00 AM, 8/23/2022 11:59:59 PM 
2022-08-30 16:05:27,080: INFO [C:\Users\elsto\Documents\GitHub\PowerPeg-SQL-to-CSV\project\PowerPeg-SQL-to-CSV\PowerPeg-SQL-to-CSV\Gateway\DatabaseGateway.cs] - Recieved Database data of: 3000STL77, 8/1/2022 12:00:00 AM, 8/23/2022 11:59:59 PM 
2022-08-30 16:05:27,127: INFO [C:\Users\elsto\Documents\GitHub\PowerPeg-SQL-to-CSV\project\PowerPeg-SQL-to-CSV\PowerPeg-SQL-to-CSV\Gateway\DatabaseGateway.cs] - Recieved Database data of: 3000STL78, 8/1/2022 12:00:00 AM, 8/23/2022 11:59:59 PM 
2022-08-30 16:05:27,142: INFO [C:\Users\elsto\Documents\GitHub\PowerPeg-SQL-to-CSV\project\PowerPeg-SQL-to-CSV\App-UI\GlobalFunction.cs] - Closing background task. 
2022-08-30 16:05:27,170: INFO [Quartz.Core.QuartzScheduler] - Scheduler DefaultQuartzScheduler_$_NON_CLUSTERED shutting down. 
2022-08-30 16:05:27,172: INFO [Quartz.Core.QuartzScheduler] - Scheduler DefaultQuartzScheduler_$_NON_CLUSTERED paused. 
2022-08-30 16:05:27,182: INFO [C:\Users\elsto\Documents\GitHub\PowerPeg-SQL-to-CSV\project\PowerPeg-SQL-to-CSV\PowerPeg-SQL-to-CSV\Gateway\DatabaseGateway.cs] - Recieved Database data of: 3000STL79, 8/1/2022 12:00:00 AM, 8/23/2022 11:59:59 PM 
2022-08-30 16:05:30,203: INFO [C:\Users\elsto\Documents\GitHub\PowerPeg-SQL-to-CSV\project\PowerPeg-SQL-to-CSV\App-UI\GlobalFunction.cs] - Appication closing. 
2022-08-30 16:06:05,690: INFO [C:\Users\elsto\Documents\GitHub\PowerPeg-SQL-to-CSV\project\PowerPeg-SQL-to-CSV\App-UI\GlobalFunction.cs] - Putting HomeForm to System Tray. 
