2022-09-08 12:21:32,277: INFO [C:\Users\elsto\Documents\GitHub\PowerPeg-SQL-to-CSV\project\PowerPeg-SQL-to-CSV\App-UI\Program.cs] - UI Application starting. 
2022-09-08 12:21:32,326: INFO [C:\Users\elsto\Documents\GitHub\PowerPeg-SQL-to-CSV\project\PowerPeg-SQL-to-CSV\App-UI\Program.cs] - UI Application started. 
2022-09-08 12:21:33,055: INFO [C:\Users\elsto\Documents\GitHub\PowerPeg-SQL-to-CSV\project\PowerPeg-SQL-to-CSV\App-UI\GlobalFunction.cs] - Initializing UI Application. 
2022-09-08 12:21:33,058: INFO [C:\Users\elsto\Documents\GitHub\PowerPeg-SQL-to-CSV\project\PowerPeg-SQL-to-CSV\App-UI\GlobalFunction.cs] - Loading HomeForm. 
2022-09-08 12:21:33,061: INFO [C:\Users\elsto\Documents\GitHub\PowerPeg-SQL-to-CSV\project\PowerPeg-SQL-to-CSV\App-UI\GlobalFunction.cs] - Starting background task. 
2022-09-08 12:21:33,092: DEBUG [C:\Users\elsto\Documents\GitHub\PowerPeg-SQL-to-CSV\project\PowerPeg-SQL-to-CSV\PowerPeg-SQL-to-CSV\Gateway\JSONGateway.cs] - JSON app data filepath C:\Users\elsto\Documents\GitHub\PowerPeg-SQL-to-CSV\project\PowerPeg-SQL-to-CSV\App-UI\bin\Release\net6.0-windows\scheduledTask.json, C:\Users\elsto\Documents\GitHub\PowerPeg-SQL-to-CSV\project\PowerPeg-SQL-to-CSV\App-UI\bin\Release\net6.0-windows\selectTable.json 
2022-09-08 12:21:33,096: INFO [C:\Users\elsto\Documents\GitHub\PowerPeg-SQL-to-CSV\project\PowerPeg-SQL-to-CSV\PowerPeg-SQL-to-CSV\Gateway\JSONGateway.cs] - Import tasklist data 
2022-09-08 12:21:33,140: INFO [C:\Users\elsto\Documents\GitHub\PowerPeg-SQL-to-CSV\project\PowerPeg-SQL-to-CSV\PowerPeg-SQL-to-CSV\Gateway\JSONGateway.cs] - Import C:\Users\elsto\Documents\GitHub\PowerPeg-SQL-to-CSV\project\PowerPeg-SQL-to-CSV\App-UI\bin\Release\net6.0-windows\scheduledTask.json Json data 
2022-09-08 12:21:33,465: INFO [C:\Users\elsto\Documents\GitHub\PowerPeg-SQL-to-CSV\project\PowerPeg-SQL-to-CSV\PowerPeg-SQL-to-CSV\Gateway\JSONGateway.cs] - Finished import tasklist 
2022-09-08 12:21:33,468: INFO [C:\Users\elsto\Documents\GitHub\PowerPeg-SQL-to-CSV\project\PowerPeg-SQL-to-CSV\PowerPeg-SQL-to-CSV\Gateway\DatabaseGateway.cs] - Setup the Database gateway: Data Source=192.168.0.212\ION;Database=SYP_8F_AC_Plant_RM;User ID=EMSD;Password=Emsd$1234;Connect Timeout=30;Encrypt=False;TrustServerCertificate=False;ApplicationIntent=ReadWrite;MultiSubnetFailover=False 
2022-09-08 12:21:33,474: INFO [C:\Users\elsto\Documents\GitHub\PowerPeg-SQL-to-CSV\project\PowerPeg-SQL-to-CSV\PowerPeg-SQL-to-CSV\Gateway\JSONGateway.cs] - Import included table data 
2022-09-08 12:21:33,477: INFO [C:\Users\elsto\Documents\GitHub\PowerPeg-SQL-to-CSV\project\PowerPeg-SQL-to-CSV\PowerPeg-SQL-to-CSV\Gateway\JSONGateway.cs] - Import C:\Users\elsto\Documents\GitHub\PowerPeg-SQL-to-CSV\project\PowerPeg-SQL-to-CSV\App-UI\bin\Release\net6.0-windows\selectTable.json Json data 
2022-09-08 12:21:33,522: INFO [C:\Users\elsto\Documents\GitHub\PowerPeg-SQL-to-CSV\project\PowerPeg-SQL-to-CSV\PowerPeg-SQL-to-CSV\Gateway\JSONGateway.cs] - Finished import included table 
2022-09-08 12:21:33,525: INFO [C:\Users\elsto\Documents\GitHub\PowerPeg-SQL-to-CSV\project\PowerPeg-SQL-to-CSV\PowerPeg-SQL-to-CSV\Gateway\DatabaseGateway.cs] - Setup the selected Database Table, number of tables: 102 
2022-09-08 12:21:33,530: DEBUG [C:\Users\elsto\Documents\GitHub\PowerPeg-SQL-to-CSV\project\PowerPeg-SQL-to-CSV\PowerPeg-SQL-to-CSV\MainFunction.cs] - Run startBackgroundJob 
2022-09-08 12:21:33,657: INFO [Quartz.Impl.StdSchedulerFactory] - Default Quartz.NET properties loaded from embedded resource file 
2022-09-08 12:21:33,757: DEBUG [Quartz.Simpl.TaskSchedulingThreadPool] - TaskSchedulingThreadPool configured with max concurrency of 10 and TaskScheduler ThreadPoolTaskScheduler. 
2022-09-08 12:21:33,792: INFO [Quartz.Core.SchedulerSignalerImpl] - Initialized Scheduler Signaller of type: Quartz.Core.SchedulerSignalerImpl 
2022-09-08 12:21:33,795: INFO [Quartz.Core.QuartzScheduler] - Quartz Scheduler created 
2022-09-08 12:21:33,798: INFO [Quartz.Simpl.RAMJobStore] - RAMJobStore initialized. 
2022-09-08 12:21:33,806: INFO [Quartz.Core.QuartzScheduler] - Scheduler meta-data: Quartz Scheduler (v3.4.0.0) 'DefaultQuartzScheduler' with instanceId 'NON_CLUSTERED'
  Scheduler class: 'Quartz.Core.QuartzScheduler' - running locally.
  NOT STARTED.
  Currently in standby mode.
  Number of jobs executed: 0
  Using thread pool 'Quartz.Simpl.DefaultThreadPool' - with 10 threads.
  Using job-store 'Quartz.Simpl.RAMJobStore' - which does not support persistence. and is not clustered.
 
2022-09-08 12:21:33,808: INFO [Quartz.Impl.StdSchedulerFactory] - Quartz scheduler 'DefaultQuartzScheduler' initialized 
2022-09-08 12:21:33,810: INFO [Quartz.Impl.StdSchedulerFactory] - Quartz scheduler version: 3.4.0.0 
2022-09-08 12:21:33,832: INFO [Quartz.Core.QuartzScheduler] - Scheduler DefaultQuartzScheduler_$_NON_CLUSTERED started. 
2022-09-08 12:21:33,834: INFO [C:\Users\elsto\Documents\GitHub\PowerPeg-SQL-to-CSV\project\PowerPeg-SQL-to-CSV\PowerPeg-SQL-to-CSV\ProcessTask\BackgroundScheduler.cs] - Background Scheduler is running 
2022-09-08 12:21:33,871: DEBUG [Quartz.Core.QuartzSchedulerThread] - Batch acquisition of 0 triggers 
2022-09-08 12:21:33,897: DEBUG [Quartz.Core.QuartzSchedulerThread] - Batch acquisition of 1 triggers 
2022-09-08 12:21:33,934: DEBUG [Quartz.Simpl.SimpleJobFactory] - Producing instance of Job 'DEFAULT.6336cbbf-633f-42b4-9f70-350a00cc9a76', class=PowerPeg_SQL_to_CSV.ProcessTask.BackgroundProcessingJob 
2022-09-08 12:21:33,944: DEBUG [Quartz.Core.QuartzSchedulerThread] - Batch acquisition of 0 triggers 
2022-09-08 12:21:34,007: DEBUG [Quartz.Core.JobRunShell] - Calling Execute on job DEFAULT.6336cbbf-633f-42b4-9f70-350a00cc9a76 
2022-09-08 12:21:34,035: INFO [C:\Users\elsto\Documents\GitHub\PowerPeg-SQL-to-CSV\project\PowerPeg-SQL-to-CSV\PowerPeg-SQL-to-CSV\ProcessTask\BackgroundProcessingJob.cs] - Backround job is created and running: DEFAULT.6336cbbf-633f-42b4-9f70-350a00cc9a76, UTCFiretime: 9/8/2022 4:21:33 AM +00:00 
2022-09-08 12:21:34,044: INFO [C:\Users\elsto\Documents\GitHub\PowerPeg-SQL-to-CSV\project\PowerPeg-SQL-to-CSV\PowerPeg-SQL-to-CSV\Gateway\JSONGateway.cs] - Import tasklist data 
2022-09-08 12:21:34,048: INFO [C:\Users\elsto\Documents\GitHub\PowerPeg-SQL-to-CSV\project\PowerPeg-SQL-to-CSV\PowerPeg-SQL-to-CSV\Gateway\JSONGateway.cs] - Import C:\Users\elsto\Documents\GitHub\PowerPeg-SQL-to-CSV\project\PowerPeg-SQL-to-CSV\App-UI\bin\Release\net6.0-windows\scheduledTask.json Json data 
2022-09-08 12:21:34,057: INFO [C:\Users\elsto\Documents\GitHub\PowerPeg-SQL-to-CSV\project\PowerPeg-SQL-to-CSV\PowerPeg-SQL-to-CSV\Gateway\JSONGateway.cs] - Finished import tasklist 
2022-09-08 12:21:34,062: INFO [C:\Users\elsto\Documents\GitHub\PowerPeg-SQL-to-CSV\project\PowerPeg-SQL-to-CSV\PowerPeg-SQL-to-CSV\ProcessTask\BackgroundProcessingJob.cs] - Finished background job, save the search task state 
2022-09-08 12:21:34,066: INFO [C:\Users\elsto\Documents\GitHub\PowerPeg-SQL-to-CSV\project\PowerPeg-SQL-to-CSV\PowerPeg-SQL-to-CSV\Gateway\JSONGateway.cs] - Update JSON tasklist data 
2022-09-08 12:21:34,072: DEBUG [C:\Users\elsto\Documents\GitHub\PowerPeg-SQL-to-CSV\project\PowerPeg-SQL-to-CSV\PowerPeg-SQL-to-CSV\Gateway\JSONGateway.cs] - Update C:\Users\elsto\Documents\GitHub\PowerPeg-SQL-to-CSV\project\PowerPeg-SQL-to-CSV\App-UI\bin\Release\net6.0-windows\scheduledTask.json JSON data 
2022-09-08 12:21:34,147: DEBUG [Quartz.Core.JobRunShell] - Trigger instruction : NoInstruction 
2022-09-08 12:21:34,164: DEBUG [Quartz.Core.QuartzSchedulerThread] - Batch acquisition of 1 triggers 
2022-09-08 12:21:38,400: INFO [C:\Users\elsto\Documents\GitHub\PowerPeg-SQL-to-CSV\project\PowerPeg-SQL-to-CSV\App-UI\GlobalFunction.cs] - Putting HomeForm to System Tray. 
2022-09-08 12:21:43,484: INFO [C:\Users\elsto\Documents\GitHub\PowerPeg-SQL-to-CSV\project\PowerPeg-SQL-to-CSV\App-UI\GlobalFunction.cs] - Opening HomeForm from System Tray. 
2022-09-08 12:21:43,846: DEBUG [Quartz.Simpl.SimpleJobFactory] - Producing instance of Job 'DEFAULT.6336cbbf-633f-42b4-9f70-350a00cc9a76', class=PowerPeg_SQL_to_CSV.ProcessTask.BackgroundProcessingJob 
2022-09-08 12:21:43,847: DEBUG [Quartz.Core.QuartzSchedulerThread] - Batch acquisition of 0 triggers 
2022-09-08 12:21:43,847: DEBUG [Quartz.Core.JobRunShell] - Calling Execute on job DEFAULT.6336cbbf-633f-42b4-9f70-350a00cc9a76 
2022-09-08 12:21:43,851: INFO [C:\Users\elsto\Documents\GitHub\PowerPeg-SQL-to-CSV\project\PowerPeg-SQL-to-CSV\PowerPeg-SQL-to-CSV\ProcessTask\BackgroundProcessingJob.cs] - Backround job is created and running: DEFAULT.6336cbbf-633f-42b4-9f70-350a00cc9a76, UTCFiretime: 9/8/2022 4:21:43 AM +00:00 
2022-09-08 12:21:43,853: INFO [C:\Users\elsto\Documents\GitHub\PowerPeg-SQL-to-CSV\project\PowerPeg-SQL-to-CSV\PowerPeg-SQL-to-CSV\Gateway\JSONGateway.cs] - Import tasklist data 
2022-09-08 12:21:43,855: INFO [C:\Users\elsto\Documents\GitHub\PowerPeg-SQL-to-CSV\project\PowerPeg-SQL-to-CSV\PowerPeg-SQL-to-CSV\Gateway\JSONGateway.cs] - Import C:\Users\elsto\Documents\GitHub\PowerPeg-SQL-to-CSV\project\PowerPeg-SQL-to-CSV\App-UI\bin\Release\net6.0-windows\scheduledTask.json Json data 
2022-09-08 12:21:43,859: INFO [C:\Users\elsto\Documents\GitHub\PowerPeg-SQL-to-CSV\project\PowerPeg-SQL-to-CSV\PowerPeg-SQL-to-CSV\Gateway\JSONGateway.cs] - Finished import tasklist 
2022-09-08 12:21:43,861: INFO [C:\Users\elsto\Documents\GitHub\PowerPeg-SQL-to-CSV\project\PowerPeg-SQL-to-CSV\PowerPeg-SQL-to-CSV\ProcessTask\BackgroundProcessingJob.cs] - Finished background job, save the search task state 
2022-09-08 12:21:43,863: INFO [C:\Users\elsto\Documents\GitHub\PowerPeg-SQL-to-CSV\project\PowerPeg-SQL-to-CSV\PowerPeg-SQL-to-CSV\Gateway\JSONGateway.cs] - Update JSON tasklist data 
2022-09-08 12:21:43,865: DEBUG [C:\Users\elsto\Documents\GitHub\PowerPeg-SQL-to-CSV\project\PowerPeg-SQL-to-CSV\PowerPeg-SQL-to-CSV\Gateway\JSONGateway.cs] - Update C:\Users\elsto\Documents\GitHub\PowerPeg-SQL-to-CSV\project\PowerPeg-SQL-to-CSV\App-UI\bin\Release\net6.0-windows\scheduledTask.json JSON data 
2022-09-08 12:21:43,869: DEBUG [Quartz.Core.JobRunShell] - Trigger instruction : NoInstruction 
2022-09-08 12:21:43,871: DEBUG [Quartz.Core.QuartzSchedulerThread] - Batch acquisition of 1 triggers 
2022-09-08 12:21:44,773: INFO [C:\Users\elsto\Documents\GitHub\PowerPeg-SQL-to-CSV\project\PowerPeg-SQL-to-CSV\App-UI\GlobalFunction.cs] - Closing background task. 
2022-09-08 12:21:44,777: DEBUG [C:\Users\elsto\Documents\GitHub\PowerPeg-SQL-to-CSV\project\PowerPeg-SQL-to-CSV\PowerPeg-SQL-to-CSV\MainFunction.cs] - Run stopBackgroundJob 
2022-09-08 12:21:44,778: DEBUG [C:\Users\elsto\Documents\GitHub\PowerPeg-SQL-to-CSV\project\PowerPeg-SQL-to-CSV\PowerPeg-SQL-to-CSV\MainFunction.cs] - Have background task, stopping background task 
2022-09-08 12:21:44,782: INFO [C:\Users\elsto\Documents\GitHub\PowerPeg-SQL-to-CSV\project\PowerPeg-SQL-to-CSV\PowerPeg-SQL-to-CSV\ProcessTask\BackgroundScheduler.cs] - Scheduler Stopped 
2022-09-08 12:21:44,787: INFO [Quartz.Core.QuartzScheduler] - Scheduler DefaultQuartzScheduler_$_NON_CLUSTERED shutting down. 
2022-09-08 12:21:44,790: INFO [Quartz.Core.QuartzScheduler] - Scheduler DefaultQuartzScheduler_$_NON_CLUSTERED paused. 
2022-09-08 12:21:44,797: DEBUG [Quartz.Simpl.TaskSchedulingThreadPool] - Shutting down threadpool... 
2022-09-08 12:21:44,798: DEBUG [Quartz.Simpl.TaskSchedulingThreadPool] - Waiting for 0 threads to complete. 
2022-09-08 12:21:44,800: DEBUG [Quartz.Simpl.TaskSchedulingThreadPool] - No executing jobs remaining, all threads stopped. 
2022-09-08 12:21:44,802: DEBUG [Quartz.Simpl.TaskSchedulingThreadPool] - Shutdown of threadpool complete. 
2022-09-08 12:21:44,806: INFO [Quartz.Core.QuartzScheduler] - Scheduler DefaultQuartzScheduler_$_NON_CLUSTERED Shutdown complete. 
2022-09-08 12:21:47,814: INFO [C:\Users\elsto\Documents\GitHub\PowerPeg-SQL-to-CSV\project\PowerPeg-SQL-to-CSV\App-UI\GlobalFunction.cs] - Appication closing. 
2022-09-08 12:21:47,854: INFO [C:\Users\elsto\Documents\GitHub\PowerPeg-SQL-to-CSV\project\PowerPeg-SQL-to-CSV\App-UI\Program.cs] - UI Application shut down. 
2022-09-08 12:31:47,476: INFO [C:\Users\elsto\Documents\GitHub\PowerPeg-SQL-to-CSV\project\PowerPeg-SQL-to-CSV\App-UI\Program.cs] - UI Application starting. 
2022-09-08 12:31:47,520: INFO [C:\Users\elsto\Documents\GitHub\PowerPeg-SQL-to-CSV\project\PowerPeg-SQL-to-CSV\App-UI\Program.cs] - UI Application started. 
2022-09-08 12:31:48,239: INFO [C:\Users\elsto\Documents\GitHub\PowerPeg-SQL-to-CSV\project\PowerPeg-SQL-to-CSV\App-UI\GlobalFunction.cs] - Initializing UI Application. 
2022-09-08 12:31:48,241: INFO [C:\Users\elsto\Documents\GitHub\PowerPeg-SQL-to-CSV\project\PowerPeg-SQL-to-CSV\App-UI\GlobalFunction.cs] - Loading HomeForm. 
2022-09-08 12:31:48,244: INFO [C:\Users\elsto\Documents\GitHub\PowerPeg-SQL-to-CSV\project\PowerPeg-SQL-to-CSV\App-UI\GlobalFunction.cs] - Starting background task. 
2022-09-08 12:31:48,259: DEBUG [C:\Users\elsto\Documents\GitHub\PowerPeg-SQL-to-CSV\project\PowerPeg-SQL-to-CSV\PowerPeg-SQL-to-CSV\Gateway\JSONGateway.cs] - JSON app data filepath C:\Users\elsto\Documents\GitHub\PowerPeg-SQL-to-CSV\project\PowerPeg-SQL-to-CSV\App-UI\bin\Release\net6.0-windows\scheduledTask.json, C:\Users\elsto\Documents\GitHub\PowerPeg-SQL-to-CSV\project\PowerPeg-SQL-to-CSV\App-UI\bin\Release\net6.0-windows\selectTable.json 
2022-09-08 12:31:48,262: INFO [C:\Users\elsto\Documents\GitHub\PowerPeg-SQL-to-CSV\project\PowerPeg-SQL-to-CSV\PowerPeg-SQL-to-CSV\Gateway\JSONGateway.cs] - Import tasklist data 
2022-09-08 12:31:48,287: INFO [C:\Users\elsto\Documents\GitHub\PowerPeg-SQL-to-CSV\project\PowerPeg-SQL-to-CSV\PowerPeg-SQL-to-CSV\Gateway\JSONGateway.cs] - Import C:\Users\elsto\Documents\GitHub\PowerPeg-SQL-to-CSV\project\PowerPeg-SQL-to-CSV\App-UI\bin\Release\net6.0-windows\scheduledTask.json Json data 
2022-09-08 12:31:48,560: INFO [C:\Users\elsto\Documents\GitHub\PowerPeg-SQL-to-CSV\project\PowerPeg-SQL-to-CSV\PowerPeg-SQL-to-CSV\Gateway\JSONGateway.cs] - Finished import tasklist 
2022-09-08 12:31:48,563: INFO [C:\Users\elsto\Documents\GitHub\PowerPeg-SQL-to-CSV\project\PowerPeg-SQL-to-CSV\PowerPeg-SQL-to-CSV\Gateway\DatabaseGateway.cs] - Setup the Database gateway: Data Source=192.168.0.212\ION;Database=SYP_8F_AC_Plant_RM;User ID=EMSD;Password=Emsd$1234;Connect Timeout=30;Encrypt=False;TrustServerCertificate=False;ApplicationIntent=ReadWrite;MultiSubnetFailover=False 
2022-09-08 12:31:48,567: INFO [C:\Users\elsto\Documents\GitHub\PowerPeg-SQL-to-CSV\project\PowerPeg-SQL-to-CSV\PowerPeg-SQL-to-CSV\Gateway\JSONGateway.cs] - Import included table data 
2022-09-08 12:31:48,569: INFO [C:\Users\elsto\Documents\GitHub\PowerPeg-SQL-to-CSV\project\PowerPeg-SQL-to-CSV\PowerPeg-SQL-to-CSV\Gateway\JSONGateway.cs] - Import C:\Users\elsto\Documents\GitHub\PowerPeg-SQL-to-CSV\project\PowerPeg-SQL-to-CSV\App-UI\bin\Release\net6.0-windows\selectTable.json Json data 
2022-09-08 12:31:48,584: INFO [C:\Users\elsto\Documents\GitHub\PowerPeg-SQL-to-CSV\project\PowerPeg-SQL-to-CSV\PowerPeg-SQL-to-CSV\Gateway\JSONGateway.cs] - Finished import included table 
2022-09-08 12:31:48,587: INFO [C:\Users\elsto\Documents\GitHub\PowerPeg-SQL-to-CSV\project\PowerPeg-SQL-to-CSV\PowerPeg-SQL-to-CSV\Gateway\DatabaseGateway.cs] - Setup the selected Database Table, number of tables: 102 
2022-09-08 12:31:48,589: DEBUG [C:\Users\elsto\Documents\GitHub\PowerPeg-SQL-to-CSV\project\PowerPeg-SQL-to-CSV\PowerPeg-SQL-to-CSV\MainFunction.cs] - Run startBackgroundJob 
2022-09-08 12:31:48,687: INFO [Quartz.Impl.StdSchedulerFactory] - Default Quartz.NET properties loaded from embedded resource file 
2022-09-08 12:31:48,771: DEBUG [Quartz.Simpl.TaskSchedulingThreadPool] - TaskSchedulingThreadPool configured with max concurrency of 10 and TaskScheduler ThreadPoolTaskScheduler. 
2022-09-08 12:31:48,812: INFO [Quartz.Core.SchedulerSignalerImpl] - Initialized Scheduler Signaller of type: Quartz.Core.SchedulerSignalerImpl 
2022-09-08 12:31:48,816: INFO [Quartz.Core.QuartzScheduler] - Quartz Scheduler created 
2022-09-08 12:31:48,819: INFO [Quartz.Simpl.RAMJobStore] - RAMJobStore initialized. 
2022-09-08 12:31:48,828: INFO [Quartz.Core.QuartzScheduler] - Scheduler meta-data: Quartz Scheduler (v3.4.0.0) 'DefaultQuartzScheduler' with instanceId 'NON_CLUSTERED'
  Scheduler class: 'Quartz.Core.QuartzScheduler' - running locally.
  NOT STARTED.
  Currently in standby mode.
  Number of jobs executed: 0
  Using thread pool 'Quartz.Simpl.DefaultThreadPool' - with 10 threads.
  Using job-store 'Quartz.Simpl.RAMJobStore' - which does not support persistence. and is not clustered.
 
2022-09-08 12:31:48,831: INFO [Quartz.Impl.StdSchedulerFactory] - Quartz scheduler 'DefaultQuartzScheduler' initialized 
2022-09-08 12:31:48,833: INFO [Quartz.Impl.StdSchedulerFactory] - Quartz scheduler version: 3.4.0.0 
2022-09-08 12:31:48,852: INFO [Quartz.Core.QuartzScheduler] - Scheduler DefaultQuartzScheduler_$_NON_CLUSTERED started. 
2022-09-08 12:31:48,855: INFO [C:\Users\elsto\Documents\GitHub\PowerPeg-SQL-to-CSV\project\PowerPeg-SQL-to-CSV\PowerPeg-SQL-to-CSV\ProcessTask\BackgroundScheduler.cs] - Background Scheduler is running 
2022-09-08 12:31:48,890: DEBUG [Quartz.Core.QuartzSchedulerThread] - Batch acquisition of 0 triggers 
2022-09-08 12:31:48,916: DEBUG [Quartz.Core.QuartzSchedulerThread] - Batch acquisition of 1 triggers 
2022-09-08 12:31:48,952: DEBUG [Quartz.Simpl.SimpleJobFactory] - Producing instance of Job 'DEFAULT.0e62a171-11fc-44d3-90eb-dc57c04a791f', class=PowerPeg_SQL_to_CSV.ProcessTask.BackgroundProcessingJob 
2022-09-08 12:31:48,963: DEBUG [Quartz.Core.QuartzSchedulerThread] - Batch acquisition of 0 triggers 
2022-09-08 12:31:49,032: DEBUG [Quartz.Core.JobRunShell] - Calling Execute on job DEFAULT.0e62a171-11fc-44d3-90eb-dc57c04a791f 
2022-09-08 12:31:49,058: INFO [C:\Users\elsto\Documents\GitHub\PowerPeg-SQL-to-CSV\project\PowerPeg-SQL-to-CSV\PowerPeg-SQL-to-CSV\ProcessTask\BackgroundProcessingJob.cs] - Backround job is created and running: DEFAULT.0e62a171-11fc-44d3-90eb-dc57c04a791f, UTCFiretime: 9/8/2022 4:31:48 AM +00:00 
2022-09-08 12:31:49,065: INFO [C:\Users\elsto\Documents\GitHub\PowerPeg-SQL-to-CSV\project\PowerPeg-SQL-to-CSV\PowerPeg-SQL-to-CSV\Gateway\JSONGateway.cs] - Import tasklist data 
2022-09-08 12:31:49,068: INFO [C:\Users\elsto\Documents\GitHub\PowerPeg-SQL-to-CSV\project\PowerPeg-SQL-to-CSV\PowerPeg-SQL-to-CSV\Gateway\JSONGateway.cs] - Import C:\Users\elsto\Documents\GitHub\PowerPeg-SQL-to-CSV\project\PowerPeg-SQL-to-CSV\App-UI\bin\Release\net6.0-windows\scheduledTask.json Json data 
2022-09-08 12:31:49,080: INFO [C:\Users\elsto\Documents\GitHub\PowerPeg-SQL-to-CSV\project\PowerPeg-SQL-to-CSV\PowerPeg-SQL-to-CSV\Gateway\JSONGateway.cs] - Finished import tasklist 
2022-09-08 12:31:49,083: INFO [C:\Users\elsto\Documents\GitHub\PowerPeg-SQL-to-CSV\project\PowerPeg-SQL-to-CSV\PowerPeg-SQL-to-CSV\ProcessTask\BackgroundProcessingJob.cs] - Finished background job, save the search task state 
2022-09-08 12:31:49,087: INFO [C:\Users\elsto\Documents\GitHub\PowerPeg-SQL-to-CSV\project\PowerPeg-SQL-to-CSV\PowerPeg-SQL-to-CSV\Gateway\JSONGateway.cs] - Update JSON tasklist data 
2022-09-08 12:31:49,094: DEBUG [C:\Users\elsto\Documents\GitHub\PowerPeg-SQL-to-CSV\project\PowerPeg-SQL-to-CSV\PowerPeg-SQL-to-CSV\Gateway\JSONGateway.cs] - Update C:\Users\elsto\Documents\GitHub\PowerPeg-SQL-to-CSV\project\PowerPeg-SQL-to-CSV\App-UI\bin\Release\net6.0-windows\scheduledTask.json JSON data 
2022-09-08 12:31:49,151: DEBUG [Quartz.Core.JobRunShell] - Trigger instruction : NoInstruction 
2022-09-08 12:31:49,166: DEBUG [Quartz.Core.QuartzSchedulerThread] - Batch acquisition of 1 triggers 
2022-09-08 12:31:51,405: INFO [C:\Users\elsto\Documents\GitHub\PowerPeg-SQL-to-CSV\project\PowerPeg-SQL-to-CSV\App-UI\GlobalFunction.cs] - Stopping background task. 
2022-09-08 12:31:51,410: DEBUG [C:\Users\elsto\Documents\GitHub\PowerPeg-SQL-to-CSV\project\PowerPeg-SQL-to-CSV\PowerPeg-SQL-to-CSV\MainFunction.cs] - Run stopBackgroundJob 
2022-09-08 12:31:51,413: DEBUG [C:\Users\elsto\Documents\GitHub\PowerPeg-SQL-to-CSV\project\PowerPeg-SQL-to-CSV\PowerPeg-SQL-to-CSV\MainFunction.cs] - Have background task, stopping background task 
2022-09-08 12:31:51,421: INFO [C:\Users\elsto\Documents\GitHub\PowerPeg-SQL-to-CSV\project\PowerPeg-SQL-to-CSV\PowerPeg-SQL-to-CSV\ProcessTask\BackgroundScheduler.cs] - Scheduler Stopped 
2022-09-08 12:31:51,432: INFO [Quartz.Core.QuartzScheduler] - Scheduler DefaultQuartzScheduler_$_NON_CLUSTERED shutting down. 
2022-09-08 12:31:51,438: INFO [Quartz.Core.QuartzScheduler] - Scheduler DefaultQuartzScheduler_$_NON_CLUSTERED paused. 
2022-09-08 12:31:51,453: DEBUG [Quartz.Simpl.TaskSchedulingThreadPool] - Shutting down threadpool... 
2022-09-08 12:31:51,456: DEBUG [Quartz.Simpl.TaskSchedulingThreadPool] - Waiting for 0 threads to complete. 
2022-09-08 12:31:51,465: DEBUG [Quartz.Simpl.TaskSchedulingThreadPool] - No executing jobs remaining, all threads stopped. 
2022-09-08 12:31:51,472: DEBUG [Quartz.Simpl.TaskSchedulingThreadPool] - Shutdown of threadpool complete. 
2022-09-08 12:31:51,485: INFO [C:\Users\elsto\Documents\GitHub\PowerPeg-SQL-to-CSV\project\PowerPeg-SQL-to-CSV\App-UI\GlobalFunction.cs] - Starting background task. 
2022-09-08 12:31:51,499: INFO [Quartz.Core.QuartzScheduler] - Scheduler DefaultQuartzScheduler_$_NON_CLUSTERED Shutdown complete. 
2022-09-08 12:31:51,603: INFO [C:\Users\elsto\Documents\GitHub\PowerPeg-SQL-to-CSV\project\PowerPeg-SQL-to-CSV\App-UI\GlobalFunction.cs] - Loading ChangeScheduleGeneration. 
2022-09-08 12:31:51,771: INFO [C:\Users\elsto\Documents\GitHub\PowerPeg-SQL-to-CSV\project\PowerPeg-SQL-to-CSV\App-UI\GlobalFunction.cs] - Loading Database information. 
2022-09-08 12:31:52,067: INFO [C:\Users\elsto\Documents\GitHub\PowerPeg-SQL-to-CSV\project\PowerPeg-SQL-to-CSV\App-UI\GlobalFunction.cs] - Loading current scheduled tasklist. 
2022-09-08 12:31:59,188: INFO [C:\Users\elsto\Documents\GitHub\PowerPeg-SQL-to-CSV\project\PowerPeg-SQL-to-CSV\App-UI\GlobalFunction.cs] - Requesting to create new schedule task. 
2022-09-08 12:31:59,241: INFO [C:\Users\elsto\Documents\GitHub\PowerPeg-SQL-to-CSV\project\PowerPeg-SQL-to-CSV\App-UI\GlobalFunction.cs] - Loading CreateNewTask. 
2022-09-08 12:31:59,798: DEBUG [C:\Users\elsto\Documents\GitHub\PowerPeg-SQL-to-CSV\project\PowerPeg-SQL-to-CSV\PowerPeg-SQL-to-CSV\MainFunction.cs] - Mode list: IMode, InstantMode, MonthMode, TestMode 
2022-09-08 12:31:59,846: INFO [C:\Users\elsto\Documents\GitHub\PowerPeg-SQL-to-CSV\project\PowerPeg-SQL-to-CSV\App-UI\GlobalFunction.cs] - User creating form 
2022-09-08 12:36:48,515: INFO [C:\Users\elsto\Documents\GitHub\PowerPeg-SQL-to-CSV\project\PowerPeg-SQL-to-CSV\App-UI\Program.cs] - UI Application starting. 
2022-09-08 12:36:48,561: INFO [C:\Users\elsto\Documents\GitHub\PowerPeg-SQL-to-CSV\project\PowerPeg-SQL-to-CSV\App-UI\Program.cs] - UI Application started. 
2022-09-08 12:36:49,677: INFO [C:\Users\elsto\Documents\GitHub\PowerPeg-SQL-to-CSV\project\PowerPeg-SQL-to-CSV\App-UI\GlobalFunction.cs] - Initializing UI Application. 
2022-09-08 12:36:49,680: INFO [C:\Users\elsto\Documents\GitHub\PowerPeg-SQL-to-CSV\project\PowerPeg-SQL-to-CSV\App-UI\GlobalFunction.cs] - Loading HomeForm. 
2022-09-08 12:36:49,685: INFO [C:\Users\elsto\Documents\GitHub\PowerPeg-SQL-to-CSV\project\PowerPeg-SQL-to-CSV\App-UI\GlobalFunction.cs] - Starting background task. 
2022-09-08 12:36:49,717: DEBUG [C:\Users\elsto\Documents\GitHub\PowerPeg-SQL-to-CSV\project\PowerPeg-SQL-to-CSV\PowerPeg-SQL-to-CSV\Gateway\JSONGateway.cs] - JSON app data filepath C:\Users\elsto\Documents\GitHub\PowerPeg-SQL-to-CSV\project\PowerPeg-SQL-to-CSV\App-UI\bin\Release\net6.0-windows\scheduledTask.json, C:\Users\elsto\Documents\GitHub\PowerPeg-SQL-to-CSV\project\PowerPeg-SQL-to-CSV\App-UI\bin\Release\net6.0-windows\selectTable.json 
2022-09-08 12:36:49,720: INFO [C:\Users\elsto\Documents\GitHub\PowerPeg-SQL-to-CSV\project\PowerPeg-SQL-to-CSV\PowerPeg-SQL-to-CSV\Gateway\JSONGateway.cs] - Import tasklist data 
2022-09-08 12:36:49,748: INFO [C:\Users\elsto\Documents\GitHub\PowerPeg-SQL-to-CSV\project\PowerPeg-SQL-to-CSV\PowerPeg-SQL-to-CSV\Gateway\JSONGateway.cs] - Import C:\Users\elsto\Documents\GitHub\PowerPeg-SQL-to-CSV\project\PowerPeg-SQL-to-CSV\App-UI\bin\Release\net6.0-windows\scheduledTask.json Json data 
2022-09-08 12:36:50,107: INFO [C:\Users\elsto\Documents\GitHub\PowerPeg-SQL-to-CSV\project\PowerPeg-SQL-to-CSV\PowerPeg-SQL-to-CSV\Gateway\JSONGateway.cs] - Finished import tasklist 
2022-09-08 12:36:50,112: INFO [C:\Users\elsto\Documents\GitHub\PowerPeg-SQL-to-CSV\project\PowerPeg-SQL-to-CSV\PowerPeg-SQL-to-CSV\Gateway\DatabaseGateway.cs] - Setup the Database gateway: Data Source=192.168.0.212\ION;Database=SYP_8F_AC_Plant_RM;User ID=EMSD;Password=Emsd$1234;Connect Timeout=30;Encrypt=False;TrustServerCertificate=False;ApplicationIntent=ReadWrite;MultiSubnetFailover=False 
2022-09-08 12:36:50,117: INFO [C:\Users\elsto\Documents\GitHub\PowerPeg-SQL-to-CSV\project\PowerPeg-SQL-to-CSV\PowerPeg-SQL-to-CSV\Gateway\JSONGateway.cs] - Import included table data 
2022-09-08 12:36:50,120: INFO [C:\Users\elsto\Documents\GitHub\PowerPeg-SQL-to-CSV\project\PowerPeg-SQL-to-CSV\PowerPeg-SQL-to-CSV\Gateway\JSONGateway.cs] - Import C:\Users\elsto\Documents\GitHub\PowerPeg-SQL-to-CSV\project\PowerPeg-SQL-to-CSV\App-UI\bin\Release\net6.0-windows\selectTable.json Json data 
2022-09-08 12:36:50,139: INFO [C:\Users\elsto\Documents\GitHub\PowerPeg-SQL-to-CSV\project\PowerPeg-SQL-to-CSV\PowerPeg-SQL-to-CSV\Gateway\JSONGateway.cs] - Finished import included table 
2022-09-08 12:36:50,140: INFO [C:\Users\elsto\Documents\GitHub\PowerPeg-SQL-to-CSV\project\PowerPeg-SQL-to-CSV\PowerPeg-SQL-to-CSV\Gateway\DatabaseGateway.cs] - Setup the selected Database Table, number of tables: 102 
2022-09-08 12:36:50,142: DEBUG [C:\Users\elsto\Documents\GitHub\PowerPeg-SQL-to-CSV\project\PowerPeg-SQL-to-CSV\PowerPeg-SQL-to-CSV\MainFunction.cs] - Run startBackgroundJob 
2022-09-08 12:36:50,256: INFO [Quartz.Impl.StdSchedulerFactory] - Default Quartz.NET properties loaded from embedded resource file 
2022-09-08 12:36:50,357: DEBUG [Quartz.Simpl.TaskSchedulingThreadPool] - TaskSchedulingThreadPool configured with max concurrency of 10 and TaskScheduler ThreadPoolTaskScheduler. 
2022-09-08 12:36:50,418: INFO [Quartz.Core.SchedulerSignalerImpl] - Initialized Scheduler Signaller of type: Quartz.Core.SchedulerSignalerImpl 
2022-09-08 12:36:50,421: INFO [Quartz.Core.QuartzScheduler] - Quartz Scheduler created 
2022-09-08 12:36:50,424: INFO [Quartz.Simpl.RAMJobStore] - RAMJobStore initialized. 
2022-09-08 12:36:50,436: INFO [Quartz.Core.QuartzScheduler] - Scheduler meta-data: Quartz Scheduler (v3.4.0.0) 'DefaultQuartzScheduler' with instanceId 'NON_CLUSTERED'
  Scheduler class: 'Quartz.Core.QuartzScheduler' - running locally.
  NOT STARTED.
  Currently in standby mode.
  Number of jobs executed: 0
  Using thread pool 'Quartz.Simpl.DefaultThreadPool' - with 10 threads.
  Using job-store 'Quartz.Simpl.RAMJobStore' - which does not support persistence. and is not clustered.
 
2022-09-08 12:36:50,443: INFO [Quartz.Impl.StdSchedulerFactory] - Quartz scheduler 'DefaultQuartzScheduler' initialized 
2022-09-08 12:36:50,448: INFO [Quartz.Impl.StdSchedulerFactory] - Quartz scheduler version: 3.4.0.0 
2022-09-08 12:36:50,477: INFO [Quartz.Core.QuartzScheduler] - Scheduler DefaultQuartzScheduler_$_NON_CLUSTERED started. 
2022-09-08 12:36:50,481: INFO [C:\Users\elsto\Documents\GitHub\PowerPeg-SQL-to-CSV\project\PowerPeg-SQL-to-CSV\PowerPeg-SQL-to-CSV\ProcessTask\BackgroundScheduler.cs] - Background Scheduler is running 
2022-09-08 12:36:50,573: DEBUG [Quartz.Core.QuartzSchedulerThread] - Batch acquisition of 0 triggers 
2022-09-08 12:36:50,609: DEBUG [Quartz.Core.QuartzSchedulerThread] - Batch acquisition of 1 triggers 
2022-09-08 12:36:50,694: DEBUG [Quartz.Simpl.SimpleJobFactory] - Producing instance of Job 'DEFAULT.99a54220-fc10-44e7-b534-6137d9d4e6d6', class=PowerPeg_SQL_to_CSV.ProcessTask.BackgroundProcessingJob 
2022-09-08 12:36:50,713: DEBUG [Quartz.Core.QuartzSchedulerThread] - Batch acquisition of 0 triggers 
2022-09-08 12:36:50,798: DEBUG [Quartz.Core.JobRunShell] - Calling Execute on job DEFAULT.99a54220-fc10-44e7-b534-6137d9d4e6d6 
2022-09-08 12:36:50,828: INFO [C:\Users\elsto\Documents\GitHub\PowerPeg-SQL-to-CSV\project\PowerPeg-SQL-to-CSV\PowerPeg-SQL-to-CSV\ProcessTask\BackgroundProcessingJob.cs] - Backround job is created and running: DEFAULT.99a54220-fc10-44e7-b534-6137d9d4e6d6, UTCFiretime: 9/8/2022 4:36:50 AM +00:00 
2022-09-08 12:36:50,838: INFO [C:\Users\elsto\Documents\GitHub\PowerPeg-SQL-to-CSV\project\PowerPeg-SQL-to-CSV\PowerPeg-SQL-to-CSV\Gateway\JSONGateway.cs] - Import tasklist data 
2022-09-08 12:36:50,841: INFO [C:\Users\elsto\Documents\GitHub\PowerPeg-SQL-to-CSV\project\PowerPeg-SQL-to-CSV\PowerPeg-SQL-to-CSV\Gateway\JSONGateway.cs] - Import C:\Users\elsto\Documents\GitHub\PowerPeg-SQL-to-CSV\project\PowerPeg-SQL-to-CSV\App-UI\bin\Release\net6.0-windows\scheduledTask.json Json data 
2022-09-08 12:36:50,847: INFO [C:\Users\elsto\Documents\GitHub\PowerPeg-SQL-to-CSV\project\PowerPeg-SQL-to-CSV\PowerPeg-SQL-to-CSV\Gateway\JSONGateway.cs] - Finished import tasklist 
2022-09-08 12:36:50,853: INFO [C:\Users\elsto\Documents\GitHub\PowerPeg-SQL-to-CSV\project\PowerPeg-SQL-to-CSV\PowerPeg-SQL-to-CSV\ProcessTask\BackgroundProcessingJob.cs] - Finished background job, save the search task state 
2022-09-08 12:36:50,858: INFO [C:\Users\elsto\Documents\GitHub\PowerPeg-SQL-to-CSV\project\PowerPeg-SQL-to-CSV\PowerPeg-SQL-to-CSV\Gateway\JSONGateway.cs] - Update JSON tasklist data 
2022-09-08 12:36:50,865: DEBUG [C:\Users\elsto\Documents\GitHub\PowerPeg-SQL-to-CSV\project\PowerPeg-SQL-to-CSV\PowerPeg-SQL-to-CSV\Gateway\JSONGateway.cs] - Update C:\Users\elsto\Documents\GitHub\PowerPeg-SQL-to-CSV\project\PowerPeg-SQL-to-CSV\App-UI\bin\Release\net6.0-windows\scheduledTask.json JSON data 
2022-09-08 12:36:50,928: DEBUG [Quartz.Core.JobRunShell] - Trigger instruction : NoInstruction 
2022-09-08 12:36:50,939: DEBUG [Quartz.Core.QuartzSchedulerThread] - Batch acquisition of 1 triggers 
2022-09-08 12:36:53,254: INFO [C:\Users\elsto\Documents\GitHub\PowerPeg-SQL-to-CSV\project\PowerPeg-SQL-to-CSV\App-UI\GlobalFunction.cs] - Closing background task. 
2022-09-08 12:36:53,259: DEBUG [C:\Users\elsto\Documents\GitHub\PowerPeg-SQL-to-CSV\project\PowerPeg-SQL-to-CSV\PowerPeg-SQL-to-CSV\MainFunction.cs] - Run stopBackgroundJob 
2022-09-08 12:36:53,261: DEBUG [C:\Users\elsto\Documents\GitHub\PowerPeg-SQL-to-CSV\project\PowerPeg-SQL-to-CSV\PowerPeg-SQL-to-CSV\MainFunction.cs] - Have background task, stopping background task 
2022-09-08 12:36:53,270: INFO [C:\Users\elsto\Documents\GitHub\PowerPeg-SQL-to-CSV\project\PowerPeg-SQL-to-CSV\PowerPeg-SQL-to-CSV\ProcessTask\BackgroundScheduler.cs] - Scheduler Stopped 
2022-09-08 12:36:53,279: INFO [Quartz.Core.QuartzScheduler] - Scheduler DefaultQuartzScheduler_$_NON_CLUSTERED shutting down. 
2022-09-08 12:36:53,286: INFO [Quartz.Core.QuartzScheduler] - Scheduler DefaultQuartzScheduler_$_NON_CLUSTERED paused. 
2022-09-08 12:36:53,299: DEBUG [Quartz.Simpl.TaskSchedulingThreadPool] - Shutting down threadpool... 
2022-09-08 12:36:53,302: DEBUG [Quartz.Simpl.TaskSchedulingThreadPool] - Waiting for 0 threads to complete. 
2022-09-08 12:36:53,303: DEBUG [Quartz.Simpl.TaskSchedulingThreadPool] - No executing jobs remaining, all threads stopped. 
2022-09-08 12:36:53,305: DEBUG [Quartz.Simpl.TaskSchedulingThreadPool] - Shutdown of threadpool complete. 
2022-09-08 12:36:53,315: INFO [Quartz.Core.QuartzScheduler] - Scheduler DefaultQuartzScheduler_$_NON_CLUSTERED Shutdown complete. 
2022-09-08 12:36:56,316: INFO [C:\Users\elsto\Documents\GitHub\PowerPeg-SQL-to-CSV\project\PowerPeg-SQL-to-CSV\App-UI\GlobalFunction.cs] - Appication closing. 
2022-09-08 12:36:56,343: INFO [C:\Users\elsto\Documents\GitHub\PowerPeg-SQL-to-CSV\project\PowerPeg-SQL-to-CSV\App-UI\Program.cs] - UI Application shut down. 
